[ 2016-07-17T00:11:23+08:00 ] 23.251.63.45 www.alipay.com:443
INFO: [ app_init ] --START--
INFO: Run Behavior\BuildLiteBehavior [ RunTime:0.000020s ]
INFO: [ app_init ] --END-- [ RunTime:0.000153s ]
INFO: [ app_begin ] --START--
INFO: Run Behavior\ReadHtmlCacheBehavior [ RunTime:0.000108s ]
INFO: [ app_begin ] --END-- [ RunTime:0.000149s ]
INFO: [ action_begin ] --START--
INFO: Run Home\Behavior\blogInitBehavior [ RunTime:0.001943s ]
INFO: [ action_begin ] --END-- [ RunTime:0.001991s ]
INFO: [ view_parse ] --START--
INFO: [ template_filter ] --START--
INFO: Run Behavior\ContentReplaceBehavior [ RunTime:0.000042s ]
INFO: [ template_filter ] --END-- [ RunTime:0.000080s ]
NOTIC: [8] Undefined variable: pageTitle /var/www/html/blog/Application/Runtime/Cache/Home/769e70f2e46f34ceb60619bbda5e4691.php 第 9 行.
NOTIC: [8] Undefined variable: pagination /var/www/html/blog/Application/Runtime/Cache/Home/769e70f2e46f34ceb60619bbda5e4691.php 第 70 行.
INFO: Run Behavior\ParseTemplateBehavior [ RunTime:0.007107s ]
INFO: [ view_parse ] --END-- [ RunTime:0.007148s ]
INFO: [ view_filter ] --START--
INFO: Run Behavior\WriteHtmlCacheBehavior [ RunTime:0.000103s ]
INFO: [ view_filter ] --END-- [ RunTime:0.000133s ]
INFO: [ app_end ] --START--
INFO: Run Behavior\ShowPageTraceBehavior [ RunTime:0.000105s ]
INFO: [ app_end ] --END-- [ RunTime:0.000137s ]

[ 2016-07-17T00:11:40+08:00 ] 23.251.63.45 http://fr.cyberpods.net/
INFO: [ app_init ] --START--
INFO: Run Behavior\BuildLiteBehavior [ RunTime:0.000018s ]
INFO: [ app_init ] --END-- [ RunTime:0.000149s ]
INFO: [ app_begin ] --START--
INFO: Run Behavior\ReadHtmlCacheBehavior [ RunTime:0.000114s ]
INFO: [ app_begin ] --END-- [ RunTime:0.000157s ]
INFO: [ action_begin ] --START--
INFO: Run Home\Behavior\blogInitBehavior [ RunTime:0.002035s ]
INFO: [ action_begin ] --END-- [ RunTime:0.002083s ]
INFO: [ view_parse ] --START--
INFO: [ template_filter ] --START--
INFO: Run Behavior\ContentReplaceBehavior [ RunTime:0.000036s ]
INFO: [ template_filter ] --END-- [ RunTime:0.000078s ]
NOTIC: [8] Undefined variable: pageTitle /var/www/html/blog/Application/Runtime/Cache/Home/769e70f2e46f34ceb60619bbda5e4691.php 第 9 行.
NOTIC: [8] Undefined variable: pagination /var/www/html/blog/Application/Runtime/Cache/Home/769e70f2e46f34ceb60619bbda5e4691.php 第 70 行.
INFO: Run Behavior\ParseTemplateBehavior [ RunTime:0.007290s ]
INFO: [ view_parse ] --END-- [ RunTime:0.007331s ]
INFO: [ view_filter ] --START--
INFO: Run Behavior\WriteHtmlCacheBehavior [ RunTime:0.000102s ]
INFO: [ view_filter ] --END-- [ RunTime:0.000131s ]
INFO: [ app_end ] --START--
INFO: Run Behavior\ShowPageTraceBehavior [ RunTime:0.000104s ]
INFO: [ app_end ] --END-- [ RunTime:0.000137s ]

[ 2016-07-17T00:11:40+08:00 ] 23.251.63.45 www.alipay.com:443
INFO: [ app_init ] --START--
INFO: Run Behavior\BuildLiteBehavior [ RunTime:0.000028s ]
INFO: [ app_init ] --END-- [ RunTime:0.000168s ]
INFO: [ app_begin ] --START--
INFO: Run Behavior\ReadHtmlCacheBehavior [ RunTime:0.000096s ]
INFO: [ app_begin ] --END-- [ RunTime:0.000137s ]
INFO: [ action_begin ] --START--
INFO: Run Home\Behavior\blogInitBehavior [ RunTime:0.001932s ]
INFO: [ action_begin ] --END-- [ RunTime:0.001983s ]
INFO: [ view_parse ] --START--
INFO: [ template_filter ] --START--
INFO: Run Behavior\ContentReplaceBehavior [ RunTime:0.000036s ]
INFO: [ template_filter ] --END-- [ RunTime:0.000078s ]
NOTIC: [8] Undefined variable: pageTitle /var/www/html/blog/Application/Runtime/Cache/Home/769e70f2e46f34ceb60619bbda5e4691.php 第 9 行.
NOTIC: [8] Undefined variable: pagination /var/www/html/blog/Application/Runtime/Cache/Home/769e70f2e46f34ceb60619bbda5e4691.php 第 70 行.
INFO: Run Behavior\ParseTemplateBehavior [ RunTime:0.007088s ]
INFO: [ view_parse ] --END-- [ RunTime:0.007129s ]
INFO: [ view_filter ] --START--
INFO: Run Behavior\WriteHtmlCacheBehavior [ RunTime:0.000090s ]
INFO: [ view_filter ] --END-- [ RunTime:0.000119s ]
INFO: [ app_end ] --START--
INFO: Run Behavior\ShowPageTraceBehavior [ RunTime:0.000092s ]
INFO: [ app_end ] --END-- [ RunTime:0.000124s ]

[ 2016-07-17T00:44:36+08:00 ] 107.151.226.203 www.baidu.com:443
INFO: [ app_init ] --START--
INFO: Run Behavior\BuildLiteBehavior [ RunTime:0.000020s ]
INFO: [ app_init ] --END-- [ RunTime:0.000168s ]
INFO: [ app_begin ] --START--
INFO: Run Behavior\ReadHtmlCacheBehavior [ RunTime:0.000108s ]
INFO: [ app_begin ] --END-- [ RunTime:0.000148s ]
INFO: [ action_begin ] --START--
INFO: Run Home\Behavior\blogInitBehavior [ RunTime:0.001959s ]
INFO: [ action_begin ] --END-- [ RunTime:0.002007s ]
INFO: [ view_parse ] --START--
INFO: [ template_filter ] --START--
INFO: Run Behavior\ContentReplaceBehavior [ RunTime:0.000059s ]
INFO: [ template_filter ] --END-- [ RunTime:0.000122s ]
NOTIC: [8] Undefined variable: pageTitle /var/www/html/blog/Application/Runtime/Cache/Home/769e70f2e46f34ceb60619bbda5e4691.php 第 9 行.
NOTIC: [8] Undefined variable: pagination /var/www/html/blog/Application/Runtime/Cache/Home/769e70f2e46f34ceb60619bbda5e4691.php 第 70 行.
INFO: Run Behavior\ParseTemplateBehavior [ RunTime:0.007488s ]
INFO: [ view_parse ] --END-- [ RunTime:0.007529s ]
INFO: [ view_filter ] --START--
INFO: Run Behavior\WriteHtmlCacheBehavior [ RunTime:0.000111s ]
INFO: [ view_filter ] --END-- [ RunTime:0.000142s ]
INFO: [ app_end ] --START--
INFO: Run Behavior\ShowPageTraceBehavior [ RunTime:0.000106s ]
INFO: [ app_end ] --END-- [ RunTime:0.000140s ]

[ 2016-07-17T01:04:42+08:00 ] 123.151.42.61 http://www.baidu.com/
INFO: [ app_init ] --START--
INFO: Run Behavior\BuildLiteBehavior [ RunTime:0.000019s ]
INFO: [ app_init ] --END-- [ RunTime:0.000159s ]
INFO: [ app_begin ] --START--
INFO: Run Behavior\ReadHtmlCacheBehavior [ RunTime:0.000125s ]
INFO: [ app_begin ] --END-- [ RunTime:0.000167s ]
INFO: [ action_begin ] --START--
INFO: Run Home\Behavior\blogInitBehavior [ RunTime:0.002293s ]
INFO: [ action_begin ] --END-- [ RunTime:0.002367s ]
INFO: [ view_parse ] --START--
INFO: [ template_filter ] --START--
INFO: Run Behavior\ContentReplaceBehavior [ RunTime:0.000039s ]
INFO: [ template_filter ] --END-- [ RunTime:0.000077s ]
NOTIC: [8] Undefined variable: pageTitle /var/www/html/blog/Application/Runtime/Cache/Home/769e70f2e46f34ceb60619bbda5e4691.php 第 9 行.
NOTIC: [8] Undefined variable: pagination /var/www/html/blog/Application/Runtime/Cache/Home/769e70f2e46f34ceb60619bbda5e4691.php 第 70 行.
INFO: Run Behavior\ParseTemplateBehavior [ RunTime:0.007389s ]
INFO: [ view_parse ] --END-- [ RunTime:0.007432s ]
INFO: [ view_filter ] --START--
INFO: Run Behavior\WriteHtmlCacheBehavior [ RunTime:0.000104s ]
INFO: [ view_filter ] --END-- [ RunTime:0.000134s ]
INFO: [ app_end ] --START--
INFO: Run Behavior\ShowPageTraceBehavior [ RunTime:0.000106s ]
INFO: [ app_end ] --END-- [ RunTime:0.000140s ]

[ 2016-07-17T01:20:29+08:00 ] 107.151.226.203 www.baidu.com:443
INFO: [ app_init ] --START--
INFO: Run Behavior\BuildLiteBehavior [ RunTime:0.000021s ]
INFO: [ app_init ] --END-- [ RunTime:0.000159s ]
INFO: [ app_begin ] --START--
INFO: Run Behavior\ReadHtmlCacheBehavior [ RunTime:0.000109s ]
INFO: [ app_begin ] --END-- [ RunTime:0.000150s ]
INFO: [ action_begin ] --START--
INFO: Run Home\Behavior\blogInitBehavior [ RunTime:0.001920s ]
INFO: [ action_begin ] --END-- [ RunTime:0.001969s ]
INFO: [ view_parse ] --START--
INFO: [ template_filter ] --START--
INFO: Run Behavior\ContentReplaceBehavior [ RunTime:0.000048s ]
INFO: [ template_filter ] --END-- [ RunTime:0.000103s ]
NOTIC: [8] Undefined variable: pageTitle /var/www/html/blog/Application/Runtime/Cache/Home/769e70f2e46f34ceb60619bbda5e4691.php 第 9 行.
NOTIC: [8] Undefined variable: pagination /var/www/html/blog/Application/Runtime/Cache/Home/769e70f2e46f34ceb60619bbda5e4691.php 第 70 行.
INFO: Run Behavior\ParseTemplateBehavior [ RunTime:0.007824s ]
INFO: [ view_parse ] --END-- [ RunTime:0.007866s ]
INFO: [ view_filter ] --START--
INFO: Run Behavior\WriteHtmlCacheBehavior [ RunTime:0.000109s ]
INFO: [ view_filter ] --END-- [ RunTime:0.000140s ]
INFO: [ app_end ] --START--
INFO: Run Behavior\ShowPageTraceBehavior [ RunTime:0.000109s ]
INFO: [ app_end ] --END-- [ RunTime:0.000142s ]

[ 2016-07-17T01:44:42+08:00 ] 107.151.226.203 www.baidu.com:443
INFO: [ app_init ] --START--
INFO: Run Behavior\BuildLiteBehavior [ RunTime:0.000021s ]
INFO: [ app_init ] --END-- [ RunTime:0.000159s ]
INFO: [ app_begin ] --START--
INFO: Run Behavior\ReadHtmlCacheBehavior [ RunTime:0.000125s ]
INFO: [ app_begin ] --END-- [ RunTime:0.000175s ]
INFO: [ action_begin ] --START--
INFO: Run Home\Behavior\blogInitBehavior [ RunTime:0.002274s ]
INFO: [ action_begin ] --END-- [ RunTime:0.002334s ]
INFO: [ view_parse ] --START--
INFO: [ template_filter ] --START--
INFO: Run Behavior\ContentReplaceBehavior [ RunTime:0.000041s ]
INFO: [ template_filter ] --END-- [ RunTime:0.000078s ]
NOTIC: [8] Undefined variable: pageTitle /var/www/html/blog/Application/Runtime/Cache/Home/769e70f2e46f34ceb60619bbda5e4691.php 第 9 行.
NOTIC: [8] Undefined variable: pagination /var/www/html/blog/Application/Runtime/Cache/Home/769e70f2e46f34ceb60619bbda5e4691.php 第 70 行.
INFO: Run Behavior\ParseTemplateBehavior [ RunTime:0.007106s ]
INFO: [ view_parse ] --END-- [ RunTime:0.007147s ]
INFO: [ view_filter ] --START--
INFO: Run Behavior\WriteHtmlCacheBehavior [ RunTime:0.000102s ]
INFO: [ view_filter ] --END-- [ RunTime:0.000131s ]
INFO: [ app_end ] --START--
INFO: Run Behavior\ShowPageTraceBehavior [ RunTime:0.000105s ]
INFO: [ app_end ] --END-- [ RunTime:0.000138s ]

[ 2016-07-17T01:54:50+08:00 ] 23.251.63.45 www.baidu.com:443
INFO: [ app_init ] --START--
INFO: Run Behavior\BuildLiteBehavior [ RunTime:0.000022s ]
INFO: [ app_init ] --END-- [ RunTime:0.000167s ]
INFO: [ app_begin ] --START--
INFO: Run Behavior\ReadHtmlCacheBehavior [ RunTime:0.000190s ]
INFO: [ app_begin ] --END-- [ RunTime:0.000260s ]
INFO: [ action_begin ] --START--
INFO: Run Home\Behavior\blogInitBehavior [ RunTime:0.002110s ]
INFO: [ action_begin ] --END-- [ RunTime:0.002185s ]
INFO: [ view_parse ] --START--
INFO: [ template_filter ] --START--
INFO: Run Behavior\ContentReplaceBehavior [ RunTime:0.000046s ]
INFO: [ template_filter ] --END-- [ RunTime:0.000091s ]
NOTIC: [8] Undefined variable: pageTitle /var/www/html/blog/Application/Runtime/Cache/Home/769e70f2e46f34ceb60619bbda5e4691.php 第 9 行.
NOTIC: [8] Undefined variable: pagination /var/www/html/blog/Application/Runtime/Cache/Home/769e70f2e46f34ceb60619bbda5e4691.php 第 70 行.
INFO: Run Behavior\ParseTemplateBehavior [ RunTime:0.007844s ]
INFO: [ view_parse ] --END-- [ RunTime:0.007888s ]
INFO: [ view_filter ] --START--
INFO: Run Behavior\WriteHtmlCacheBehavior [ RunTime:0.000104s ]
INFO: [ view_filter ] --END-- [ RunTime:0.000134s ]
INFO: [ app_end ] --START--
INFO: Run Behavior\ShowPageTraceBehavior [ RunTime:0.000107s ]
INFO: [ app_end ] --END-- [ RunTime:0.000141s ]

[ 2016-07-17T02:12:08+08:00 ] 107.151.226.203 www.alipay.com:443
INFO: [ app_init ] --START--
INFO: Run Behavior\BuildLiteBehavior [ RunTime:0.000022s ]
INFO: [ app_init ] --END-- [ RunTime:0.000160s ]
INFO: [ app_begin ] --START--
INFO: Run Behavior\ReadHtmlCacheBehavior [ RunTime:0.000113s ]
INFO: [ app_begin ] --END-- [ RunTime:0.000153s ]
INFO: [ action_begin ] --START--
INFO: Run Home\Behavior\blogInitBehavior [ RunTime:0.002008s ]
INFO: [ action_begin ] --END-- [ RunTime:0.002055s ]
INFO: [ view_parse ] --START--
INFO: [ template_filter ] --START--
INFO: Run Behavior\ContentReplaceBehavior [ RunTime:0.000046s ]
INFO: [ template_filter ] --END-- [ RunTime:0.000100s ]
NOTIC: [8] Undefined variable: pageTitle /var/www/html/blog/Application/Runtime/Cache/Home/769e70f2e46f34ceb60619bbda5e4691.php 第 9 行.
NOTIC: [8] Undefined variable: pagination /var/www/html/blog/Application/Runtime/Cache/Home/769e70f2e46f34ceb60619bbda5e4691.php 第 70 行.
INFO: Run Behavior\ParseTemplateBehavior [ RunTime:0.007781s ]
INFO: [ view_parse ] --END-- [ RunTime:0.007823s ]
INFO: [ view_filter ] --START--
INFO: Run Behavior\WriteHtmlCacheBehavior [ RunTime:0.000103s ]
INFO: [ view_filter ] --END-- [ RunTime:0.000133s ]
INFO: [ app_end ] --START--
INFO: Run Behavior\ShowPageTraceBehavior [ RunTime:0.000107s ]
INFO: [ app_end ] --END-- [ RunTime:0.000141s ]

[ 2016-07-17T02:38:08+08:00 ] 107.151.226.203 www.alipay.com:443
INFO: [ app_init ] --START--
INFO: Run Behavior\BuildLiteBehavior [ RunTime:0.000021s ]
INFO: [ app_init ] --END-- [ RunTime:0.000153s ]
INFO: [ app_begin ] --START--
INFO: Run Behavior\ReadHtmlCacheBehavior [ RunTime:0.000109s ]
INFO: [ app_begin ] --END-- [ RunTime:0.000150s ]
INFO: [ action_begin ] --START--
INFO: Run Home\Behavior\blogInitBehavior [ RunTime:0.001927s ]
INFO: [ action_begin ] --END-- [ RunTime:0.001974s ]
INFO: [ view_parse ] --START--
INFO: [ template_filter ] --START--
INFO: Run Behavior\ContentReplaceBehavior [ RunTime:0.000050s ]
INFO: [ template_filter ] --END-- [ RunTime:0.000109s ]
NOTIC: [8] Undefined variable: pageTitle /var/www/html/blog/Application/Runtime/Cache/Home/769e70f2e46f34ceb60619bbda5e4691.php 第 9 行.
NOTIC: [8] Undefined variable: pagination /var/www/html/blog/Application/Runtime/Cache/Home/769e70f2e46f34ceb60619bbda5e4691.php 第 70 行.
INFO: Run Behavior\ParseTemplateBehavior [ RunTime:0.007634s ]
INFO: [ view_parse ] --END-- [ RunTime:0.007677s ]
INFO: [ view_filter ] --START--
INFO: Run Behavior\WriteHtmlCacheBehavior [ RunTime:0.000111s ]
INFO: [ view_filter ] --END-- [ RunTime:0.000141s ]
INFO: [ app_end ] --START--
INFO: Run Behavior\ShowPageTraceBehavior [ RunTime:0.000108s ]
INFO: [ app_end ] --END-- [ RunTime:0.000141s ]

[ 2016-07-17T02:44:22+08:00 ] 23.251.63.45 www.baidu.com:443
INFO: [ app_init ] --START--
INFO: Run Behavior\BuildLiteBehavior [ RunTime:0.000021s ]
INFO: [ app_init ] --END-- [ RunTime:0.000153s ]
INFO: [ app_begin ] --START--
INFO: Run Behavior\ReadHtmlCacheBehavior [ RunTime:0.000108s ]
INFO: [ app_begin ] --END-- [ RunTime:0.000149s ]
INFO: [ action_begin ] --START--
INFO: Run Home\Behavior\blogInitBehavior [ RunTime:0.001950s ]
INFO: [ action_begin ] --END-- [ RunTime:0.001998s ]
INFO: [ view_parse ] --START--
INFO: [ template_filter ] --START--
INFO: Run Behavior\ContentReplaceBehavior [ RunTime:0.000043s ]
INFO: [ template_filter ] --END-- [ RunTime:0.000081s ]
NOTIC: [8] Undefined variable: pageTitle /var/www/html/blog/Application/Runtime/Cache/Home/769e70f2e46f34ceb60619bbda5e4691.php 第 9 行.
NOTIC: [8] Undefined variable: pagination /var/www/html/blog/Application/Runtime/Cache/Home/769e70f2e46f34ceb60619bbda5e4691.php 第 70 行.
INFO: Run Behavior\ParseTemplateBehavior [ RunTime:0.007017s ]
INFO: [ view_parse ] --END-- [ RunTime:0.007058s ]
INFO: [ view_filter ] --START--
INFO: Run Behavior\WriteHtmlCacheBehavior [ RunTime:0.000103s ]
INFO: [ view_filter ] --END-- [ RunTime:0.000132s ]
INFO: [ app_end ] --START--
INFO: Run Behavior\ShowPageTraceBehavior [ RunTime:0.000104s ]
INFO: [ app_end ] --END-- [ RunTime:0.000138s ]

[ 2016-07-17T02:44:30+08:00 ] 23.251.63.45 www.baidu.com:443
INFO: [ app_init ] --START--
INFO: Run Behavior\BuildLiteBehavior [ RunTime:0.000021s ]
INFO: [ app_init ] --END-- [ RunTime:0.000159s ]
INFO: [ app_begin ] --START--
INFO: Run Behavior\ReadHtmlCacheBehavior [ RunTime:0.000160s ]
INFO: [ app_begin ] --END-- [ RunTime:0.000214s ]
INFO: [ action_begin ] --START--
INFO: Run Home\Behavior\blogInitBehavior [ RunTime:0.001978s ]
INFO: [ action_begin ] --END-- [ RunTime:0.002028s ]
INFO: [ view_parse ] --START--
INFO: [ template_filter ] --START--
INFO: Run Behavior\ContentReplaceBehavior [ RunTime:0.000056s ]
INFO: [ template_filter ] --END-- [ RunTime:0.000117s ]
NOTIC: [8] Undefined variable: pageTitle /var/www/html/blog/Application/Runtime/Cache/Home/769e70f2e46f34ceb60619bbda5e4691.php 第 9 行.
NOTIC: [8] Undefined variable: pagination /var/www/html/blog/Application/Runtime/Cache/Home/769e70f2e46f34ceb60619bbda5e4691.php 第 70 行.
INFO: Run Behavior\ParseTemplateBehavior [ RunTime:0.007912s ]
INFO: [ view_parse ] --END-- [ RunTime:0.007954s ]
INFO: [ view_filter ] --START--
INFO: Run Behavior\WriteHtmlCacheBehavior [ RunTime:0.000113s ]
INFO: [ view_filter ] --END-- [ RunTime:0.000143s ]
INFO: [ app_end ] --START--
INFO: Run Behavior\ShowPageTraceBehavior [ RunTime:0.000109s ]
INFO: [ app_end ] --END-- [ RunTime:0.000142s ]

[ 2016-07-17T03:02:04+08:00 ] 69.30.232.18 /
INFO: [ app_init ] --START--
INFO: Run Behavior\BuildLiteBehavior [ RunTime:0.000019s ]
INFO: [ app_init ] --END-- [ RunTime:0.000165s ]
INFO: [ app_begin ] --START--
INFO: Run Behavior\ReadHtmlCacheBehavior [ RunTime:0.000115s ]
INFO: [ app_begin ] --END-- [ RunTime:0.000155s ]
INFO: [ action_begin ] --START--
INFO: Run Home\Behavior\blogInitBehavior [ RunTime:0.001974s ]
INFO: [ action_begin ] --END-- [ RunTime:0.002022s ]
INFO: [ view_parse ] --START--
INFO: [ template_filter ] --START--
INFO: Run Behavior\ContentReplaceBehavior [ RunTime:0.000036s ]
INFO: [ template_filter ] --END-- [ RunTime:0.000074s ]
NOTIC: [8] Undefined variable: pageTitle /var/www/html/blog/Application/Runtime/Cache/Home/769e70f2e46f34ceb60619bbda5e4691.php 第 9 行.
NOTIC: [8] Undefined variable: pagination /var/www/html/blog/Application/Runtime/Cache/Home/769e70f2e46f34ceb60619bbda5e4691.php 第 70 行.
INFO: Run Behavior\ParseTemplateBehavior [ RunTime:0.007181s ]
INFO: [ view_parse ] --END-- [ RunTime:0.007224s ]
INFO: [ view_filter ] --START--
INFO: Run Behavior\WriteHtmlCacheBehavior [ RunTime:0.000102s ]
INFO: [ view_filter ] --END-- [ RunTime:0.000132s ]
INFO: [ app_end ] --START--
INFO: Run Behavior\ShowPageTraceBehavior [ RunTime:0.000105s ]
INFO: [ app_end ] --END-- [ RunTime:0.000138s ]

[ 2016-07-17T03:37:36+08:00 ] 23.251.63.45 www.alipay.com:443
INFO: [ app_init ] --START--
INFO: Run Behavior\BuildLiteBehavior [ RunTime:0.000021s ]
INFO: [ app_init ] --END-- [ RunTime:0.000158s ]
INFO: [ app_begin ] --START--
INFO: Run Behavior\ReadHtmlCacheBehavior [ RunTime:0.000112s ]
INFO: [ app_begin ] --END-- [ RunTime:0.000153s ]
INFO: [ action_begin ] --START--
INFO: Run Home\Behavior\blogInitBehavior [ RunTime:0.001947s ]
INFO: [ action_begin ] --END-- [ RunTime:0.001996s ]
INFO: [ view_parse ] --START--
INFO: [ template_filter ] --START--
INFO: Run Behavior\ContentReplaceBehavior [ RunTime:0.000046s ]
INFO: [ template_filter ] --END-- [ RunTime:0.000089s ]
NOTIC: [8] Undefined variable: pageTitle /var/www/html/blog/Application/Runtime/Cache/Home/769e70f2e46f34ceb60619bbda5e4691.php 第 9 行.
NOTIC: [8] Undefined variable: pagination /var/www/html/blog/Application/Runtime/Cache/Home/769e70f2e46f34ceb60619bbda5e4691.php 第 70 行.
INFO: Run Behavior\ParseTemplateBehavior [ RunTime:0.007597s ]
INFO: [ view_parse ] --END-- [ RunTime:0.007647s ]
INFO: [ view_filter ] --START--
INFO: Run Behavior\WriteHtmlCacheBehavior [ RunTime:0.000116s ]
INFO: [ view_filter ] --END-- [ RunTime:0.000148s ]
INFO: [ app_end ] --START--
INFO: Run Behavior\ShowPageTraceBehavior [ RunTime:0.000109s ]
INFO: [ app_end ] --END-- [ RunTime:0.000143s ]

[ 2016-07-17T06:03:32+08:00 ] 42.156.251.187 /
INFO: [ app_init ] --START--
INFO: Run Behavior\BuildLiteBehavior [ RunTime:0.000018s ]
INFO: [ app_init ] --END-- [ RunTime:0.000148s ]
INFO: [ app_begin ] --START--
INFO: Run Behavior\ReadHtmlCacheBehavior [ RunTime:0.000115s ]
INFO: [ app_begin ] --END-- [ RunTime:0.000155s ]
INFO: [ action_begin ] --START--
INFO: Run Home\Behavior\blogInitBehavior [ RunTime:0.001942s ]
INFO: [ action_begin ] --END-- [ RunTime:0.001995s ]
INFO: [ view_parse ] --START--
INFO: [ template_filter ] --START--
INFO: Run Behavior\ContentReplaceBehavior [ RunTime:0.000041s ]
INFO: [ template_filter ] --END-- [ RunTime:0.000085s ]
NOTIC: [8] Undefined variable: pageTitle /var/www/html/blog/Application/Runtime/Cache/Home/769e70f2e46f34ceb60619bbda5e4691.php 第 9 行.
NOTIC: [8] Undefined variable: pagination /var/www/html/blog/Application/Runtime/Cache/Home/769e70f2e46f34ceb60619bbda5e4691.php 第 70 行.
INFO: Run Behavior\ParseTemplateBehavior [ RunTime:0.007275s ]
INFO: [ view_parse ] --END-- [ RunTime:0.007316s ]
INFO: [ view_filter ] --START--
INFO: Run Behavior\WriteHtmlCacheBehavior [ RunTime:0.000104s ]
INFO: [ view_filter ] --END-- [ RunTime:0.000134s ]
INFO: [ app_end ] --START--
INFO: Run Behavior\ShowPageTraceBehavior [ RunTime:0.000106s ]
INFO: [ app_end ] --END-- [ RunTime:0.000139s ]

[ 2016-07-17T06:15:40+08:00 ] 60.191.52.254 http://wap.ip138.com/
INFO: [ app_init ] --START--
INFO: Run Behavior\BuildLiteBehavior [ RunTime:0.000029s ]
INFO: [ app_init ] --END-- [ RunTime:0.000204s ]
INFO: [ app_begin ] --START--
INFO: Run Behavior\ReadHtmlCacheBehavior [ RunTime:0.000182s ]
INFO: [ app_begin ] --END-- [ RunTime:0.000236s ]
INFO: [ action_begin ] --START--
INFO: Run Home\Behavior\blogInitBehavior [ RunTime:0.002442s ]
INFO: [ action_begin ] --END-- [ RunTime:0.002502s ]
INFO: [ view_parse ] --START--
INFO: [ template_filter ] --START--
INFO: Run Behavior\ContentReplaceBehavior [ RunTime:0.000038s ]
INFO: [ template_filter ] --END-- [ RunTime:0.000077s ]
NOTIC: [8] Undefined variable: pageTitle /var/www/html/blog/Application/Runtime/Cache/Home/769e70f2e46f34ceb60619bbda5e4691.php 第 9 行.
NOTIC: [8] Undefined variable: pagination /var/www/html/blog/Application/Runtime/Cache/Home/769e70f2e46f34ceb60619bbda5e4691.php 第 70 行.
INFO: Run Behavior\ParseTemplateBehavior [ RunTime:0.007272s ]
INFO: [ view_parse ] --END-- [ RunTime:0.007313s ]
INFO: [ view_filter ] --START--
INFO: Run Behavior\WriteHtmlCacheBehavior [ RunTime:0.000102s ]
INFO: [ view_filter ] --END-- [ RunTime:0.000132s ]
INFO: 
INFO: 
INFO: 

[ 2016-07-17T06:54:37+08:00 ] 23.251.63.45 www.alipay.com:443
INFO: [ app_init ] --START--
INFO: Run Behavior\BuildLiteBehavior [ RunTime:0.000022s ]
INFO: [ app_init ] --END-- [ RunTime:0.000158s ]
INFO: [ app_begin ] --START--
INFO: Run Behavior\ReadHtmlCacheBehavior [ RunTime:0.009720s ]
INFO: [ app_begin ] --END-- [ RunTime:0.009787s ]
INFO: [ action_begin ] --START--
INFO: Run Home\Behavior\blogInitBehavior [ RunTime:0.087544s ]
INFO: [ action_begin ] --END-- [ RunTime:0.087629s ]
INFO: [ view_parse ] --START--
INFO: [ template_filter ] --START--
INFO: Run Behavior\ContentReplaceBehavior [ RunTime:0.000043s ]
INFO: [ template_filter ] --END-- [ RunTime:0.000104s ]
NOTIC: [8] Undefined variable: pageTitle /var/www/html/blog/Application/Runtime/Cache/Home/769e70f2e46f34ceb60619bbda5e4691.php 第 9 行.
NOTIC: [8] Undefined variable: pagination /var/www/html/blog/Application/Runtime/Cache/Home/769e70f2e46f34ceb60619bbda5e4691.php 第 70 行.
INFO: Run Behavior\ParseTemplateBehavior [ RunTime:0.322331s ]
INFO: [ view_parse ] --END-- [ RunTime:0.322384s ]
INFO: [ view_filter ] --START--
INFO: Run Behavior\WriteHtmlCacheBehavior [ RunTime:0.013899s ]
INFO: [ view_filter ] --END-- [ RunTime:0.013960s ]
INFO: [ app_end ] --START--
INFO: Run Behavior\ShowPageTraceBehavior [ RunTime:0.001820s ]
INFO: [ app_end ] --END-- [ RunTime:0.001862s ]

[ 2016-07-17T07:26:32+08:00 ] 23.251.63.45 www.baidu.com:443
INFO: [ app_init ] --START--
INFO: Run Behavior\BuildLiteBehavior [ RunTime:0.000022s ]
INFO: [ app_init ] --END-- [ RunTime:0.000160s ]
INFO: [ app_begin ] --START--
INFO: Run Behavior\ReadHtmlCacheBehavior [ RunTime:0.000110s ]
INFO: [ app_begin ] --END-- [ RunTime:0.000150s ]
INFO: [ action_begin ] --START--
INFO: Run Home\Behavior\blogInitBehavior [ RunTime:0.001923s ]
INFO: [ action_begin ] --END-- [ RunTime:0.001972s ]
INFO: [ view_parse ] --START--
INFO: [ template_filter ] --START--
INFO: Run Behavior\ContentReplaceBehavior [ RunTime:0.000036s ]
INFO: [ template_filter ] --END-- [ RunTime:0.000075s ]
NOTIC: [8] Undefined variable: pageTitle /var/www/html/blog/Application/Runtime/Cache/Home/769e70f2e46f34ceb60619bbda5e4691.php 第 9 行.
NOTIC: [8] Undefined variable: pagination /var/www/html/blog/Application/Runtime/Cache/Home/769e70f2e46f34ceb60619bbda5e4691.php 第 70 行.
INFO: Run Behavior\ParseTemplateBehavior [ RunTime:0.007288s ]
INFO: [ view_parse ] --END-- [ RunTime:0.007329s ]
INFO: [ view_filter ] --START--
INFO: Run Behavior\WriteHtmlCacheBehavior [ RunTime:0.000101s ]
INFO: [ view_filter ] --END-- [ RunTime:0.000131s ]
INFO: [ app_end ] --START--
INFO: Run Behavior\ShowPageTraceBehavior [ RunTime:0.000107s ]
INFO: [ app_end ] --END-- [ RunTime:0.000139s ]

[ 2016-07-17T10:26:54+08:00 ] 23.251.63.45 www.alipay.com:443
INFO: [ app_init ] --START--
INFO: Run Behavior\BuildLiteBehavior [ RunTime:0.000023s ]
INFO: [ app_init ] --END-- [ RunTime:0.000158s ]
INFO: [ app_begin ] --START--
INFO: Run Behavior\ReadHtmlCacheBehavior [ RunTime:0.000109s ]
INFO: [ app_begin ] --END-- [ RunTime:0.000149s ]
INFO: [ action_begin ] --START--
INFO: Run Home\Behavior\blogInitBehavior [ RunTime:0.001936s ]
INFO: [ action_begin ] --END-- [ RunTime:0.001984s ]
INFO: [ view_parse ] --START--
INFO: [ template_filter ] --START--
INFO: Run Behavior\ContentReplaceBehavior [ RunTime:0.000035s ]
INFO: [ template_filter ] --END-- [ RunTime:0.000072s ]
NOTIC: [8] Undefined variable: pageTitle /var/www/html/blog/Application/Runtime/Cache/Home/769e70f2e46f34ceb60619bbda5e4691.php 第 9 行.
NOTIC: [8] Undefined variable: pagination /var/www/html/blog/Application/Runtime/Cache/Home/769e70f2e46f34ceb60619bbda5e4691.php 第 70 行.
INFO: Run Behavior\ParseTemplateBehavior [ RunTime:0.007124s ]
INFO: [ view_parse ] --END-- [ RunTime:0.007166s ]
INFO: [ view_filter ] --START--
INFO: Run Behavior\WriteHtmlCacheBehavior [ RunTime:0.000099s ]
INFO: [ view_filter ] --END-- [ RunTime:0.000130s ]
INFO: [ app_end ] --START--
INFO: Run Behavior\ShowPageTraceBehavior [ RunTime:0.000106s ]
INFO: [ app_end ] --END-- [ RunTime:0.000140s ]

[ 2016-07-17T10:38:46+08:00 ] 93.174.93.218 http://httpheader.net/
INFO: [ app_init ] --START--
INFO: Run Behavior\BuildLiteBehavior [ RunTime:0.000022s ]
INFO: [ app_init ] --END-- [ RunTime:0.000158s ]
INFO: [ app_begin ] --START--
INFO: Run Behavior\ReadHtmlCacheBehavior [ RunTime:0.000117s ]
INFO: [ app_begin ] --END-- [ RunTime:0.000157s ]
INFO: [ action_begin ] --START--
INFO: Run Home\Behavior\blogInitBehavior [ RunTime:0.001961s ]
INFO: [ action_begin ] --END-- [ RunTime:0.002010s ]
INFO: [ view_parse ] --START--
INFO: [ template_filter ] --START--
INFO: Run Behavior\ContentReplaceBehavior [ RunTime:0.000036s ]
INFO: [ template_filter ] --END-- [ RunTime:0.000079s ]
NOTIC: [8] Undefined variable: pageTitle /var/www/html/blog/Application/Runtime/Cache/Home/769e70f2e46f34ceb60619bbda5e4691.php 第 9 行.
NOTIC: [8] Undefined variable: pagination /var/www/html/blog/Application/Runtime/Cache/Home/769e70f2e46f34ceb60619bbda5e4691.php 第 70 行.
INFO: Run Behavior\ParseTemplateBehavior [ RunTime:0.007570s ]
INFO: [ view_parse ] --END-- [ RunTime:0.007622s ]
INFO: [ view_filter ] --START--
INFO: Run Behavior\WriteHtmlCacheBehavior [ RunTime:0.000133s ]
INFO: [ view_filter ] --END-- [ RunTime:0.000165s ]
INFO: [ app_end ] --START--
INFO: Run Behavior\ShowPageTraceBehavior [ RunTime:0.000140s ]
INFO: [ app_end ] --END-- [ RunTime:0.000174s ]

[ 2016-07-17T11:43:01+08:00 ] 123.56.233.103 /
INFO: [ app_init ] --START--
INFO: Run Behavior\BuildLiteBehavior [ RunTime:0.000026s ]
INFO: [ app_init ] --END-- [ RunTime:0.000159s ]
INFO: [ app_begin ] --START--
INFO: Run Behavior\ReadHtmlCacheBehavior [ RunTime:0.000112s ]
INFO: [ app_begin ] --END-- [ RunTime:0.000151s ]
INFO: [ action_begin ] --START--
INFO: Run Home\Behavior\blogInitBehavior [ RunTime:0.002029s ]
INFO: [ action_begin ] --END-- [ RunTime:0.002081s ]
INFO: [ view_parse ] --START--
INFO: [ template_filter ] --START--
INFO: Run Behavior\ContentReplaceBehavior [ RunTime:0.000034s ]
INFO: [ template_filter ] --END-- [ RunTime:0.000073s ]
NOTIC: [8] Undefined variable: pageTitle /var/www/html/blog/Application/Runtime/Cache/Home/769e70f2e46f34ceb60619bbda5e4691.php 第 9 行.
NOTIC: [8] Undefined variable: pagination /var/www/html/blog/Application/Runtime/Cache/Home/769e70f2e46f34ceb60619bbda5e4691.php 第 70 行.
INFO: Run Behavior\ParseTemplateBehavior [ RunTime:0.007155s ]
INFO: [ view_parse ] --END-- [ RunTime:0.007199s ]
INFO: [ view_filter ] --START--
INFO: Run Behavior\WriteHtmlCacheBehavior [ RunTime:0.000100s ]
INFO: [ view_filter ] --END-- [ RunTime:0.000129s ]
INFO: [ app_end ] --START--
INFO: Run Behavior\ShowPageTraceBehavior [ RunTime:0.000105s ]
INFO: [ app_end ] --END-- [ RunTime:0.000139s ]

[ 2016-07-17T13:04:31+08:00 ] 123.151.42.61 http://www.baidu.com/
INFO: [ app_init ] --START--
INFO: Run Behavior\BuildLiteBehavior [ RunTime:0.000019s ]
INFO: [ app_init ] --END-- [ RunTime:0.000158s ]
INFO: [ app_begin ] --START--
INFO: Run Behavior\ReadHtmlCacheBehavior [ RunTime:0.000112s ]
INFO: [ app_begin ] --END-- [ RunTime:0.000151s ]
INFO: [ action_begin ] --START--
INFO: Run Home\Behavior\blogInitBehavior [ RunTime:0.001984s ]
INFO: [ action_begin ] --END-- [ RunTime:0.002034s ]
INFO: [ view_parse ] --START--
INFO: [ template_filter ] --START--
INFO: Run Behavior\ContentReplaceBehavior [ RunTime:0.000038s ]
INFO: [ template_filter ] --END-- [ RunTime:0.000202s ]
NOTIC: [8] Undefined variable: pageTitle /var/www/html/blog/Application/Runtime/Cache/Home/769e70f2e46f34ceb60619bbda5e4691.php 第 9 行.
NOTIC: [8] Undefined variable: pagination /var/www/html/blog/Application/Runtime/Cache/Home/769e70f2e46f34ceb60619bbda5e4691.php 第 70 行.
INFO: Run Behavior\ParseTemplateBehavior [ RunTime:0.008480s ]
INFO: [ view_parse ] --END-- [ RunTime:0.008534s ]
INFO: [ view_filter ] --START--
INFO: Run Behavior\WriteHtmlCacheBehavior [ RunTime:0.000163s ]
INFO: [ view_filter ] --END-- [ RunTime:0.000207s ]
INFO: [ app_end ] --START--
INFO: Run Behavior\ShowPageTraceBehavior [ RunTime:0.000160s ]
INFO: [ app_end ] --END-- [ RunTime:0.000205s ]

[ 2016-07-17T13:11:32+08:00 ] 23.251.63.45 http://fr.cyberpods.net/
INFO: [ app_init ] --START--
INFO: Run Behavior\BuildLiteBehavior [ RunTime:0.000019s ]
INFO: [ app_init ] --END-- [ RunTime:0.000152s ]
INFO: [ app_begin ] --START--
INFO: Run Behavior\ReadHtmlCacheBehavior [ RunTime:0.000115s ]
INFO: [ app_begin ] --END-- [ RunTime:0.000158s ]
INFO: [ action_begin ] --START--
INFO: Run Home\Behavior\blogInitBehavior [ RunTime:0.002041s ]
INFO: [ action_begin ] --END-- [ RunTime:0.002096s ]
INFO: [ view_parse ] --START--
INFO: [ template_filter ] --START--
INFO: Run Behavior\ContentReplaceBehavior [ RunTime:0.000035s ]
INFO: [ template_filter ] --END-- [ RunTime:0.000072s ]
NOTIC: [8] Undefined variable: pageTitle /var/www/html/blog/Application/Runtime/Cache/Home/769e70f2e46f34ceb60619bbda5e4691.php 第 9 行.
NOTIC: [8] Undefined variable: pagination /var/www/html/blog/Application/Runtime/Cache/Home/769e70f2e46f34ceb60619bbda5e4691.php 第 70 行.
INFO: Run Behavior\ParseTemplateBehavior [ RunTime:0.007010s ]
INFO: [ view_parse ] --END-- [ RunTime:0.007053s ]
INFO: [ view_filter ] --START--
INFO: Run Behavior\WriteHtmlCacheBehavior [ RunTime:0.000100s ]
INFO: [ view_filter ] --END-- [ RunTime:0.000131s ]
INFO: [ app_end ] --START--
INFO: Run Behavior\ShowPageTraceBehavior [ RunTime:0.000105s ]
INFO: [ app_end ] --END-- [ RunTime:0.000138s ]

[ 2016-07-17T13:11:35+08:00 ] 23.251.63.45 www.alipay.com:443
INFO: [ app_init ] --START--
INFO: Run Behavior\BuildLiteBehavior [ RunTime:0.000022s ]
INFO: [ app_init ] --END-- [ RunTime:0.000159s ]
INFO: [ app_begin ] --START--
INFO: Run Behavior\ReadHtmlCacheBehavior [ RunTime:0.000110s ]
INFO: [ app_begin ] --END-- [ RunTime:0.000155s ]
INFO: [ action_begin ] --START--
INFO: Run Home\Behavior\blogInitBehavior [ RunTime:0.002081s ]
INFO: [ action_begin ] --END-- [ RunTime:0.002130s ]
INFO: [ view_parse ] --START--
INFO: [ template_filter ] --START--
INFO: Run Behavior\ContentReplaceBehavior [ RunTime:0.000035s ]
INFO: [ template_filter ] --END-- [ RunTime:0.000074s ]
NOTIC: [8] Undefined variable: pageTitle /var/www/html/blog/Application/Runtime/Cache/Home/769e70f2e46f34ceb60619bbda5e4691.php 第 9 行.
NOTIC: [8] Undefined variable: pagination /var/www/html/blog/Application/Runtime/Cache/Home/769e70f2e46f34ceb60619bbda5e4691.php 第 70 行.
INFO: Run Behavior\ParseTemplateBehavior [ RunTime:0.007354s ]
INFO: [ view_parse ] --END-- [ RunTime:0.007398s ]
INFO: [ view_filter ] --START--
INFO: Run Behavior\WriteHtmlCacheBehavior [ RunTime:0.000101s ]
INFO: [ view_filter ] --END-- [ RunTime:0.000130s ]
INFO: [ app_end ] --START--
INFO: Run Behavior\ShowPageTraceBehavior [ RunTime:0.000107s ]
INFO: [ app_end ] --END-- [ RunTime:0.000140s ]

[ 2016-07-17T13:11:46+08:00 ] 23.251.63.45 www.baidu.com:443
INFO: [ app_init ] --START--
INFO: Run Behavior\BuildLiteBehavior [ RunTime:0.000028s ]
INFO: [ app_init ] --END-- [ RunTime:0.000193s ]
INFO: [ app_begin ] --START--
INFO: Run Behavior\ReadHtmlCacheBehavior [ RunTime:0.000115s ]
INFO: [ app_begin ] --END-- [ RunTime:0.000156s ]
INFO: [ action_begin ] --START--
INFO: Run Home\Behavior\blogInitBehavior [ RunTime:0.002036s ]
INFO: [ action_begin ] --END-- [ RunTime:0.002085s ]
INFO: [ view_parse ] --START--
INFO: [ template_filter ] --START--
INFO: Run Behavior\ContentReplaceBehavior [ RunTime:0.000036s ]
INFO: [ template_filter ] --END-- [ RunTime:0.000074s ]
NOTIC: [8] Undefined variable: pageTitle /var/www/html/blog/Application/Runtime/Cache/Home/769e70f2e46f34ceb60619bbda5e4691.php 第 9 行.
NOTIC: [8] Undefined variable: pagination /var/www/html/blog/Application/Runtime/Cache/Home/769e70f2e46f34ceb60619bbda5e4691.php 第 70 行.
INFO: Run Behavior\ParseTemplateBehavior [ RunTime:0.007111s ]
INFO: [ view_parse ] --END-- [ RunTime:0.007155s ]
INFO: [ view_filter ] --START--
INFO: Run Behavior\WriteHtmlCacheBehavior [ RunTime:0.000099s ]
INFO: [ view_filter ] --END-- [ RunTime:0.000129s ]
INFO: [ app_end ] --START--
INFO: Run Behavior\ShowPageTraceBehavior [ RunTime:0.000105s ]
INFO: [ app_end ] --END-- [ RunTime:0.000138s ]

[ 2016-07-17T13:49:31+08:00 ] 23.251.63.45 http://proxyjudge.us/
INFO: [ app_init ] --START--
INFO: Run Behavior\BuildLiteBehavior [ RunTime:0.000019s ]
INFO: [ app_init ] --END-- [ RunTime:0.000150s ]
INFO: [ app_begin ] --START--
INFO: Run Behavior\ReadHtmlCacheBehavior [ RunTime:0.000116s ]
INFO: [ app_begin ] --END-- [ RunTime:0.000164s ]
INFO: [ action_begin ] --START--
INFO: Run Home\Behavior\blogInitBehavior [ RunTime:0.001915s ]
INFO: [ action_begin ] --END-- [ RunTime:0.001963s ]
INFO: [ view_parse ] --START--
INFO: [ template_filter ] --START--
INFO: Run Behavior\ContentReplaceBehavior [ RunTime:0.000034s ]
INFO: [ template_filter ] --END-- [ RunTime:0.000073s ]
NOTIC: [8] Undefined variable: pageTitle /var/www/html/blog/Application/Runtime/Cache/Home/769e70f2e46f34ceb60619bbda5e4691.php 第 9 行.
NOTIC: [8] Undefined variable: pagination /var/www/html/blog/Application/Runtime/Cache/Home/769e70f2e46f34ceb60619bbda5e4691.php 第 70 行.
INFO: Run Behavior\ParseTemplateBehavior [ RunTime:0.007327s ]
INFO: [ view_parse ] --END-- [ RunTime:0.007370s ]
INFO: [ view_filter ] --START--
INFO: Run Behavior\WriteHtmlCacheBehavior [ RunTime:0.000102s ]
INFO: [ view_filter ] --END-- [ RunTime:0.000132s ]
INFO: [ app_end ] --START--
INFO: Run Behavior\ShowPageTraceBehavior [ RunTime:0.000105s ]
INFO: [ app_end ] --END-- [ RunTime:0.000139s ]

[ 2016-07-17T13:49:32+08:00 ] 23.251.63.45 www.alipay.com:443
INFO: [ app_init ] --START--
INFO: Run Behavior\BuildLiteBehavior [ RunTime:0.000022s ]
INFO: [ app_init ] --END-- [ RunTime:0.000150s ]
INFO: [ app_begin ] --START--
INFO: Run Behavior\ReadHtmlCacheBehavior [ RunTime:0.000099s ]
INFO: [ app_begin ] --END-- [ RunTime:0.000139s ]
INFO: [ action_begin ] --START--
INFO: Run Home\Behavior\blogInitBehavior [ RunTime:0.002050s ]
INFO: [ action_begin ] --END-- [ RunTime:0.002102s ]
INFO: [ view_parse ] --START--
INFO: [ template_filter ] --START--
INFO: Run Behavior\ContentReplaceBehavior [ RunTime:0.000038s ]
INFO: [ template_filter ] --END-- [ RunTime:0.000077s ]
NOTIC: [8] Undefined variable: pageTitle /var/www/html/blog/Application/Runtime/Cache/Home/769e70f2e46f34ceb60619bbda5e4691.php 第 9 行.
NOTIC: [8] Undefined variable: pagination /var/www/html/blog/Application/Runtime/Cache/Home/769e70f2e46f34ceb60619bbda5e4691.php 第 70 行.
INFO: Run Behavior\ParseTemplateBehavior [ RunTime:0.007284s ]
INFO: [ view_parse ] --END-- [ RunTime:0.007326s ]
INFO: [ view_filter ] --START--
INFO: Run Behavior\WriteHtmlCacheBehavior [ RunTime:0.000088s ]
INFO: [ view_filter ] --END-- [ RunTime:0.000118s ]
INFO: [ app_end ] --START--
INFO: Run Behavior\ShowPageTraceBehavior [ RunTime:0.000103s ]
INFO: [ app_end ] --END-- [ RunTime:0.000138s ]

[ 2016-07-17T14:33:17+08:00 ] 23.251.63.45 www.baidu.com:443
INFO: [ app_init ] --START--
INFO: Run Behavior\BuildLiteBehavior [ RunTime:0.000023s ]
INFO: [ app_init ] --END-- [ RunTime:0.000164s ]
INFO: [ app_begin ] --START--
INFO: Run Behavior\ReadHtmlCacheBehavior [ RunTime:0.000111s ]
INFO: [ app_begin ] --END-- [ RunTime:0.000151s ]
INFO: [ action_begin ] --START--
INFO: Run Home\Behavior\blogInitBehavior [ RunTime:0.001918s ]
INFO: [ action_begin ] --END-- [ RunTime:0.001968s ]
INFO: [ view_parse ] --START--
INFO: [ template_filter ] --START--
INFO: Run Behavior\ContentReplaceBehavior [ RunTime:0.000037s ]
INFO: [ template_filter ] --END-- [ RunTime:0.000080s ]
NOTIC: [8] Undefined variable: pageTitle /var/www/html/blog/Application/Runtime/Cache/Home/769e70f2e46f34ceb60619bbda5e4691.php 第 9 行.
NOTIC: [8] Undefined variable: pagination /var/www/html/blog/Application/Runtime/Cache/Home/769e70f2e46f34ceb60619bbda5e4691.php 第 70 行.
INFO: Run Behavior\ParseTemplateBehavior [ RunTime:0.007200s ]
INFO: [ view_parse ] --END-- [ RunTime:0.007241s ]
INFO: [ view_filter ] --START--
INFO: Run Behavior\WriteHtmlCacheBehavior [ RunTime:0.000100s ]
INFO: [ view_filter ] --END-- [ RunTime:0.000130s ]
INFO: [ app_end ] --START--
INFO: Run Behavior\ShowPageTraceBehavior [ RunTime:0.000105s ]
INFO: [ app_end ] --END-- [ RunTime:0.000139s ]

[ 2016-07-17T14:43:00+08:00 ] 107.151.226.203 www.baidu.com:443
INFO: [ app_init ] --START--
INFO: Run Behavior\BuildLiteBehavior [ RunTime:0.000022s ]
INFO: [ app_init ] --END-- [ RunTime:0.000166s ]
INFO: [ app_begin ] --START--
INFO: Run Behavior\ReadHtmlCacheBehavior [ RunTime:0.000110s ]
INFO: [ app_begin ] --END-- [ RunTime:0.000156s ]
INFO: [ action_begin ] --START--
INFO: Run Home\Behavior\blogInitBehavior [ RunTime:0.001935s ]
INFO: [ action_begin ] --END-- [ RunTime:0.001983s ]
INFO: [ view_parse ] --START--
INFO: [ template_filter ] --START--
INFO: Run Behavior\ContentReplaceBehavior [ RunTime:0.000034s ]
INFO: [ template_filter ] --END-- [ RunTime:0.000072s ]
NOTIC: [8] Undefined variable: pageTitle /var/www/html/blog/Application/Runtime/Cache/Home/769e70f2e46f34ceb60619bbda5e4691.php 第 9 行.
NOTIC: [8] Undefined variable: pagination /var/www/html/blog/Application/Runtime/Cache/Home/769e70f2e46f34ceb60619bbda5e4691.php 第 70 行.
INFO: Run Behavior\ParseTemplateBehavior [ RunTime:0.007582s ]
INFO: [ view_parse ] --END-- [ RunTime:0.007639s ]
INFO: [ view_filter ] --START--
INFO: Run Behavior\WriteHtmlCacheBehavior [ RunTime:0.000102s ]
INFO: [ view_filter ] --END-- [ RunTime:0.000134s ]
INFO: [ app_end ] --START--
INFO: Run Behavior\ShowPageTraceBehavior [ RunTime:0.000108s ]
INFO: [ app_end ] --END-- [ RunTime:0.000141s ]

[ 2016-07-17T15:24:30+08:00 ] 23.251.63.45 http://proxyjudge.us/
INFO: [ app_init ] --START--
INFO: Run Behavior\BuildLiteBehavior [ RunTime:0.000020s ]
INFO: [ app_init ] --END-- [ RunTime:0.000192s ]
INFO: [ app_begin ] --START--
INFO: Run Behavior\ReadHtmlCacheBehavior [ RunTime:0.000121s ]
INFO: [ app_begin ] --END-- [ RunTime:0.000165s ]
INFO: [ action_begin ] --START--
INFO: Run Home\Behavior\blogInitBehavior [ RunTime:0.002016s ]
INFO: [ action_begin ] --END-- [ RunTime:0.002065s ]
INFO: [ view_parse ] --START--
INFO: [ template_filter ] --START--
INFO: Run Behavior\ContentReplaceBehavior [ RunTime:0.000042s ]
INFO: [ template_filter ] --END-- [ RunTime:0.000095s ]
NOTIC: [8] Undefined variable: pageTitle /var/www/html/blog/Application/Runtime/Cache/Home/769e70f2e46f34ceb60619bbda5e4691.php 第 9 行.
NOTIC: [8] Undefined variable: pagination /var/www/html/blog/Application/Runtime/Cache/Home/769e70f2e46f34ceb60619bbda5e4691.php 第 70 行.
INFO: Run Behavior\ParseTemplateBehavior [ RunTime:0.007610s ]
INFO: [ view_parse ] --END-- [ RunTime:0.007657s ]
INFO: [ view_filter ] --START--
INFO: Run Behavior\WriteHtmlCacheBehavior [ RunTime:0.000101s ]
INFO: [ view_filter ] --END-- [ RunTime:0.000131s ]
INFO: [ app_end ] --START--
INFO: Run Behavior\ShowPageTraceBehavior [ RunTime:0.000107s ]
INFO: [ app_end ] --END-- [ RunTime:0.000140s ]

[ 2016-07-17T15:36:04+08:00 ] 182.118.21.216 /index.php
INFO: [ app_init ] --START--
INFO: Run Behavior\BuildLiteBehavior [ RunTime:0.000019s ]
INFO: [ app_init ] --END-- [ RunTime:0.000152s ]
INFO: [ app_begin ] --START--
INFO: Run Behavior\ReadHtmlCacheBehavior [ RunTime:0.000116s ]
INFO: [ app_begin ] --END-- [ RunTime:0.000159s ]
INFO: [ action_begin ] --START--
INFO: Run Home\Behavior\blogInitBehavior [ RunTime:0.001912s ]
INFO: [ action_begin ] --END-- [ RunTime:0.001962s ]
INFO: [ view_parse ] --START--
INFO: [ template_filter ] --START--
INFO: Run Behavior\ContentReplaceBehavior [ RunTime:0.000035s ]
INFO: [ template_filter ] --END-- [ RunTime:0.000079s ]
NOTIC: [8] Undefined variable: pageTitle /var/www/html/blog/Application/Runtime/Cache/Home/769e70f2e46f34ceb60619bbda5e4691.php 第 9 行.
NOTIC: [8] Undefined variable: pagination /var/www/html/blog/Application/Runtime/Cache/Home/769e70f2e46f34ceb60619bbda5e4691.php 第 70 行.
INFO: Run Behavior\ParseTemplateBehavior [ RunTime:0.007263s ]
INFO: [ view_parse ] --END-- [ RunTime:0.007307s ]
INFO: [ view_filter ] --START--
INFO: Run Behavior\WriteHtmlCacheBehavior [ RunTime:0.000099s ]
INFO: [ view_filter ] --END-- [ RunTime:0.000130s ]
INFO: [ app_end ] --START--
INFO: Run Behavior\ShowPageTraceBehavior [ RunTime:0.000105s ]
INFO: [ app_end ] --END-- [ RunTime:0.000139s ]

[ 2016-07-17T16:13:34+08:00 ] 23.251.63.45 www.baidu.com:443
INFO: [ app_init ] --START--
INFO: Run Behavior\BuildLiteBehavior [ RunTime:0.000022s ]
INFO: [ app_init ] --END-- [ RunTime:0.000164s ]
INFO: [ app_begin ] --START--
INFO: Run Behavior\ReadHtmlCacheBehavior [ RunTime:0.000110s ]
INFO: [ app_begin ] --END-- [ RunTime:0.000150s ]
INFO: [ action_begin ] --START--
INFO: Run Home\Behavior\blogInitBehavior [ RunTime:0.002026s ]
INFO: [ action_begin ] --END-- [ RunTime:0.002075s ]
INFO: [ view_parse ] --START--
INFO: [ template_filter ] --START--
INFO: Run Behavior\ContentReplaceBehavior [ RunTime:0.000035s ]
INFO: [ template_filter ] --END-- [ RunTime:0.000075s ]
NOTIC: [8] Undefined variable: pageTitle /var/www/html/blog/Application/Runtime/Cache/Home/769e70f2e46f34ceb60619bbda5e4691.php 第 9 行.
NOTIC: [8] Undefined variable: pagination /var/www/html/blog/Application/Runtime/Cache/Home/769e70f2e46f34ceb60619bbda5e4691.php 第 70 行.
INFO: Run Behavior\ParseTemplateBehavior [ RunTime:0.007292s ]
INFO: [ view_parse ] --END-- [ RunTime:0.007338s ]
INFO: [ view_filter ] --START--
INFO: Run Behavior\WriteHtmlCacheBehavior [ RunTime:0.000107s ]
INFO: [ view_filter ] --END-- [ RunTime:0.000139s ]
INFO: [ app_end ] --START--
INFO: Run Behavior\ShowPageTraceBehavior [ RunTime:0.000114s ]
INFO: [ app_end ] --END-- [ RunTime:0.000151s ]

[ 2016-07-17T16:18:11+08:00 ] 107.151.226.203 www.baidu.com:443
INFO: [ app_init ] --START--
INFO: Run Behavior\BuildLiteBehavior [ RunTime:0.000023s ]
INFO: [ app_init ] --END-- [ RunTime:0.000161s ]
INFO: [ app_begin ] --START--
INFO: Run Behavior\ReadHtmlCacheBehavior [ RunTime:0.000114s ]
INFO: [ app_begin ] --END-- [ RunTime:0.000154s ]
INFO: [ action_begin ] --START--
INFO: Run Home\Behavior\blogInitBehavior [ RunTime:0.001968s ]
INFO: [ action_begin ] --END-- [ RunTime:0.002016s ]
INFO: [ view_parse ] --START--
INFO: [ template_filter ] --START--
INFO: Run Behavior\ContentReplaceBehavior [ RunTime:0.000036s ]
INFO: [ template_filter ] --END-- [ RunTime:0.000073s ]
NOTIC: [8] Undefined variable: pageTitle /var/www/html/blog/Application/Runtime/Cache/Home/769e70f2e46f34ceb60619bbda5e4691.php 第 9 行.
NOTIC: [8] Undefined variable: pagination /var/www/html/blog/Application/Runtime/Cache/Home/769e70f2e46f34ceb60619bbda5e4691.php 第 70 行.
INFO: Run Behavior\ParseTemplateBehavior [ RunTime:0.007096s ]
INFO: [ view_parse ] --END-- [ RunTime:0.007137s ]
INFO: [ view_filter ] --START--
INFO: Run Behavior\WriteHtmlCacheBehavior [ RunTime:0.000101s ]
INFO: [ view_filter ] --END-- [ RunTime:0.000130s ]
INFO: [ app_end ] --START--
INFO: Run Behavior\ShowPageTraceBehavior [ RunTime:0.000106s ]
INFO: [ app_end ] --END-- [ RunTime:0.000139s ]

[ 2016-07-17T17:04:13+08:00 ] 107.151.226.203 www.alipay.com:443
INFO: [ app_init ] --START--
INFO: Run Behavior\BuildLiteBehavior [ RunTime:0.000022s ]
INFO: [ app_init ] --END-- [ RunTime:0.000159s ]
INFO: [ app_begin ] --START--
INFO: Run Behavior\ReadHtmlCacheBehavior [ RunTime:0.000112s ]
INFO: [ app_begin ] --END-- [ RunTime:0.000152s ]
INFO: [ action_begin ] --START--
INFO: Run Home\Behavior\blogInitBehavior [ RunTime:0.001932s ]
INFO: [ action_begin ] --END-- [ RunTime:0.001992s ]
INFO: [ view_parse ] --START--
INFO: [ template_filter ] --START--
INFO: Run Behavior\ContentReplaceBehavior [ RunTime:0.000049s ]
INFO: [ template_filter ] --END-- [ RunTime:0.000109s ]
NOTIC: [8] Undefined variable: pageTitle /var/www/html/blog/Application/Runtime/Cache/Home/769e70f2e46f34ceb60619bbda5e4691.php 第 9 行.
NOTIC: [8] Undefined variable: pagination /var/www/html/blog/Application/Runtime/Cache/Home/769e70f2e46f34ceb60619bbda5e4691.php 第 70 行.
INFO: Run Behavior\ParseTemplateBehavior [ RunTime:0.007542s ]
INFO: [ view_parse ] --END-- [ RunTime:0.007585s ]
INFO: [ view_filter ] --START--
INFO: Run Behavior\WriteHtmlCacheBehavior [ RunTime:0.000111s ]
INFO: [ view_filter ] --END-- [ RunTime:0.000140s ]
INFO: [ app_end ] --START--
INFO: Run Behavior\ShowPageTraceBehavior [ RunTime:0.000110s ]
INFO: [ app_end ] --END-- [ RunTime:0.000148s ]

[ 2016-07-17T17:06:35+08:00 ] 23.251.63.45 http://fr.cyberpods.net/
INFO: [ app_init ] --START--
INFO: Run Behavior\BuildLiteBehavior [ RunTime:0.000019s ]
INFO: [ app_init ] --END-- [ RunTime:0.000154s ]
INFO: [ app_begin ] --START--
INFO: Run Behavior\ReadHtmlCacheBehavior [ RunTime:0.000121s ]
INFO: [ app_begin ] --END-- [ RunTime:0.000164s ]
INFO: [ action_begin ] --START--
INFO: Run Home\Behavior\blogInitBehavior [ RunTime:0.001933s ]
INFO: [ action_begin ] --END-- [ RunTime:0.001980s ]
INFO: [ view_parse ] --START--
INFO: [ template_filter ] --START--
INFO: Run Behavior\ContentReplaceBehavior [ RunTime:0.000036s ]
INFO: [ template_filter ] --END-- [ RunTime:0.000075s ]
NOTIC: [8] Undefined variable: pageTitle /var/www/html/blog/Application/Runtime/Cache/Home/769e70f2e46f34ceb60619bbda5e4691.php 第 9 行.
NOTIC: [8] Undefined variable: pagination /var/www/html/blog/Application/Runtime/Cache/Home/769e70f2e46f34ceb60619bbda5e4691.php 第 70 行.
INFO: Run Behavior\ParseTemplateBehavior [ RunTime:0.007304s ]
INFO: [ view_parse ] --END-- [ RunTime:0.007349s ]
INFO: [ view_filter ] --START--
INFO: Run Behavior\WriteHtmlCacheBehavior [ RunTime:0.000100s ]
INFO: [ view_filter ] --END-- [ RunTime:0.000130s ]
INFO: [ app_end ] --START--
INFO: Run Behavior\ShowPageTraceBehavior [ RunTime:0.000109s ]
INFO: [ app_end ] --END-- [ RunTime:0.000143s ]

[ 2016-07-17T17:06:36+08:00 ] 23.251.63.45 www.baidu.com:443
INFO: [ app_init ] --START--
INFO: Run Behavior\BuildLiteBehavior [ RunTime:0.000023s ]
INFO: [ app_init ] --END-- [ RunTime:0.000192s ]
INFO: [ app_begin ] --START--
INFO: Run Behavior\ReadHtmlCacheBehavior [ RunTime:0.000097s ]
INFO: [ app_begin ] --END-- [ RunTime:0.000141s ]
INFO: [ action_begin ] --START--
INFO: Run Home\Behavior\blogInitBehavior [ RunTime:0.001898s ]
INFO: [ action_begin ] --END-- [ RunTime:0.001944s ]
INFO: [ view_parse ] --START--
INFO: [ template_filter ] --START--
INFO: Run Behavior\ContentReplaceBehavior [ RunTime:0.000037s ]
INFO: [ template_filter ] --END-- [ RunTime:0.000075s ]
NOTIC: [8] Undefined variable: pageTitle /var/www/html/blog/Application/Runtime/Cache/Home/769e70f2e46f34ceb60619bbda5e4691.php 第 9 行.
NOTIC: [8] Undefined variable: pagination /var/www/html/blog/Application/Runtime/Cache/Home/769e70f2e46f34ceb60619bbda5e4691.php 第 70 行.
INFO: Run Behavior\ParseTemplateBehavior [ RunTime:0.007459s ]
INFO: [ view_parse ] --END-- [ RunTime:0.007501s ]
INFO: [ view_filter ] --START--
INFO: Run Behavior\WriteHtmlCacheBehavior [ RunTime:0.000088s ]
INFO: [ view_filter ] --END-- [ RunTime:0.000118s ]
INFO: [ app_end ] --START--
INFO: Run Behavior\ShowPageTraceBehavior [ RunTime:0.000093s ]
INFO: [ app_end ] --END-- [ RunTime:0.000175s ]

[ 2016-07-17T17:08:01+08:00 ] 93.174.93.218 http://httpheader.net/
INFO: [ app_init ] --START--
INFO: Run Behavior\BuildLiteBehavior [ RunTime:0.000022s ]
INFO: [ app_init ] --END-- [ RunTime:0.000165s ]
INFO: [ app_begin ] --START--
INFO: Run Behavior\ReadHtmlCacheBehavior [ RunTime:0.000139s ]
INFO: [ app_begin ] --END-- [ RunTime:0.000206s ]
INFO: [ action_begin ] --START--
INFO: Run Home\Behavior\blogInitBehavior [ RunTime:0.002015s ]
INFO: [ action_begin ] --END-- [ RunTime:0.002065s ]
INFO: [ view_parse ] --START--
INFO: [ template_filter ] --START--
INFO: Run Behavior\ContentReplaceBehavior [ RunTime:0.000037s ]
INFO: [ template_filter ] --END-- [ RunTime:0.000079s ]
NOTIC: [8] Undefined variable: pageTitle /var/www/html/blog/Application/Runtime/Cache/Home/769e70f2e46f34ceb60619bbda5e4691.php 第 9 行.
NOTIC: [8] Undefined variable: pagination /var/www/html/blog/Application/Runtime/Cache/Home/769e70f2e46f34ceb60619bbda5e4691.php 第 70 行.
INFO: Run Behavior\ParseTemplateBehavior [ RunTime:0.007415s ]
INFO: [ view_parse ] --END-- [ RunTime:0.007456s ]
INFO: [ view_filter ] --START--
INFO: Run Behavior\WriteHtmlCacheBehavior [ RunTime:0.000122s ]
INFO: [ view_filter ] --END-- [ RunTime:0.000172s ]
INFO: [ app_end ] --START--
INFO: Run Behavior\ShowPageTraceBehavior [ RunTime:0.000110s ]
INFO: [ app_end ] --END-- [ RunTime:0.000147s ]

[ 2016-07-17T17:44:19+08:00 ] 121.42.0.15 /
INFO: [ app_init ] --START--
INFO: Run Behavior\BuildLiteBehavior [ RunTime:0.000071s ]
INFO: [ app_init ] --END-- [ RunTime:0.000223s ]
INFO: [ app_begin ] --START--
INFO: Run Behavior\ReadHtmlCacheBehavior [ RunTime:0.000126s ]
INFO: [ app_begin ] --END-- [ RunTime:0.000172s ]
INFO: [ action_begin ] --START--
INFO: Run Home\Behavior\blogInitBehavior [ RunTime:0.001942s ]
INFO: [ action_begin ] --END-- [ RunTime:0.001996s ]
INFO: [ view_parse ] --START--
INFO: [ template_filter ] --START--
INFO: Run Behavior\ContentReplaceBehavior [ RunTime:0.000042s ]
INFO: [ template_filter ] --END-- [ RunTime:0.000098s ]
NOTIC: [8] Undefined variable: pageTitle /var/www/html/blog/Application/Runtime/Cache/Home/769e70f2e46f34ceb60619bbda5e4691.php 第 9 行.
NOTIC: [8] Undefined variable: pagination /var/www/html/blog/Application/Runtime/Cache/Home/769e70f2e46f34ceb60619bbda5e4691.php 第 70 行.
INFO: Run Behavior\ParseTemplateBehavior [ RunTime:0.007601s ]
INFO: [ view_parse ] --END-- [ RunTime:0.007692s ]
INFO: [ view_filter ] --START--
INFO: Run Behavior\WriteHtmlCacheBehavior [ RunTime:0.000102s ]
INFO: [ view_filter ] --END-- [ RunTime:0.000133s ]
INFO: [ app_end ] --START--
INFO: Run Behavior\ShowPageTraceBehavior [ RunTime:0.000108s ]
INFO: [ app_end ] --END-- [ RunTime:0.000141s ]

[ 2016-07-17T18:54:22+08:00 ] 107.151.226.203 www.baidu.com:443
INFO: [ app_init ] --START--
INFO: Run Behavior\BuildLiteBehavior [ RunTime:0.000022s ]
INFO: [ app_init ] --END-- [ RunTime:0.000164s ]
INFO: [ app_begin ] --START--
INFO: Run Behavior\ReadHtmlCacheBehavior [ RunTime:0.000111s ]
INFO: [ app_begin ] --END-- [ RunTime:0.000154s ]
INFO: [ action_begin ] --START--
INFO: Run Home\Behavior\blogInitBehavior [ RunTime:0.001926s ]
INFO: [ action_begin ] --END-- [ RunTime:0.001974s ]
INFO: [ view_parse ] --START--
INFO: [ template_filter ] --START--
INFO: Run Behavior\ContentReplaceBehavior [ RunTime:0.000040s ]
INFO: [ template_filter ] --END-- [ RunTime:0.000086s ]
NOTIC: [8] Undefined variable: pageTitle /var/www/html/blog/Application/Runtime/Cache/Home/769e70f2e46f34ceb60619bbda5e4691.php 第 9 行.
NOTIC: [8] Undefined variable: pagination /var/www/html/blog/Application/Runtime/Cache/Home/769e70f2e46f34ceb60619bbda5e4691.php 第 70 行.
INFO: Run Behavior\ParseTemplateBehavior [ RunTime:0.007906s ]
INFO: [ view_parse ] --END-- [ RunTime:0.007957s ]
INFO: [ view_filter ] --START--
INFO: Run Behavior\WriteHtmlCacheBehavior [ RunTime:0.000120s ]
INFO: [ view_filter ] --END-- [ RunTime:0.000151s ]
INFO: [ app_end ] --START--
INFO: Run Behavior\ShowPageTraceBehavior [ RunTime:0.000109s ]
INFO: [ app_end ] --END-- [ RunTime:0.000143s ]

[ 2016-07-17T20:01:50+08:00 ] 107.151.226.203 www.alipay.com:443
INFO: [ app_init ] --START--
INFO: Run Behavior\BuildLiteBehavior [ RunTime:0.000022s ]
INFO: [ app_init ] --END-- [ RunTime:0.000158s ]
INFO: [ app_begin ] --START--
INFO: Run Behavior\ReadHtmlCacheBehavior [ RunTime:0.000109s ]
INFO: [ app_begin ] --END-- [ RunTime:0.000149s ]
INFO: [ action_begin ] --START--
INFO: Run Home\Behavior\blogInitBehavior [ RunTime:0.001914s ]
INFO: [ action_begin ] --END-- [ RunTime:0.001963s ]
INFO: [ view_parse ] --START--
INFO: [ template_filter ] --START--
INFO: Run Behavior\ContentReplaceBehavior [ RunTime:0.000039s ]
INFO: [ template_filter ] --END-- [ RunTime:0.000081s ]
NOTIC: [8] Undefined variable: pageTitle /var/www/html/blog/Application/Runtime/Cache/Home/769e70f2e46f34ceb60619bbda5e4691.php 第 9 行.
NOTIC: [8] Undefined variable: pagination /var/www/html/blog/Application/Runtime/Cache/Home/769e70f2e46f34ceb60619bbda5e4691.php 第 70 行.
INFO: Run Behavior\ParseTemplateBehavior [ RunTime:0.008228s ]
INFO: [ view_parse ] --END-- [ RunTime:0.008292s ]
INFO: [ view_filter ] --START--
INFO: Run Behavior\WriteHtmlCacheBehavior [ RunTime:0.000170s ]
INFO: [ view_filter ] --END-- [ RunTime:0.000216s ]
INFO: [ app_end ] --START--
INFO: Run Behavior\ShowPageTraceBehavior [ RunTime:0.000111s ]
INFO: [ app_end ] --END-- [ RunTime:0.000146s ]

[ 2016-07-17T21:20:07+08:00 ] 101.200.78.64 /
INFO: [ app_init ] --START--
INFO: Run Behavior\BuildLiteBehavior [ RunTime:0.000022s ]
INFO: [ app_init ] --END-- [ RunTime:0.000156s ]
INFO: [ app_begin ] --START--
INFO: Run Behavior\ReadHtmlCacheBehavior [ RunTime:0.000113s ]
INFO: [ app_begin ] --END-- [ RunTime:0.000151s ]
INFO: [ action_begin ] --START--
INFO: Run Home\Behavior\blogInitBehavior [ RunTime:0.002016s ]
INFO: [ action_begin ] --END-- [ RunTime:0.002066s ]
INFO: [ view_parse ] --START--
INFO: [ template_filter ] --START--
INFO: Run Behavior\ContentReplaceBehavior [ RunTime:0.000035s ]
INFO: [ template_filter ] --END-- [ RunTime:0.000077s ]
NOTIC: [8] Undefined variable: pageTitle /var/www/html/blog/Application/Runtime/Cache/Home/769e70f2e46f34ceb60619bbda5e4691.php 第 9 行.
NOTIC: [8] Undefined variable: pagination /var/www/html/blog/Application/Runtime/Cache/Home/769e70f2e46f34ceb60619bbda5e4691.php 第 70 行.
INFO: Run Behavior\ParseTemplateBehavior [ RunTime:0.007147s ]
INFO: [ view_parse ] --END-- [ RunTime:0.007189s ]
INFO: [ view_filter ] --START--
INFO: Run Behavior\WriteHtmlCacheBehavior [ RunTime:0.000101s ]
INFO: [ view_filter ] --END-- [ RunTime:0.000131s ]
INFO: [ app_end ] --START--
INFO: Run Behavior\ShowPageTraceBehavior [ RunTime:0.000106s ]
INFO: [ app_end ] --END-- [ RunTime:0.000139s ]

[ 2016-07-17T21:23:53+08:00 ] 23.251.63.45 www.alipay.com:443
INFO: [ app_init ] --START--
INFO: Run Behavior\BuildLiteBehavior [ RunTime:0.000034s ]
INFO: [ app_init ] --END-- [ RunTime:0.000241s ]
INFO: [ app_begin ] --START--
INFO: Run Behavior\ReadHtmlCacheBehavior [ RunTime:0.000118s ]
INFO: [ app_begin ] --END-- [ RunTime:0.000167s ]
INFO: [ action_begin ] --START--
INFO: Run Home\Behavior\blogInitBehavior [ RunTime:0.001972s ]
INFO: [ action_begin ] --END-- [ RunTime:0.002026s ]
INFO: [ view_parse ] --START--
INFO: [ template_filter ] --START--
INFO: Run Behavior\ContentReplaceBehavior [ RunTime:0.000037s ]
INFO: [ template_filter ] --END-- [ RunTime:0.000074s ]
NOTIC: [8] Undefined variable: pageTitle /var/www/html/blog/Application/Runtime/Cache/Home/769e70f2e46f34ceb60619bbda5e4691.php 第 9 行.
NOTIC: [8] Undefined variable: pagination /var/www/html/blog/Application/Runtime/Cache/Home/769e70f2e46f34ceb60619bbda5e4691.php 第 70 行.
INFO: Run Behavior\ParseTemplateBehavior [ RunTime:0.007077s ]
INFO: [ view_parse ] --END-- [ RunTime:0.007118s ]
INFO: [ view_filter ] --START--
INFO: Run Behavior\WriteHtmlCacheBehavior [ RunTime:0.000100s ]
INFO: [ view_filter ] --END-- [ RunTime:0.000129s ]
INFO: [ app_end ] --START--
INFO: Run Behavior\ShowPageTraceBehavior [ RunTime:0.000105s ]
INFO: [ app_end ] --END-- [ RunTime:0.000139s ]

[ 2016-07-17T21:31:32+08:00 ] 107.151.226.203 www.alipay.com:443
INFO: [ app_init ] --START--
INFO: Run Behavior\BuildLiteBehavior [ RunTime:0.000021s ]
INFO: [ app_init ] --END-- [ RunTime:0.000165s ]
INFO: [ app_begin ] --START--
INFO: Run Behavior\ReadHtmlCacheBehavior [ RunTime:0.000114s ]
INFO: [ app_begin ] --END-- [ RunTime:0.000154s ]
INFO: [ action_begin ] --START--
INFO: Run Home\Behavior\blogInitBehavior [ RunTime:0.001970s ]
INFO: [ action_begin ] --END-- [ RunTime:0.002019s ]
INFO: [ view_parse ] --START--
INFO: [ template_filter ] --START--
INFO: Run Behavior\ContentReplaceBehavior [ RunTime:0.000045s ]
INFO: [ template_filter ] --END-- [ RunTime:0.000102s ]
NOTIC: [8] Undefined variable: pageTitle /var/www/html/blog/Application/Runtime/Cache/Home/769e70f2e46f34ceb60619bbda5e4691.php 第 9 行.
NOTIC: [8] Undefined variable: pagination /var/www/html/blog/Application/Runtime/Cache/Home/769e70f2e46f34ceb60619bbda5e4691.php 第 70 行.
INFO: Run Behavior\ParseTemplateBehavior [ RunTime:0.007794s ]
INFO: [ view_parse ] --END-- [ RunTime:0.007835s ]
INFO: [ view_filter ] --START--
INFO: Run Behavior\WriteHtmlCacheBehavior [ RunTime:0.000111s ]
INFO: [ view_filter ] --END-- [ RunTime:0.000141s ]
INFO: [ app_end ] --START--
INFO: Run Behavior\ShowPageTraceBehavior [ RunTime:0.000113s ]
INFO: [ app_end ] --END-- [ RunTime:0.000147s ]

[ 2016-07-17T23:01:02+08:00 ] 23.251.63.45 www.baidu.com:443
INFO: [ app_init ] --START--
INFO: Run Behavior\BuildLiteBehavior [ RunTime:0.000022s ]
INFO: [ app_init ] --END-- [ RunTime:0.000193s ]
INFO: [ app_begin ] --START--
INFO: Run Behavior\ReadHtmlCacheBehavior [ RunTime:0.000126s ]
INFO: [ app_begin ] --END-- [ RunTime:0.000166s ]
INFO: [ action_begin ] --START--
INFO: Run Home\Behavior\blogInitBehavior [ RunTime:0.001939s ]
INFO: [ action_begin ] --END-- [ RunTime:0.001988s ]
INFO: [ view_parse ] --START--
INFO: [ template_filter ] --START--
INFO: Run Behavior\ContentReplaceBehavior [ RunTime:0.000041s ]
INFO: [ template_filter ] --END-- [ RunTime:0.000086s ]
NOTIC: [8] Undefined variable: pageTitle /var/www/html/blog/Application/Runtime/Cache/Home/769e70f2e46f34ceb60619bbda5e4691.php 第 9 行.
NOTIC: [8] Undefined variable: pagination /var/www/html/blog/Application/Runtime/Cache/Home/769e70f2e46f34ceb60619bbda5e4691.php 第 70 行.
INFO: Run Behavior\ParseTemplateBehavior [ RunTime:0.007298s ]
INFO: [ view_parse ] --END-- [ RunTime:0.007351s ]
INFO: [ view_filter ] --START--
INFO: Run Behavior\WriteHtmlCacheBehavior [ RunTime:0.000106s ]
INFO: [ view_filter ] --END-- [ RunTime:0.000136s ]
INFO: [ app_end ] --START--
INFO: Run Behavior\ShowPageTraceBehavior [ RunTime:0.000107s ]
INFO: [ app_end ] --END-- [ RunTime:0.000140s ]

[ 2016-07-17T23:01:43+08:00 ] 64.246.161.190 /
INFO: [ app_init ] --START--
INFO: Run Behavior\BuildLiteBehavior [ RunTime:0.000018s ]
INFO: [ app_init ] --END-- [ RunTime:0.000152s ]
INFO: [ app_begin ] --START--
INFO: Run Behavior\ReadHtmlCacheBehavior [ RunTime:0.000113s ]
INFO: [ app_begin ] --END-- [ RunTime:0.000154s ]
INFO: [ action_begin ] --START--
INFO: Run Home\Behavior\blogInitBehavior [ RunTime:0.002134s ]
INFO: [ action_begin ] --END-- [ RunTime:0.002183s ]
INFO: [ view_parse ] --START--
INFO: [ template_filter ] --START--
INFO: Run Behavior\ContentReplaceBehavior [ RunTime:0.000034s ]
INFO: [ template_filter ] --END-- [ RunTime:0.000073s ]
NOTIC: [8] Undefined variable: pageTitle /var/www/html/blog/Application/Runtime/Cache/Home/769e70f2e46f34ceb60619bbda5e4691.php 第 9 行.
NOTIC: [8] Undefined variable: pagination /var/www/html/blog/Application/Runtime/Cache/Home/769e70f2e46f34ceb60619bbda5e4691.php 第 70 行.
INFO: Run Behavior\ParseTemplateBehavior [ RunTime:0.007085s ]
INFO: [ view_parse ] --END-- [ RunTime:0.007126s ]
INFO: [ view_filter ] --START--
INFO: Run Behavior\WriteHtmlCacheBehavior [ RunTime:0.000099s ]
INFO: [ view_filter ] --END-- [ RunTime:0.000129s ]
INFO: [ app_end ] --START--
INFO: Run Behavior\ShowPageTraceBehavior [ RunTime:0.000106s ]
INFO: [ app_end ] --END-- [ RunTime:0.000138s ]

[ 2016-07-17T23:48:48+08:00 ] 23.251.63.45 www.baidu.com:443
INFO: [ app_init ] --START--
INFO: Run Behavior\BuildLiteBehavior [ RunTime:0.000023s ]
INFO: [ app_init ] --END-- [ RunTime:0.000163s ]
INFO: [ app_begin ] --START--
INFO: Run Behavior\ReadHtmlCacheBehavior [ RunTime:0.000113s ]
INFO: [ app_begin ] --END-- [ RunTime:0.000154s ]
INFO: [ action_begin ] --START--
INFO: Run Home\Behavior\blogInitBehavior [ RunTime:0.002140s ]
INFO: [ action_begin ] --END-- [ RunTime:0.002227s ]
INFO: [ view_parse ] --START--
INFO: [ template_filter ] --START--
INFO: Run Behavior\ContentReplaceBehavior [ RunTime:0.000038s ]
INFO: [ template_filter ] --END-- [ RunTime:0.000077s ]
NOTIC: [8] Undefined variable: pageTitle /var/www/html/blog/Application/Runtime/Cache/Home/769e70f2e46f34ceb60619bbda5e4691.php 第 9 行.
NOTIC: [8] Undefined variable: pagination /var/www/html/blog/Application/Runtime/Cache/Home/769e70f2e46f34ceb60619bbda5e4691.php 第 70 行.
INFO: Run Behavior\ParseTemplateBehavior [ RunTime:0.007248s ]
INFO: [ view_parse ] --END-- [ RunTime:0.007291s ]
INFO: [ view_filter ] --START--
INFO: Run Behavior\WriteHtmlCacheBehavior [ RunTime:0.000101s ]
INFO: [ view_filter ] --END-- [ RunTime:0.000130s ]
INFO: [ app_end ] --START--
INFO: Run Behavior\ShowPageTraceBehavior [ RunTime:0.000106s ]
INFO: [ app_end ] --END-- [ RunTime:0.000139s ]

