[ 2016-07-19T02:51:44+08:00 ] 42.156.138.75 /index.php/author/1/2/
INFO: [ app_init ] --START--
INFO: Run Behavior\BuildLiteBehavior [ RunTime:0.000021s ]
INFO: [ app_init ] --END-- [ RunTime:0.000156s ]
ERR: 无法加载模块:Author

[ 2016-07-19T04:22:05+08:00 ] 42.156.138.75 /index.php/archives/1/?replyTo=1
INFO: [ app_init ] --START--
INFO: Run Behavior\BuildLiteBehavior [ RunTime:0.000019s ]
INFO: [ app_init ] --END-- [ RunTime:0.000160s ]
ERR: 无法加载模块:Archives

[ 2016-07-19T06:54:26+08:00 ] 42.156.138.75 /index.php/feed/
INFO: [ app_init ] --START--
INFO: Run Behavior\BuildLiteBehavior [ RunTime:0.000023s ]
INFO: [ app_init ] --END-- [ RunTime:0.000159s ]
ERR: 无法加载模块:Feed

[ 2016-07-19T10:00:21+08:00 ] 220.181.108.139 /index.php/feed/atom/archives/11/
INFO: [ app_init ] --START--
INFO: Run Behavior\BuildLiteBehavior [ RunTime:0.000023s ]
INFO: [ app_init ] --END-- [ RunTime:0.000166s ]
ERR: 无法加载模块:Feed

[ 2016-07-19T10:11:29+08:00 ] 42.156.138.75 /index.php/feed/comments/
INFO: [ app_init ] --START--
INFO: Run Behavior\BuildLiteBehavior [ RunTime:0.000025s ]
INFO: [ app_init ] --END-- [ RunTime:0.000177s ]
ERR: 无法加载模块:Feed

[ 2016-07-19T20:11:10+08:00 ] 51.255.65.57 /index.php/category/default/3/
INFO: [ app_init ] --START--
INFO: Run Behavior\BuildLiteBehavior [ RunTime:0.000019s ]
INFO: [ app_init ] --END-- [ RunTime:0.000152s ]
ERR: 无法加载模块:Category

[ 2016-07-19T21:55:49+08:00 ] 123.125.71.87 /index.php/2016/05/
INFO: [ app_init ] --START--
INFO: Run Behavior\BuildLiteBehavior [ RunTime:0.000022s ]
INFO: [ app_init ] --END-- [ RunTime:0.000158s ]
ERR: 无法加载模块:2016

[ 2016-07-19T22:24:45+08:00 ] 123.125.71.49 /index.php/feed/atom/archives/11/
INFO: [ app_init ] --START--
INFO: Run Behavior\BuildLiteBehavior [ RunTime:0.000022s ]
INFO: [ app_init ] --END-- [ RunTime:0.000163s ]
ERR: 无法加载模块:Feed

