[ 2016-06-05T10:14:46+08:00 ] 61.131.96.155 /t/index.php/style.css
INFO: [ app_init ] --START--
INFO: Run Behavior\BuildLiteBehavior [ RunTime:0.000020s ]
INFO: [ app_init ] --END-- [ RunTime:0.000129s ]
ERR: 无法加载模块:Style

[ 2016-06-05T10:21:00+08:00 ] 61.131.96.155 /t/Application/Home/View/Index/%7B$Think.template|dirname%7D/style.css
INFO: [ app_init ] --START--
INFO: Run Behavior\BuildLiteBehavior [ RunTime:0.000019s ]
INFO: [ app_init ] --END-- [ RunTime:0.000121s ]
ERR: 无法加载模块:Application

[ 2016-06-05T10:24:09+08:00 ] 61.131.96.155 /t/Application/Admin/View/Index/%7B$value.gravatar%7D
INFO: [ app_init ] --START--
INFO: Run Behavior\BuildLiteBehavior [ RunTime:0.000018s ]
INFO: [ app_init ] --END-- [ RunTime:0.000120s ]
ERR: 无法加载模块:Application

[ 2016-06-05T11:26:44+08:00 ] 61.131.96.155 /t/Application/Admin/View/Index/%7B$value.gravatar%7D
INFO: [ app_init ] --START--
INFO: Run Behavior\BuildLiteBehavior [ RunTime:0.000020s ]
INFO: [ app_init ] --END-- [ RunTime:0.000149s ]
ERR: 无法加载模块:Application

[ 2016-06-05T11:49:53+08:00 ] 61.131.96.155 /t/Application/Home/View/Index/%7B$value.gravatar%7D
INFO: [ app_init ] --START--
INFO: Run Behavior\BuildLiteBehavior [ RunTime:0.000023s ]
INFO: [ app_init ] --END-- [ RunTime:0.000146s ]
ERR: 无法加载模块:Application

[ 2016-06-05T12:37:22+08:00 ] 61.131.96.155 /t/Application/Home/View/Index/%7B$value.gravatar%7D
INFO: [ app_init ] --START--
INFO: Run Behavior\BuildLiteBehavior [ RunTime:0.000019s ]
INFO: [ app_init ] --END-- [ RunTime:0.000119s ]
ERR: 无法加载模块:Application

[ 2016-06-05T14:48:48+08:00 ] 61.131.96.155 /t/Application/Admin/View/Index/%7B$value.gravatar%7D
INFO: [ app_init ] --START--
INFO: Run Behavior\BuildLiteBehavior [ RunTime:0.000017s ]
INFO: [ app_init ] --END-- [ RunTime:0.000112s ]
ERR: 无法加载模块:Application

[ 2016-06-05T15:52:43+08:00 ] 61.131.96.155 /t/Application/Home/View/Index/%7B$value.gravatar%7D
INFO: [ app_init ] --START--
INFO: Run Behavior\BuildLiteBehavior [ RunTime:0.000018s ]
INFO: [ app_init ] --END-- [ RunTime:0.000120s ]
ERR: 无法加载模块:Application

[ 2016-06-05T16:06:03+08:00 ] 61.131.96.155 /t/index.php/t/index.php.html
INFO: [ app_init ] --START--
INFO: Run Behavior\BuildLiteBehavior [ RunTime:0.000013s ]
INFO: [ app_init ] --END-- [ RunTime:0.000085s ]
ERR: 无法加载模块:T

[ 2016-06-05T16:06:08+08:00 ] 61.131.96.155 /t/index.php/t/index.php.html
INFO: [ app_init ] --START--
INFO: Run Behavior\BuildLiteBehavior [ RunTime:0.000013s ]
INFO: [ app_init ] --END-- [ RunTime:0.000084s ]
ERR: 无法加载模块:T

[ 2016-06-05T16:09:24+08:00 ] 61.131.96.155 /t/index.php/index.php.html
INFO: [ app_init ] --START--
INFO: Run Behavior\BuildLiteBehavior [ RunTime:0.000013s ]
INFO: [ app_init ] --END-- [ RunTime:0.000085s ]
ERR: 无法加载模块:Index.php

[ 2016-06-05T16:11:08+08:00 ] 61.131.96.155 /t/index.php/Application/Home/View/Index/style.css
INFO: [ app_init ] --START--
INFO: Run Behavior\BuildLiteBehavior [ RunTime:0.000013s ]
INFO: [ app_init ] --END-- [ RunTime:0.000082s ]
ERR: 无法加载模块:Application

[ 2016-06-05T16:11:44+08:00 ] 61.131.96.155 /t/index.php/Index.html
INFO: [ app_init ] --START--
INFO: Run Behavior\BuildLiteBehavior [ RunTime:0.000014s ]
INFO: [ app_init ] --END-- [ RunTime:0.000084s ]
ERR: 无法加载模块:Index

[ 2016-06-05T16:12:02+08:00 ] 61.131.96.155 /t/index.php/Index.html
INFO: [ app_init ] --START--
INFO: Run Behavior\BuildLiteBehavior [ RunTime:0.000019s ]
INFO: [ app_init ] --END-- [ RunTime:0.000126s ]
ERR: 无法加载模块:Index

