[ 2016-06-25T11:28:11+08:00 ] 61.131.96.155 /index.php/Admin
INFO: [ app_init ] --START--
INFO: Run Behavior\BuildLiteBehavior [ RunTime:0.000014s ]
INFO: [ app_init ] --END-- [ RunTime:0.000096s ]
INFO: [ app_begin ] --START--
INFO: Run Behavior\ReadHtmlCacheBehavior [ RunTime:0.000092s ]
INFO: [ app_begin ] --END-- [ RunTime:0.000127s ]
INFO: [ action_begin ] --START--
INFO: Run Home\Behavior\blogInitBehavior [ RunTime:0.000643s ]
INFO: [ action_begin ] --END-- [ RunTime:0.000683s ]

[ 2016-06-25T11:28:11+08:00 ] 61.131.96.155 /index.php/Admin/Index/login.html
INFO: [ app_init ] --START--
INFO: Run Behavior\BuildLiteBehavior [ RunTime:0.000011s ]
INFO: [ app_init ] --END-- [ RunTime:0.000076s ]
INFO: [ app_begin ] --START--
INFO: Run Behavior\ReadHtmlCacheBehavior [ RunTime:0.000081s ]
INFO: [ app_begin ] --END-- [ RunTime:0.000116s ]
INFO: [ action_begin ] --START--
INFO: Run Home\Behavior\blogInitBehavior [ RunTime:0.000514s ]
INFO: [ action_begin ] --END-- [ RunTime:0.000553s ]
NOTIC: [8] Undefined index: UID /var/www/html/blog/Application/Admin/Controller/IndexController.class.php 第 16 行.
NOTIC: [8] Undefined index: password /var/www/html/blog/Application/Admin/Controller/IndexController.class.php 第 23 行.
INFO: [ view_parse ] --START--
INFO: [ template_filter ] --START--
INFO: Run Behavior\ContentReplaceBehavior [ RunTime:0.000040s ]
INFO: [ template_filter ] --END-- [ RunTime:0.000099s ]
INFO: Run Behavior\ParseTemplateBehavior [ RunTime:0.003273s ]
INFO: [ view_parse ] --END-- [ RunTime:0.003311s ]
INFO: [ view_filter ] --START--
INFO: Run Behavior\WriteHtmlCacheBehavior [ RunTime:0.000092s ]
INFO: [ view_filter ] --END-- [ RunTime:0.000120s ]
INFO: [ app_end ] --START--
INFO: Run Behavior\ShowPageTraceBehavior [ RunTime:0.000091s ]
INFO: [ app_end ] --END-- [ RunTime:0.000119s ]

[ 2016-06-25T11:28:17+08:00 ] 61.131.96.155 /index.php/Admin/Index/login
INFO: [ app_init ] --START--
INFO: Run Behavior\BuildLiteBehavior [ RunTime:0.000023s ]
INFO: [ app_init ] --END-- [ RunTime:0.000157s ]
INFO: [ app_begin ] --START--
INFO: Run Behavior\ReadHtmlCacheBehavior [ RunTime:0.000110s ]
INFO: [ app_begin ] --END-- [ RunTime:0.000153s ]
INFO: [ action_begin ] --START--
INFO: Run Home\Behavior\blogInitBehavior [ RunTime:0.002015s ]
INFO: [ action_begin ] --END-- [ RunTime:0.002068s ]
NOTIC: [8] Undefined index: UID /var/www/html/blog/Application/Admin/Controller/IndexController.class.php 第 16 行.
NOTIC: [8] Undefined index: password /var/www/html/blog/Application/Admin/Controller/IndexController.class.php 第 23 行.
INFO: [ view_parse ] --START--
INFO: [ template_filter ] --START--
INFO: Run Behavior\ContentReplaceBehavior [ RunTime:0.000044s ]
INFO: [ template_filter ] --END-- [ RunTime:0.000085s ]
INFO: Run Behavior\ParseTemplateBehavior [ RunTime:0.002458s ]
INFO: [ view_parse ] --END-- [ RunTime:0.002502s ]
INFO: [ view_filter ] --START--
INFO: Run Behavior\WriteHtmlCacheBehavior [ RunTime:0.000097s ]
INFO: [ view_filter ] --END-- [ RunTime:0.000125s ]
INFO: [ app_end ] --START--
INFO: Run Behavior\ShowPageTraceBehavior [ RunTime:0.000108s ]
INFO: [ app_end ] --END-- [ RunTime:0.000142s ]

[ 2016-06-25T11:28:18+08:00 ] 61.131.96.155 /index.php/Admin/Index/index
INFO: [ app_init ] --START--
INFO: Run Behavior\BuildLiteBehavior [ RunTime:0.000015s ]
INFO: [ app_init ] --END-- [ RunTime:0.000094s ]
INFO: [ app_begin ] --START--
INFO: Run Behavior\ReadHtmlCacheBehavior [ RunTime:0.000082s ]
INFO: [ app_begin ] --END-- [ RunTime:0.000116s ]
INFO: [ action_begin ] --START--
INFO: Run Home\Behavior\blogInitBehavior [ RunTime:0.000574s ]
INFO: [ action_begin ] --END-- [ RunTime:0.000614s ]
INFO: [ view_parse ] --START--
INFO: [ template_filter ] --START--
INFO: Run Behavior\ContentReplaceBehavior [ RunTime:0.000033s ]
INFO: [ template_filter ] --END-- [ RunTime:0.000074s ]
NOTIC: [8] Undefined index: date /var/www/html/blog/Application/Runtime/Cache/Admin/b595b808c2ebeeeb0478ffc30bb4e87a.php 第 81 行.
NOTIC: [8] Undefined index: date /var/www/html/blog/Application/Runtime/Cache/Admin/b595b808c2ebeeeb0478ffc30bb4e87a.php 第 81 行.
NOTIC: [8] Undefined index: date /var/www/html/blog/Application/Runtime/Cache/Admin/b595b808c2ebeeeb0478ffc30bb4e87a.php 第 81 行.
NOTIC: [8] Undefined index: date /var/www/html/blog/Application/Runtime/Cache/Admin/b595b808c2ebeeeb0478ffc30bb4e87a.php 第 81 行.
NOTIC: [8] Undefined variable: adminLogin /var/www/html/blog/Application/Runtime/Cache/Admin/b595b808c2ebeeeb0478ffc30bb4e87a.php 第 104 行.
INFO: Run Behavior\ParseTemplateBehavior [ RunTime:0.004540s ]
INFO: [ view_parse ] --END-- [ RunTime:0.004582s ]
INFO: [ view_filter ] --START--
INFO: Run Behavior\WriteHtmlCacheBehavior [ RunTime:0.000088s ]
INFO: [ view_filter ] --END-- [ RunTime:0.000116s ]
INFO: [ app_end ] --START--
INFO: Run Behavior\ShowPageTraceBehavior [ RunTime:0.000081s ]
INFO: [ app_end ] --END-- [ RunTime:0.000115s ]

[ 2016-06-25T12:11:27+08:00 ] 61.131.96.155 /index.php/Admin
INFO: [ app_init ] --START--
INFO: Run Behavior\BuildLiteBehavior [ RunTime:0.000065s ]
INFO: [ app_init ] --END-- [ RunTime:0.000199s ]
INFO: [ app_begin ] --START--
INFO: Run Behavior\ReadHtmlCacheBehavior [ RunTime:0.000111s ]
INFO: [ app_begin ] --END-- [ RunTime:0.000150s ]
INFO: [ action_begin ] --START--
INFO: Run Home\Behavior\blogInitBehavior [ RunTime:0.001897s ]
INFO: [ action_begin ] --END-- [ RunTime:0.001945s ]

[ 2016-06-25T12:11:28+08:00 ] 61.131.96.155 /index.php/Admin/Index/login.html
INFO: [ app_init ] --START--
INFO: Run Behavior\BuildLiteBehavior [ RunTime:0.000016s ]
INFO: [ app_init ] --END-- [ RunTime:0.000095s ]
INFO: [ app_begin ] --START--
INFO: Run Behavior\ReadHtmlCacheBehavior [ RunTime:0.000082s ]
INFO: [ app_begin ] --END-- [ RunTime:0.000123s ]
INFO: [ action_begin ] --START--
INFO: Run Home\Behavior\blogInitBehavior [ RunTime:0.000571s ]
INFO: [ action_begin ] --END-- [ RunTime:0.000617s ]
NOTIC: [8] Undefined index: UID /var/www/html/blog/Application/Admin/Controller/IndexController.class.php 第 16 行.
NOTIC: [8] Undefined index: password /var/www/html/blog/Application/Admin/Controller/IndexController.class.php 第 23 行.
INFO: [ view_parse ] --START--
INFO: [ template_filter ] --START--
INFO: Run Behavior\ContentReplaceBehavior [ RunTime:0.000052s ]
INFO: [ template_filter ] --END-- [ RunTime:0.000106s ]
INFO: Run Behavior\ParseTemplateBehavior [ RunTime:0.003769s ]
INFO: [ view_parse ] --END-- [ RunTime:0.003809s ]
INFO: [ view_filter ] --START--
INFO: Run Behavior\WriteHtmlCacheBehavior [ RunTime:0.000095s ]
INFO: [ view_filter ] --END-- [ RunTime:0.000123s ]
INFO: [ app_end ] --START--
INFO: Run Behavior\ShowPageTraceBehavior [ RunTime:0.000101s ]
INFO: [ app_end ] --END-- [ RunTime:0.000130s ]

[ 2016-06-25T12:11:34+08:00 ] 61.131.96.155 /index.php/Admin
INFO: [ app_init ] --START--
INFO: Run Behavior\BuildLiteBehavior [ RunTime:0.000014s ]
INFO: [ app_init ] --END-- [ RunTime:0.000140s ]
INFO: [ app_begin ] --START--
INFO: Run Behavior\ReadHtmlCacheBehavior [ RunTime:0.000084s ]
INFO: [ app_begin ] --END-- [ RunTime:0.000119s ]
INFO: [ action_begin ] --START--
INFO: Run Home\Behavior\blogInitBehavior [ RunTime:0.000565s ]
INFO: [ action_begin ] --END-- [ RunTime:0.000604s ]

[ 2016-06-25T12:11:34+08:00 ] 61.131.96.155 /index.php/Admin/Index/login.html
INFO: [ app_init ] --START--
INFO: Run Behavior\BuildLiteBehavior [ RunTime:0.000014s ]
INFO: [ app_init ] --END-- [ RunTime:0.000083s ]
INFO: [ app_begin ] --START--
INFO: Run Behavior\ReadHtmlCacheBehavior [ RunTime:0.000081s ]
INFO: [ app_begin ] --END-- [ RunTime:0.000115s ]
INFO: [ action_begin ] --START--
INFO: Run Home\Behavior\blogInitBehavior [ RunTime:0.000561s ]
INFO: [ action_begin ] --END-- [ RunTime:0.000599s ]
NOTIC: [8] Undefined index: UID /var/www/html/blog/Application/Admin/Controller/IndexController.class.php 第 16 行.
NOTIC: [8] Undefined index: password /var/www/html/blog/Application/Admin/Controller/IndexController.class.php 第 23 行.
INFO: [ view_parse ] --START--
INFO: [ template_filter ] --START--
INFO: Run Behavior\ContentReplaceBehavior [ RunTime:0.000035s ]
INFO: [ template_filter ] --END-- [ RunTime:0.000074s ]
INFO: Run Behavior\ParseTemplateBehavior [ RunTime:0.003121s ]
INFO: [ view_parse ] --END-- [ RunTime:0.003157s ]
INFO: [ view_filter ] --START--
INFO: Run Behavior\WriteHtmlCacheBehavior [ RunTime:0.000079s ]
INFO: [ view_filter ] --END-- [ RunTime:0.000107s ]
INFO: [ app_end ] --START--
INFO: Run Behavior\ShowPageTraceBehavior [ RunTime:0.000078s ]
INFO: [ app_end ] --END-- [ RunTime:0.000107s ]

[ 2016-06-25T12:11:41+08:00 ] 61.131.96.155 /index.php/Admin/Index/login
INFO: [ app_init ] --START--
INFO: Run Behavior\BuildLiteBehavior [ RunTime:0.000022s ]
INFO: [ app_init ] --END-- [ RunTime:0.000177s ]
INFO: [ app_begin ] --START--
INFO: Run Behavior\ReadHtmlCacheBehavior [ RunTime:0.000110s ]
INFO: [ app_begin ] --END-- [ RunTime:0.000154s ]
INFO: [ action_begin ] --START--
INFO: Run Home\Behavior\blogInitBehavior [ RunTime:0.002052s ]
INFO: [ action_begin ] --END-- [ RunTime:0.002120s ]
NOTIC: [8] Undefined index: UID /var/www/html/blog/Application/Admin/Controller/IndexController.class.php 第 16 行.
NOTIC: [8] Undefined index: password /var/www/html/blog/Application/Admin/Controller/IndexController.class.php 第 23 行.
INFO: [ view_parse ] --START--
INFO: [ template_filter ] --START--
INFO: Run Behavior\ContentReplaceBehavior [ RunTime:0.000043s ]
INFO: [ template_filter ] --END-- [ RunTime:0.000083s ]
INFO: Run Behavior\ParseTemplateBehavior [ RunTime:0.002359s ]
INFO: [ view_parse ] --END-- [ RunTime:0.002403s ]
INFO: [ view_filter ] --START--
INFO: Run Behavior\WriteHtmlCacheBehavior [ RunTime:0.000097s ]
INFO: [ view_filter ] --END-- [ RunTime:0.000129s ]
INFO: [ app_end ] --START--
INFO: Run Behavior\ShowPageTraceBehavior [ RunTime:0.000114s ]
INFO: [ app_end ] --END-- [ RunTime:0.000147s ]

[ 2016-06-25T12:11:43+08:00 ] 61.131.96.155 /index.php/Admin/Index/index
INFO: [ app_init ] --START--
INFO: Run Behavior\BuildLiteBehavior [ RunTime:0.000013s ]
INFO: [ app_init ] --END-- [ RunTime:0.000089s ]
INFO: [ app_begin ] --START--
INFO: Run Behavior\ReadHtmlCacheBehavior [ RunTime:0.000081s ]
INFO: [ app_begin ] --END-- [ RunTime:0.000115s ]
INFO: [ action_begin ] --START--
INFO: Run Home\Behavior\blogInitBehavior [ RunTime:0.000638s ]
INFO: [ action_begin ] --END-- [ RunTime:0.000685s ]
INFO: [ view_parse ] --START--
INFO: [ template_filter ] --START--
INFO: Run Behavior\ContentReplaceBehavior [ RunTime:0.000032s ]
INFO: [ template_filter ] --END-- [ RunTime:0.000071s ]
NOTIC: [8] Undefined index: date /var/www/html/blog/Application/Runtime/Cache/Admin/b595b808c2ebeeeb0478ffc30bb4e87a.php 第 81 行.
NOTIC: [8] Undefined index: date /var/www/html/blog/Application/Runtime/Cache/Admin/b595b808c2ebeeeb0478ffc30bb4e87a.php 第 81 行.
NOTIC: [8] Undefined index: date /var/www/html/blog/Application/Runtime/Cache/Admin/b595b808c2ebeeeb0478ffc30bb4e87a.php 第 81 行.
NOTIC: [8] Undefined index: date /var/www/html/blog/Application/Runtime/Cache/Admin/b595b808c2ebeeeb0478ffc30bb4e87a.php 第 81 行.
NOTIC: [8] Undefined variable: adminLogin /var/www/html/blog/Application/Runtime/Cache/Admin/b595b808c2ebeeeb0478ffc30bb4e87a.php 第 104 行.
INFO: Run Behavior\ParseTemplateBehavior [ RunTime:0.004506s ]
INFO: [ view_parse ] --END-- [ RunTime:0.004544s ]
INFO: [ view_filter ] --START--
INFO: Run Behavior\WriteHtmlCacheBehavior [ RunTime:0.000080s ]
INFO: [ view_filter ] --END-- [ RunTime:0.000108s ]
INFO: [ app_end ] --START--
INFO: Run Behavior\ShowPageTraceBehavior [ RunTime:0.000080s ]
INFO: [ app_end ] --END-- [ RunTime:0.000109s ]

[ 2016-06-25T12:12:19+08:00 ] 61.131.96.155 /index.php/Admin
INFO: [ app_init ] --START--
INFO: Run Behavior\BuildLiteBehavior [ RunTime:0.000018s ]
INFO: [ app_init ] --END-- [ RunTime:0.000148s ]
INFO: [ app_begin ] --START--
INFO: Run Behavior\ReadHtmlCacheBehavior [ RunTime:0.000109s ]
INFO: [ app_begin ] --END-- [ RunTime:0.000148s ]
INFO: [ action_begin ] --START--
INFO: Run Home\Behavior\blogInitBehavior [ RunTime:0.001949s ]
INFO: [ action_begin ] --END-- [ RunTime:0.001998s ]
INFO: [ view_parse ] --START--
INFO: [ template_filter ] --START--
INFO: Run Behavior\ContentReplaceBehavior [ RunTime:0.000039s ]
INFO: [ template_filter ] --END-- [ RunTime:0.000083s ]
NOTIC: [8] Undefined index: date /var/www/html/blog/Application/Runtime/Cache/Admin/b595b808c2ebeeeb0478ffc30bb4e87a.php 第 81 行.
NOTIC: [8] Undefined index: date /var/www/html/blog/Application/Runtime/Cache/Admin/b595b808c2ebeeeb0478ffc30bb4e87a.php 第 81 行.
NOTIC: [8] Undefined index: date /var/www/html/blog/Application/Runtime/Cache/Admin/b595b808c2ebeeeb0478ffc30bb4e87a.php 第 81 行.
NOTIC: [8] Undefined index: date /var/www/html/blog/Application/Runtime/Cache/Admin/b595b808c2ebeeeb0478ffc30bb4e87a.php 第 81 行.
NOTIC: [8] Undefined variable: adminLogin /var/www/html/blog/Application/Runtime/Cache/Admin/b595b808c2ebeeeb0478ffc30bb4e87a.php 第 104 行.
INFO: Run Behavior\ParseTemplateBehavior [ RunTime:0.005238s ]
INFO: [ view_parse ] --END-- [ RunTime:0.005283s ]
INFO: [ view_filter ] --START--
INFO: Run Behavior\WriteHtmlCacheBehavior [ RunTime:0.000096s ]
INFO: [ view_filter ] --END-- [ RunTime:0.000125s ]
INFO: [ app_end ] --START--
INFO: Run Behavior\ShowPageTraceBehavior [ RunTime:0.000223s ]
INFO: [ app_end ] --END-- [ RunTime:0.000299s ]

[ 2016-06-25T12:12:22+08:00 ] 61.131.96.155 /index.php/Admin/Index/exitAdmin
INFO: [ app_init ] --START--
INFO: Run Behavior\BuildLiteBehavior [ RunTime:0.000013s ]
INFO: [ app_init ] --END-- [ RunTime:0.000098s ]
INFO: [ app_begin ] --START--
INFO: Run Behavior\ReadHtmlCacheBehavior [ RunTime:0.000092s ]
INFO: [ app_begin ] --END-- [ RunTime:0.000125s ]
INFO: [ action_begin ] --START--
INFO: Run Home\Behavior\blogInitBehavior [ RunTime:0.000651s ]
INFO: [ action_begin ] --END-- [ RunTime:0.000691s ]
INFO: [ view_parse ] --START--
INFO: [ template_filter ] --START--
INFO: Run Behavior\ContentReplaceBehavior [ RunTime:0.000033s ]
INFO: [ template_filter ] --END-- [ RunTime:0.000068s ]
INFO: Run Behavior\ParseTemplateBehavior [ RunTime:0.001810s ]
INFO: [ view_parse ] --END-- [ RunTime:0.001850s ]
INFO: [ view_filter ] --START--
INFO: Run Behavior\WriteHtmlCacheBehavior [ RunTime:0.000092s ]
INFO: [ view_filter ] --END-- [ RunTime:0.000120s ]
INFO: [ app_end ] --START--
INFO: Run Behavior\ShowPageTraceBehavior [ RunTime:0.000092s ]
INFO: [ app_end ] --END-- [ RunTime:0.000120s ]

[ 2016-06-25T12:12:25+08:00 ] 61.131.96.155 /index.php/Admin
INFO: [ app_init ] --START--
INFO: Run Behavior\BuildLiteBehavior [ RunTime:0.000014s ]
INFO: [ app_init ] --END-- [ RunTime:0.000100s ]
INFO: [ app_begin ] --START--
INFO: Run Behavior\ReadHtmlCacheBehavior [ RunTime:0.000094s ]
INFO: [ app_begin ] --END-- [ RunTime:0.000128s ]
INFO: [ action_begin ] --START--
INFO: Run Home\Behavior\blogInitBehavior [ RunTime:0.000583s ]
INFO: [ action_begin ] --END-- [ RunTime:0.000627s ]
NOTIC: [8] Undefined index: password /var/www/html/blog/Application/Admin/Controller/IndexController.class.php 第 23 行.

[ 2016-06-25T12:12:25+08:00 ] 61.131.96.155 /index.php/Admin/Index/login.html
INFO: [ app_init ] --START--
INFO: Run Behavior\BuildLiteBehavior [ RunTime:0.000014s ]
INFO: [ app_init ] --END-- [ RunTime:0.000086s ]
INFO: [ app_begin ] --START--
INFO: Run Behavior\ReadHtmlCacheBehavior [ RunTime:0.000081s ]
INFO: [ app_begin ] --END-- [ RunTime:0.000116s ]
INFO: [ action_begin ] --START--
INFO: Run Home\Behavior\blogInitBehavior [ RunTime:0.000574s ]
INFO: [ action_begin ] --END-- [ RunTime:0.000613s ]
NOTIC: [8] Undefined index: password /var/www/html/blog/Application/Admin/Controller/IndexController.class.php 第 23 行.
INFO: [ view_parse ] --START--
INFO: [ template_filter ] --START--
INFO: Run Behavior\ContentReplaceBehavior [ RunTime:0.000042s ]
INFO: [ template_filter ] --END-- [ RunTime:0.000106s ]
INFO: Run Behavior\ParseTemplateBehavior [ RunTime:0.003394s ]
INFO: [ view_parse ] --END-- [ RunTime:0.003434s ]
INFO: [ view_filter ] --START--
INFO: Run Behavior\WriteHtmlCacheBehavior [ RunTime:0.000176s ]
INFO: [ view_filter ] --END-- [ RunTime:0.000211s ]
INFO: [ app_end ] --START--
INFO: Run Behavior\ShowPageTraceBehavior [ RunTime:0.000097s ]
INFO: [ app_end ] --END-- [ RunTime:0.000127s ]

[ 2016-06-25T12:12:34+08:00 ] 61.131.96.155 /index.php/Admin/Index/login
INFO: [ app_init ] --START--
INFO: Run Behavior\BuildLiteBehavior [ RunTime:0.000023s ]
INFO: [ app_init ] --END-- [ RunTime:0.000159s ]
INFO: [ app_begin ] --START--
INFO: Run Behavior\ReadHtmlCacheBehavior [ RunTime:0.000113s ]
INFO: [ app_begin ] --END-- [ RunTime:0.000162s ]
INFO: [ action_begin ] --START--
INFO: Run Home\Behavior\blogInitBehavior [ RunTime:0.001851s ]
INFO: [ action_begin ] --END-- [ RunTime:0.001904s ]
NOTIC: [8] Undefined index: password /var/www/html/blog/Application/Admin/Controller/IndexController.class.php 第 23 行.
INFO: [ view_parse ] --START--
INFO: [ template_filter ] --START--
INFO: Run Behavior\ContentReplaceBehavior [ RunTime:0.000042s ]
INFO: [ template_filter ] --END-- [ RunTime:0.000083s ]
INFO: Run Behavior\ParseTemplateBehavior [ RunTime:0.002696s ]
INFO: [ view_parse ] --END-- [ RunTime:0.002761s ]
INFO: [ view_filter ] --START--
INFO: Run Behavior\WriteHtmlCacheBehavior [ RunTime:0.000117s ]
INFO: [ view_filter ] --END-- [ RunTime:0.000150s ]
INFO: [ app_end ] --START--
INFO: Run Behavior\ShowPageTraceBehavior [ RunTime:0.000111s ]
INFO: [ app_end ] --END-- [ RunTime:0.000143s ]

[ 2016-06-25T12:12:35+08:00 ] 61.131.96.155 /index.php/Admin/Index/index
INFO: [ app_init ] --START--
INFO: Run Behavior\BuildLiteBehavior [ RunTime:0.000014s ]
INFO: [ app_init ] --END-- [ RunTime:0.000088s ]
INFO: [ app_begin ] --START--
INFO: Run Behavior\ReadHtmlCacheBehavior [ RunTime:0.000081s ]
INFO: [ app_begin ] --END-- [ RunTime:0.000116s ]
INFO: [ action_begin ] --START--
INFO: Run Home\Behavior\blogInitBehavior [ RunTime:0.000592s ]
INFO: [ action_begin ] --END-- [ RunTime:0.000631s ]
INFO: [ view_parse ] --START--
INFO: [ template_filter ] --START--
INFO: Run Behavior\ContentReplaceBehavior [ RunTime:0.000032s ]
INFO: [ template_filter ] --END-- [ RunTime:0.000072s ]
NOTIC: [8] Undefined index: date /var/www/html/blog/Application/Runtime/Cache/Admin/b595b808c2ebeeeb0478ffc30bb4e87a.php 第 81 行.
NOTIC: [8] Undefined index: date /var/www/html/blog/Application/Runtime/Cache/Admin/b595b808c2ebeeeb0478ffc30bb4e87a.php 第 81 行.
NOTIC: [8] Undefined index: date /var/www/html/blog/Application/Runtime/Cache/Admin/b595b808c2ebeeeb0478ffc30bb4e87a.php 第 81 行.
NOTIC: [8] Undefined index: date /var/www/html/blog/Application/Runtime/Cache/Admin/b595b808c2ebeeeb0478ffc30bb4e87a.php 第 81 行.
NOTIC: [8] Undefined variable: adminLogin /var/www/html/blog/Application/Runtime/Cache/Admin/b595b808c2ebeeeb0478ffc30bb4e87a.php 第 104 行.
INFO: Run Behavior\ParseTemplateBehavior [ RunTime:0.004410s ]
INFO: [ view_parse ] --END-- [ RunTime:0.004449s ]
INFO: [ view_filter ] --START--
INFO: Run Behavior\WriteHtmlCacheBehavior [ RunTime:0.000081s ]
INFO: [ view_filter ] --END-- [ RunTime:0.000108s ]
INFO: [ app_end ] --START--
INFO: Run Behavior\ShowPageTraceBehavior [ RunTime:0.000081s ]
INFO: [ app_end ] --END-- [ RunTime:0.000111s ]

[ 2016-06-25T12:13:24+08:00 ] 61.131.96.155 /index.php/Admin/Post/edit/10
INFO: [ app_init ] --START--
INFO: Run Behavior\BuildLiteBehavior [ RunTime:0.000018s ]
INFO: [ app_init ] --END-- [ RunTime:0.000144s ]
INFO: [ app_begin ] --START--
INFO: Run Behavior\ReadHtmlCacheBehavior [ RunTime:0.000114s ]
INFO: [ app_begin ] --END-- [ RunTime:0.000153s ]
INFO: [ action_begin ] --START--
INFO: Run Home\Behavior\blogInitBehavior [ RunTime:0.001951s ]
INFO: [ action_begin ] --END-- [ RunTime:0.001997s ]
INFO: [ view_parse ] --START--
INFO: [ template_filter ] --START--
INFO: Run Behavior\ContentReplaceBehavior [ RunTime:0.000051s ]
INFO: [ template_filter ] --END-- [ RunTime:0.000089s ]
NOTIC: [8] Undefined variable: rank /var/www/html/blog/Application/Runtime/Cache/Admin/ad0aa96141d1532f0b2315bf5ded154d.php 第 68 行.
NOTIC: [8] Undefined variable: adminLogin /var/www/html/blog/Application/Runtime/Cache/Admin/ad0aa96141d1532f0b2315bf5ded154d.php 第 112 行.
INFO: Run Behavior\ParseTemplateBehavior [ RunTime:0.005472s ]
INFO: [ view_parse ] --END-- [ RunTime:0.005511s ]
INFO: [ view_filter ] --START--
INFO: Run Behavior\WriteHtmlCacheBehavior [ RunTime:0.000095s ]
INFO: [ view_filter ] --END-- [ RunTime:0.000124s ]
INFO: [ app_end ] --START--
INFO: Run Behavior\ShowPageTraceBehavior [ RunTime:0.000105s ]
INFO: [ app_end ] --END-- [ RunTime:0.000140s ]

[ 2016-06-25T12:13:33+08:00 ] 61.131.96.155 /index.php/Admin/Post/edit/4
INFO: [ app_init ] --START--
INFO: Run Behavior\BuildLiteBehavior [ RunTime:0.000019s ]
INFO: [ app_init ] --END-- [ RunTime:0.000150s ]
INFO: [ app_begin ] --START--
INFO: Run Behavior\ReadHtmlCacheBehavior [ RunTime:0.000117s ]
INFO: [ app_begin ] --END-- [ RunTime:0.000157s ]
INFO: [ action_begin ] --START--
INFO: Run Home\Behavior\blogInitBehavior [ RunTime:0.002141s ]
INFO: [ action_begin ] --END-- [ RunTime:0.002222s ]
INFO: [ view_parse ] --START--
INFO: [ template_filter ] --START--
INFO: Run Behavior\ContentReplaceBehavior [ RunTime:0.000050s ]
INFO: [ template_filter ] --END-- [ RunTime:0.000092s ]
NOTIC: [8] Undefined variable: rank /var/www/html/blog/Application/Runtime/Cache/Admin/ad0aa96141d1532f0b2315bf5ded154d.php 第 68 行.
NOTIC: [8] Undefined variable: adminLogin /var/www/html/blog/Application/Runtime/Cache/Admin/ad0aa96141d1532f0b2315bf5ded154d.php 第 112 行.
INFO: Run Behavior\ParseTemplateBehavior [ RunTime:0.005798s ]
INFO: [ view_parse ] --END-- [ RunTime:0.005838s ]
INFO: [ view_filter ] --START--
INFO: Run Behavior\WriteHtmlCacheBehavior [ RunTime:0.000190s ]
INFO: [ view_filter ] --END-- [ RunTime:0.000222s ]
INFO: [ app_end ] --START--
INFO: Run Behavior\ShowPageTraceBehavior [ RunTime:0.000117s ]
INFO: [ app_end ] --END-- [ RunTime:0.000153s ]

[ 2016-06-25T12:13:42+08:00 ] 61.131.96.155 /index.php/Admin/Index/setting
INFO: [ app_init ] --START--
INFO: Run Behavior\BuildLiteBehavior [ RunTime:0.000019s ]
INFO: [ app_init ] --END-- [ RunTime:0.000212s ]
INFO: [ app_begin ] --START--
INFO: Run Behavior\ReadHtmlCacheBehavior [ RunTime:0.000112s ]
INFO: [ app_begin ] --END-- [ RunTime:0.000152s ]
INFO: [ action_begin ] --START--
INFO: Run Home\Behavior\blogInitBehavior [ RunTime:0.001860s ]
INFO: [ action_begin ] --END-- [ RunTime:0.001915s ]
INFO: [ view_parse ] --START--
INFO: [ template_filter ] --START--
INFO: Run Behavior\ContentReplaceBehavior [ RunTime:0.000054s ]
INFO: [ template_filter ] --END-- [ RunTime:0.000104s ]
NOTIC: [8] Undefined variable: adminLogin /var/www/html/blog/Application/Runtime/Cache/Admin/840e08246e611bc7f19150e4f68f9d16.php 第 87 行.
INFO: Run Behavior\ParseTemplateBehavior [ RunTime:0.004082s ]
INFO: [ view_parse ] --END-- [ RunTime:0.004124s ]
INFO: [ view_filter ] --START--
INFO: Run Behavior\WriteHtmlCacheBehavior [ RunTime:0.000100s ]
INFO: [ view_filter ] --END-- [ RunTime:0.000133s ]
INFO: [ app_end ] --START--
INFO: Run Behavior\ShowPageTraceBehavior [ RunTime:0.000107s ]
INFO: [ app_end ] --END-- [ RunTime:0.000141s ]

[ 2016-06-25T12:13:47+08:00 ] 61.131.96.155 /index.php/Admin/Post/meta
INFO: [ app_init ] --START--
INFO: Run Behavior\BuildLiteBehavior [ RunTime:0.000017s ]
INFO: [ app_init ] --END-- [ RunTime:0.000104s ]
INFO: [ app_begin ] --START--
INFO: Run Behavior\ReadHtmlCacheBehavior [ RunTime:0.000116s ]
INFO: [ app_begin ] --END-- [ RunTime:0.000152s ]
INFO: [ action_begin ] --START--
INFO: Run Home\Behavior\blogInitBehavior [ RunTime:0.000590s ]
INFO: [ action_begin ] --END-- [ RunTime:0.000629s ]
INFO: [ view_parse ] --START--
INFO: [ template_filter ] --START--
INFO: Run Behavior\ContentReplaceBehavior [ RunTime:0.000031s ]
INFO: [ template_filter ] --END-- [ RunTime:0.000071s ]
NOTIC: [8] Undefined variable: adminLogin /var/www/html/blog/Application/Runtime/Cache/Admin/52542c5b801e8dae76855a648cb8cd57.php 第 83 行.
INFO: Run Behavior\ParseTemplateBehavior [ RunTime:0.003965s ]
INFO: [ view_parse ] --END-- [ RunTime:0.004006s ]
INFO: [ view_filter ] --START--
INFO: Run Behavior\WriteHtmlCacheBehavior [ RunTime:0.000091s ]
INFO: [ view_filter ] --END-- [ RunTime:0.000119s ]
INFO: [ app_end ] --START--
INFO: Run Behavior\ShowPageTraceBehavior [ RunTime:0.000091s ]
INFO: [ app_end ] --END-- [ RunTime:0.000120s ]

[ 2016-06-25T12:13:53+08:00 ] 61.131.96.155 /index.php/Admin/Post/pageIndex
INFO: [ app_init ] --START--
INFO: Run Behavior\BuildLiteBehavior [ RunTime:0.000018s ]
INFO: [ app_init ] --END-- [ RunTime:0.000145s ]
INFO: [ app_begin ] --START--
INFO: Run Behavior\ReadHtmlCacheBehavior [ RunTime:0.000112s ]
INFO: [ app_begin ] --END-- [ RunTime:0.000151s ]
INFO: [ action_begin ] --START--
INFO: Run Home\Behavior\blogInitBehavior [ RunTime:0.001858s ]
INFO: [ action_begin ] --END-- [ RunTime:0.001914s ]
INFO: [ view_parse ] --START--
INFO: [ template_filter ] --START--
INFO: Run Behavior\ContentReplaceBehavior [ RunTime:0.000046s ]
INFO: [ template_filter ] --END-- [ RunTime:0.000090s ]
NOTIC: [8] Undefined variable: adminLogin /var/www/html/blog/Application/Runtime/Cache/Admin/2af9f05e5f1c599ba72b55041c8be7fd.php 第 95 行.
INFO: Run Behavior\ParseTemplateBehavior [ RunTime:0.004806s ]
INFO: [ view_parse ] --END-- [ RunTime:0.004847s ]
INFO: [ view_filter ] --START--
INFO: Run Behavior\WriteHtmlCacheBehavior [ RunTime:0.000095s ]
INFO: [ view_filter ] --END-- [ RunTime:0.000124s ]
INFO: [ app_end ] --START--
INFO: Run Behavior\ShowPageTraceBehavior [ RunTime:0.000103s ]
INFO: [ app_end ] --END-- [ RunTime:0.000134s ]

[ 2016-06-25T12:13:56+08:00 ] 61.131.96.155 /index.php/Admin/Post/pageEdit/7
INFO: [ app_init ] --START--
INFO: Run Behavior\BuildLiteBehavior [ RunTime:0.000013s ]
INFO: [ app_init ] --END-- [ RunTime:0.000096s ]
INFO: [ app_begin ] --START--
INFO: Run Behavior\ReadHtmlCacheBehavior [ RunTime:0.000093s ]
INFO: [ app_begin ] --END-- [ RunTime:0.000131s ]
INFO: [ action_begin ] --START--
INFO: Run Home\Behavior\blogInitBehavior [ RunTime:0.000605s ]
INFO: [ action_begin ] --END-- [ RunTime:0.000643s ]
INFO: [ view_parse ] --START--
INFO: [ template_filter ] --START--
INFO: Run Behavior\ContentReplaceBehavior [ RunTime:0.000037s ]
INFO: [ template_filter ] --END-- [ RunTime:0.000074s ]
NOTIC: [8] Undefined variable: rank /var/www/html/blog/Application/Runtime/Cache/Admin/a7d6a8b816bfac2a692a11262cc2b349.php 第 68 行.
NOTIC: [8] Undefined variable: adminLogin /var/www/html/blog/Application/Runtime/Cache/Admin/a7d6a8b816bfac2a692a11262cc2b349.php 第 103 行.
INFO: Run Behavior\ParseTemplateBehavior [ RunTime:0.004077s ]
INFO: [ view_parse ] --END-- [ RunTime:0.004114s ]
INFO: [ view_filter ] --START--
INFO: Run Behavior\WriteHtmlCacheBehavior [ RunTime:0.000092s ]
INFO: [ view_filter ] --END-- [ RunTime:0.000119s ]
INFO: [ app_end ] --START--
INFO: Run Behavior\ShowPageTraceBehavior [ RunTime:0.000094s ]
INFO: [ app_end ] --END-- [ RunTime:0.000124s ]

[ 2016-06-25T12:14:01+08:00 ] 61.131.96.155 /index.php/Admin/Post/pageEdit/7
INFO: [ app_init ] --START--
INFO: Run Behavior\BuildLiteBehavior [ RunTime:0.000014s ]
INFO: [ app_init ] --END-- [ RunTime:0.000098s ]
INFO: [ app_begin ] --START--
INFO: Run Behavior\ReadHtmlCacheBehavior [ RunTime:0.000089s ]
INFO: [ app_begin ] --END-- [ RunTime:0.000123s ]
INFO: [ action_begin ] --START--
INFO: Run Home\Behavior\blogInitBehavior [ RunTime:0.000574s ]
INFO: [ action_begin ] --END-- [ RunTime:0.000613s ]
INFO: [ view_parse ] --START--
INFO: [ template_filter ] --START--
INFO: Run Behavior\ContentReplaceBehavior [ RunTime:0.000032s ]
INFO: [ template_filter ] --END-- [ RunTime:0.000107s ]
INFO: Run Behavior\ParseTemplateBehavior [ RunTime:0.001981s ]
INFO: [ view_parse ] --END-- [ RunTime:0.002026s ]
INFO: [ view_filter ] --START--
INFO: Run Behavior\WriteHtmlCacheBehavior [ RunTime:0.000094s ]
INFO: [ view_filter ] --END-- [ RunTime:0.000171s ]
INFO: [ app_end ] --START--
INFO: Run Behavior\ShowPageTraceBehavior [ RunTime:0.000097s ]
INFO: [ app_end ] --END-- [ RunTime:0.000127s ]

[ 2016-06-25T12:14:02+08:00 ] 61.131.96.155 /index.php/Admin/Post/pageIndex
INFO: [ app_init ] --START--
INFO: Run Behavior\BuildLiteBehavior [ RunTime:0.000014s ]
INFO: [ app_init ] --END-- [ RunTime:0.000113s ]
INFO: [ app_begin ] --START--
INFO: Run Behavior\ReadHtmlCacheBehavior [ RunTime:0.000080s ]
INFO: [ app_begin ] --END-- [ RunTime:0.000114s ]
INFO: [ action_begin ] --START--
INFO: Run Home\Behavior\blogInitBehavior [ RunTime:0.000600s ]
INFO: [ action_begin ] --END-- [ RunTime:0.000644s ]
INFO: [ view_parse ] --START--
INFO: [ template_filter ] --START--
INFO: Run Behavior\ContentReplaceBehavior [ RunTime:0.000035s ]
INFO: [ template_filter ] --END-- [ RunTime:0.000073s ]
NOTIC: [8] Undefined variable: adminLogin /var/www/html/blog/Application/Runtime/Cache/Admin/2af9f05e5f1c599ba72b55041c8be7fd.php 第 95 行.
INFO: Run Behavior\ParseTemplateBehavior [ RunTime:0.004003s ]
INFO: [ view_parse ] --END-- [ RunTime:0.004036s ]
INFO: [ view_filter ] --START--
INFO: Run Behavior\WriteHtmlCacheBehavior [ RunTime:0.000080s ]
INFO: [ view_filter ] --END-- [ RunTime:0.000108s ]
INFO: [ app_end ] --START--
INFO: Run Behavior\ShowPageTraceBehavior [ RunTime:0.000080s ]
INFO: [ app_end ] --END-- [ RunTime:0.000110s ]

[ 2016-06-25T13:11:13+08:00 ] 61.131.96.155 /index.php/Admin
INFO: [ app_init ] --START--
INFO: Run Behavior\BuildLiteBehavior [ RunTime:0.000023s ]
INFO: [ app_init ] --END-- [ RunTime:0.000177s ]
INFO: [ app_begin ] --START--
INFO: Run Behavior\ReadHtmlCacheBehavior [ RunTime:0.000160s ]
INFO: [ app_begin ] --END-- [ RunTime:0.000202s ]
INFO: [ action_begin ] --START--
INFO: Run Home\Behavior\blogInitBehavior [ RunTime:0.002093s ]
INFO: [ action_begin ] --END-- [ RunTime:0.002142s ]

[ 2016-06-25T13:11:13+08:00 ] 61.131.96.155 /index.php/Admin/Index/login.html
INFO: [ app_init ] --START--
INFO: Run Behavior\BuildLiteBehavior [ RunTime:0.000017s ]
INFO: [ app_init ] --END-- [ RunTime:0.000124s ]
INFO: [ app_begin ] --START--
INFO: Run Behavior\ReadHtmlCacheBehavior [ RunTime:0.000081s ]
INFO: [ app_begin ] --END-- [ RunTime:0.000120s ]
INFO: [ action_begin ] --START--
INFO: Run Home\Behavior\blogInitBehavior [ RunTime:0.000616s ]
INFO: [ action_begin ] --END-- [ RunTime:0.000666s ]
NOTIC: [8] Undefined index: UID /var/www/html/blog/Application/Admin/Controller/IndexController.class.php 第 16 行.
NOTIC: [8] Undefined index: password /var/www/html/blog/Application/Admin/Controller/IndexController.class.php 第 23 行.
INFO: [ view_parse ] --START--
INFO: [ template_filter ] --START--
INFO: Run Behavior\ContentReplaceBehavior [ RunTime:0.000054s ]
INFO: [ template_filter ] --END-- [ RunTime:0.000157s ]
INFO: Run Behavior\ParseTemplateBehavior [ RunTime:0.003787s ]
INFO: [ view_parse ] --END-- [ RunTime:0.003827s ]
INFO: [ view_filter ] --START--
INFO: Run Behavior\WriteHtmlCacheBehavior [ RunTime:0.000096s ]
INFO: [ view_filter ] --END-- [ RunTime:0.000123s ]
INFO: [ app_end ] --START--
INFO: Run Behavior\ShowPageTraceBehavior [ RunTime:0.000101s ]
INFO: [ app_end ] --END-- [ RunTime:0.000130s ]

[ 2016-06-25T13:11:14+08:00 ] 61.131.96.155 /index.php/Admin/Index/login
INFO: [ app_init ] --START--
INFO: Run Behavior\BuildLiteBehavior [ RunTime:0.000013s ]
INFO: [ app_init ] --END-- [ RunTime:0.000084s ]
INFO: [ app_begin ] --START--
INFO: Run Behavior\ReadHtmlCacheBehavior [ RunTime:0.000108s ]
INFO: [ app_begin ] --END-- [ RunTime:0.000145s ]
INFO: [ action_begin ] --START--
INFO: Run Home\Behavior\blogInitBehavior [ RunTime:0.000617s ]
INFO: [ action_begin ] --END-- [ RunTime:0.000659s ]
NOTIC: [8] Undefined index: UID /var/www/html/blog/Application/Admin/Controller/IndexController.class.php 第 16 行.
NOTIC: [8] Undefined index: password /var/www/html/blog/Application/Admin/Controller/IndexController.class.php 第 23 行.
INFO: [ view_parse ] --START--
INFO: [ template_filter ] --START--
INFO: Run Behavior\ContentReplaceBehavior [ RunTime:0.000031s ]
INFO: [ template_filter ] --END-- [ RunTime:0.000068s ]
INFO: Run Behavior\ParseTemplateBehavior [ RunTime:0.001881s ]
INFO: [ view_parse ] --END-- [ RunTime:0.001922s ]
INFO: [ view_filter ] --START--
INFO: Run Behavior\WriteHtmlCacheBehavior [ RunTime:0.000083s ]
INFO: [ view_filter ] --END-- [ RunTime:0.000118s ]
INFO: [ app_end ] --START--
INFO: Run Behavior\ShowPageTraceBehavior [ RunTime:0.000086s ]
INFO: [ app_end ] --END-- [ RunTime:0.000119s ]

[ 2016-06-25T13:11:15+08:00 ] 61.131.96.155 /index.php/Admin/Index/index
INFO: [ app_init ] --START--
INFO: Run Behavior\BuildLiteBehavior [ RunTime:0.000013s ]
INFO: [ app_init ] --END-- [ RunTime:0.000083s ]
INFO: [ app_begin ] --START--
INFO: Run Behavior\ReadHtmlCacheBehavior [ RunTime:0.000080s ]
INFO: [ app_begin ] --END-- [ RunTime:0.000114s ]
INFO: [ action_begin ] --START--
INFO: Run Home\Behavior\blogInitBehavior [ RunTime:0.000570s ]
INFO: [ action_begin ] --END-- [ RunTime:0.000609s ]
INFO: [ view_parse ] --START--
INFO: [ template_filter ] --START--
INFO: Run Behavior\ContentReplaceBehavior [ RunTime:0.000030s ]
INFO: [ template_filter ] --END-- [ RunTime:0.000068s ]
NOTIC: [8] Undefined index: date /var/www/html/blog/Application/Runtime/Cache/Admin/b595b808c2ebeeeb0478ffc30bb4e87a.php 第 81 行.
NOTIC: [8] Undefined index: date /var/www/html/blog/Application/Runtime/Cache/Admin/b595b808c2ebeeeb0478ffc30bb4e87a.php 第 81 行.
NOTIC: [8] Undefined index: date /var/www/html/blog/Application/Runtime/Cache/Admin/b595b808c2ebeeeb0478ffc30bb4e87a.php 第 81 行.
NOTIC: [8] Undefined index: date /var/www/html/blog/Application/Runtime/Cache/Admin/b595b808c2ebeeeb0478ffc30bb4e87a.php 第 81 行.
NOTIC: [8] Undefined variable: adminLogin /var/www/html/blog/Application/Runtime/Cache/Admin/b595b808c2ebeeeb0478ffc30bb4e87a.php 第 104 行.
INFO: Run Behavior\ParseTemplateBehavior [ RunTime:0.004416s ]
INFO: [ view_parse ] --END-- [ RunTime:0.004457s ]
INFO: [ view_filter ] --START--
INFO: Run Behavior\WriteHtmlCacheBehavior [ RunTime:0.000083s ]
INFO: [ view_filter ] --END-- [ RunTime:0.000113s ]
INFO: [ app_end ] --START--
INFO: Run Behavior\ShowPageTraceBehavior [ RunTime:0.000211s ]
INFO: [ app_end ] --END-- [ RunTime:0.000250s ]

[ 2016-06-25T13:11:16+08:00 ] 61.131.96.155 /index.php/Admin/Index/setting
INFO: [ app_init ] --START--
INFO: Run Behavior\BuildLiteBehavior [ RunTime:0.000015s ]
INFO: [ app_init ] --END-- [ RunTime:0.000103s ]
INFO: [ app_begin ] --START--
INFO: Run Behavior\ReadHtmlCacheBehavior [ RunTime:0.000091s ]
INFO: [ app_begin ] --END-- [ RunTime:0.000126s ]
INFO: [ action_begin ] --START--
INFO: Run Home\Behavior\blogInitBehavior [ RunTime:0.000576s ]
INFO: [ action_begin ] --END-- [ RunTime:0.000615s ]
INFO: [ view_parse ] --START--
INFO: [ template_filter ] --START--
INFO: Run Behavior\ContentReplaceBehavior [ RunTime:0.000046s ]
INFO: [ template_filter ] --END-- [ RunTime:0.000085s ]
NOTIC: [8] Undefined variable: adminLogin /var/www/html/blog/Application/Runtime/Cache/Admin/840e08246e611bc7f19150e4f68f9d16.php 第 87 行.
INFO: Run Behavior\ParseTemplateBehavior [ RunTime:0.003498s ]
INFO: [ view_parse ] --END-- [ RunTime:0.003532s ]
INFO: [ view_filter ] --START--
INFO: Run Behavior\WriteHtmlCacheBehavior [ RunTime:0.000095s ]
INFO: [ view_filter ] --END-- [ RunTime:0.000134s ]
INFO: [ app_end ] --START--
INFO: Run Behavior\ShowPageTraceBehavior [ RunTime:0.000111s ]
INFO: [ app_end ] --END-- [ RunTime:0.000143s ]

[ 2016-06-25T13:11:22+08:00 ] 61.131.96.155 /index.php/Admin/Index/setting
INFO: [ app_init ] --START--
INFO: Run Behavior\BuildLiteBehavior [ RunTime:0.000019s ]
INFO: [ app_init ] --END-- [ RunTime:0.000150s ]
INFO: [ app_begin ] --START--
INFO: Run Behavior\ReadHtmlCacheBehavior [ RunTime:0.000111s ]
INFO: [ app_begin ] --END-- [ RunTime:0.000153s ]
INFO: [ action_begin ] --START--
INFO: Run Home\Behavior\blogInitBehavior [ RunTime:0.001921s ]
INFO: [ action_begin ] --END-- [ RunTime:0.001990s ]
INFO: [ view_parse ] --START--
INFO: [ template_filter ] --START--
INFO: Run Behavior\ContentReplaceBehavior [ RunTime:0.000046s ]
INFO: [ template_filter ] --END-- [ RunTime:0.000148s ]
INFO: Run Behavior\ParseTemplateBehavior [ RunTime:0.002823s ]
INFO: [ view_parse ] --END-- [ RunTime:0.002880s ]
INFO: [ view_filter ] --START--
INFO: Run Behavior\WriteHtmlCacheBehavior [ RunTime:0.000097s ]
INFO: [ view_filter ] --END-- [ RunTime:0.000128s ]
INFO: [ app_end ] --START--
INFO: Run Behavior\ShowPageTraceBehavior [ RunTime:0.000106s ]
INFO: [ app_end ] --END-- [ RunTime:0.000136s ]

[ 2016-06-25T13:11:23+08:00 ] 61.131.96.155 /index.php/Admin/Index/setting
INFO: [ app_init ] --START--
INFO: Run Behavior\BuildLiteBehavior [ RunTime:0.000013s ]
INFO: [ app_init ] --END-- [ RunTime:0.000088s ]
INFO: [ app_begin ] --START--
INFO: Run Behavior\ReadHtmlCacheBehavior [ RunTime:0.000079s ]
INFO: [ app_begin ] --END-- [ RunTime:0.000114s ]
INFO: [ action_begin ] --START--
INFO: Run Home\Behavior\blogInitBehavior [ RunTime:0.000771s ]
INFO: [ action_begin ] --END-- [ RunTime:0.000810s ]
INFO: [ view_parse ] --START--
INFO: [ template_filter ] --START--
INFO: Run Behavior\ContentReplaceBehavior [ RunTime:0.000034s ]
INFO: [ template_filter ] --END-- [ RunTime:0.000072s ]
NOTIC: [8] Undefined variable: adminLogin /var/www/html/blog/Application/Runtime/Cache/Admin/840e08246e611bc7f19150e4f68f9d16.php 第 87 行.
INFO: Run Behavior\ParseTemplateBehavior [ RunTime:0.003510s ]
INFO: [ view_parse ] --END-- [ RunTime:0.003547s ]
INFO: [ view_filter ] --START--
INFO: Run Behavior\WriteHtmlCacheBehavior [ RunTime:0.000078s ]
INFO: [ view_filter ] --END-- [ RunTime:0.000106s ]
INFO: [ app_end ] --START--
INFO: Run Behavior\ShowPageTraceBehavior [ RunTime:0.000079s ]
INFO: [ app_end ] --END-- [ RunTime:0.000108s ]

[ 2016-06-25T13:43:30+08:00 ] 61.131.96.155 /index.php/Admin
INFO: [ app_init ] --START--
INFO: Run Behavior\BuildLiteBehavior [ RunTime:0.000017s ]
INFO: [ app_init ] --END-- [ RunTime:0.000143s ]
INFO: [ app_begin ] --START--
INFO: Run Behavior\ReadHtmlCacheBehavior [ RunTime:0.000109s ]
INFO: [ app_begin ] --END-- [ RunTime:0.000147s ]
INFO: [ action_begin ] --START--
INFO: Run Home\Behavior\blogInitBehavior [ RunTime:0.001993s ]
INFO: [ action_begin ] --END-- [ RunTime:0.002052s ]
INFO: [ view_parse ] --START--
INFO: [ template_filter ] --START--
INFO: Run Behavior\ContentReplaceBehavior [ RunTime:0.000034s ]
INFO: [ template_filter ] --END-- [ RunTime:0.000075s ]
NOTIC: [8] Undefined index: date /var/www/html/blog/Application/Runtime/Cache/Admin/b595b808c2ebeeeb0478ffc30bb4e87a.php 第 81 行.
NOTIC: [8] Undefined index: date /var/www/html/blog/Application/Runtime/Cache/Admin/b595b808c2ebeeeb0478ffc30bb4e87a.php 第 81 行.
NOTIC: [8] Undefined index: date /var/www/html/blog/Application/Runtime/Cache/Admin/b595b808c2ebeeeb0478ffc30bb4e87a.php 第 81 行.
NOTIC: [8] Undefined index: date /var/www/html/blog/Application/Runtime/Cache/Admin/b595b808c2ebeeeb0478ffc30bb4e87a.php 第 81 行.
NOTIC: [8] Undefined variable: adminLogin /var/www/html/blog/Application/Runtime/Cache/Admin/b595b808c2ebeeeb0478ffc30bb4e87a.php 第 104 行.
INFO: Run Behavior\ParseTemplateBehavior [ RunTime:0.005022s ]
INFO: [ view_parse ] --END-- [ RunTime:0.005064s ]
INFO: [ view_filter ] --START--
INFO: Run Behavior\WriteHtmlCacheBehavior [ RunTime:0.000111s ]
INFO: [ view_filter ] --END-- [ RunTime:0.000140s ]
INFO: [ app_end ] --START--
INFO: Run Behavior\ShowPageTraceBehavior [ RunTime:0.000104s ]
INFO: [ app_end ] --END-- [ RunTime:0.000135s ]

[ 2016-06-25T13:43:32+08:00 ] 61.131.96.155 /index.php/Admin/Index/setting
INFO: [ app_init ] --START--
INFO: Run Behavior\BuildLiteBehavior [ RunTime:0.000013s ]
INFO: [ app_init ] --END-- [ RunTime:0.000083s ]
INFO: [ app_begin ] --START--
INFO: Run Behavior\ReadHtmlCacheBehavior [ RunTime:0.000080s ]
INFO: [ app_begin ] --END-- [ RunTime:0.000114s ]
INFO: [ action_begin ] --START--
INFO: Run Home\Behavior\blogInitBehavior [ RunTime:0.000615s ]
INFO: [ action_begin ] --END-- [ RunTime:0.000653s ]
INFO: [ view_parse ] --START--
INFO: [ template_filter ] --START--
INFO: Run Behavior\ContentReplaceBehavior [ RunTime:0.000035s ]
INFO: [ template_filter ] --END-- [ RunTime:0.000077s ]
NOTIC: [8] Undefined variable: adminLogin /var/www/html/blog/Application/Runtime/Cache/Admin/840e08246e611bc7f19150e4f68f9d16.php 第 87 行.
INFO: Run Behavior\ParseTemplateBehavior [ RunTime:0.003612s ]
INFO: [ view_parse ] --END-- [ RunTime:0.003650s ]
INFO: [ view_filter ] --START--
INFO: Run Behavior\WriteHtmlCacheBehavior [ RunTime:0.000081s ]
INFO: [ view_filter ] --END-- [ RunTime:0.000109s ]
INFO: [ app_end ] --START--
INFO: Run Behavior\ShowPageTraceBehavior [ RunTime:0.000081s ]
INFO: [ app_end ] --END-- [ RunTime:0.000110s ]

[ 2016-06-25T13:54:50+08:00 ] 61.131.96.155 /index.php/Admin/Index/setting
INFO: [ app_init ] --START--
INFO: Run Behavior\BuildLiteBehavior [ RunTime:0.000018s ]
INFO: [ app_init ] --END-- [ RunTime:0.000161s ]
INFO: [ app_begin ] --START--
INFO: Run Behavior\ReadHtmlCacheBehavior [ RunTime:0.000132s ]
INFO: [ app_begin ] --END-- [ RunTime:0.000184s ]
INFO: [ action_begin ] --START--
INFO: Run Home\Behavior\blogInitBehavior [ RunTime:0.001882s ]
INFO: [ action_begin ] --END-- [ RunTime:0.001931s ]
INFO: [ view_parse ] --START--
INFO: [ template_filter ] --START--
INFO: Run Behavior\ContentReplaceBehavior [ RunTime:0.000057s ]
INFO: [ template_filter ] --END-- [ RunTime:0.000122s ]
NOTIC: [8] Undefined variable: adminLogin /var/www/html/blog/Application/Runtime/Cache/Admin/840e08246e611bc7f19150e4f68f9d16.php 第 87 行.
INFO: Run Behavior\ParseTemplateBehavior [ RunTime:0.004626s ]
INFO: [ view_parse ] --END-- [ RunTime:0.004667s ]
INFO: [ view_filter ] --START--
INFO: Run Behavior\WriteHtmlCacheBehavior [ RunTime:0.000097s ]
INFO: [ view_filter ] --END-- [ RunTime:0.000131s ]
INFO: [ app_end ] --START--
INFO: Run Behavior\ShowPageTraceBehavior [ RunTime:0.000109s ]
INFO: [ app_end ] --END-- [ RunTime:0.000141s ]

[ 2016-06-25T13:54:51+08:00 ] 61.131.96.155 /index.php/Admin/Post/edit
INFO: [ app_init ] --START--
INFO: Run Behavior\BuildLiteBehavior [ RunTime:0.000019s ]
INFO: [ app_init ] --END-- [ RunTime:0.000090s ]
INFO: [ app_begin ] --START--
INFO: Run Behavior\ReadHtmlCacheBehavior [ RunTime:0.000079s ]
INFO: [ app_begin ] --END-- [ RunTime:0.000113s ]
INFO: [ action_begin ] --START--
INFO: Run Home\Behavior\blogInitBehavior [ RunTime:0.000608s ]
INFO: [ action_begin ] --END-- [ RunTime:0.000649s ]
INFO: [ view_parse ] --START--
INFO: [ template_filter ] --START--
INFO: Run Behavior\ContentReplaceBehavior [ RunTime:0.000041s ]
INFO: [ template_filter ] --END-- [ RunTime:0.000082s ]
NOTIC: [8] Undefined variable: post /var/www/html/blog/Application/Runtime/Cache/Admin/ad0aa96141d1532f0b2315bf5ded154d.php 第 61 行.
NOTIC: [8] Undefined variable: post /var/www/html/blog/Application/Runtime/Cache/Admin/ad0aa96141d1532f0b2315bf5ded154d.php 第 67 行.
NOTIC: [8] Undefined variable: rank /var/www/html/blog/Application/Runtime/Cache/Admin/ad0aa96141d1532f0b2315bf5ded154d.php 第 68 行.
NOTIC: [8] Undefined variable: post /var/www/html/blog/Application/Runtime/Cache/Admin/ad0aa96141d1532f0b2315bf5ded154d.php 第 70 行.
NOTIC: [8] Undefined variable: post /var/www/html/blog/Application/Runtime/Cache/Admin/ad0aa96141d1532f0b2315bf5ded154d.php 第 73 行.
NOTIC: [8] Undefined variable: post /var/www/html/blog/Application/Runtime/Cache/Admin/ad0aa96141d1532f0b2315bf5ded154d.php 第 78 行.
NOTIC: [8] Undefined variable: post /var/www/html/blog/Application/Runtime/Cache/Admin/ad0aa96141d1532f0b2315bf5ded154d.php 第 90 行.
NOTIC: [8] Undefined variable: post /var/www/html/blog/Application/Runtime/Cache/Admin/ad0aa96141d1532f0b2315bf5ded154d.php 第 90 行.
NOTIC: [8] Undefined variable: post /var/www/html/blog/Application/Runtime/Cache/Admin/ad0aa96141d1532f0b2315bf5ded154d.php 第 94 行.
NOTIC: [8] Undefined variable: post /var/www/html/blog/Application/Runtime/Cache/Admin/ad0aa96141d1532f0b2315bf5ded154d.php 第 105 行.
NOTIC: [8] Undefined variable: adminLogin /var/www/html/blog/Application/Runtime/Cache/Admin/ad0aa96141d1532f0b2315bf5ded154d.php 第 112 行.
INFO: Run Behavior\ParseTemplateBehavior [ RunTime:0.005380s ]
INFO: [ view_parse ] --END-- [ RunTime:0.005414s ]
INFO: [ view_filter ] --START--
INFO: Run Behavior\WriteHtmlCacheBehavior [ RunTime:0.000080s ]
INFO: [ view_filter ] --END-- [ RunTime:0.000110s ]
INFO: [ app_end ] --START--
INFO: Run Behavior\ShowPageTraceBehavior [ RunTime:0.000081s ]
INFO: [ app_end ] --END-- [ RunTime:0.000111s ]

[ 2016-06-25T13:54:53+08:00 ] 61.131.96.155 /index.php/Admin/Index/setting
INFO: [ app_init ] --START--
INFO: Run Behavior\BuildLiteBehavior [ RunTime:0.000014s ]
INFO: [ app_init ] --END-- [ RunTime:0.000101s ]
INFO: [ app_begin ] --START--
INFO: Run Behavior\ReadHtmlCacheBehavior [ RunTime:0.000092s ]
INFO: [ app_begin ] --END-- [ RunTime:0.000126s ]
INFO: [ action_begin ] --START--
INFO: Run Home\Behavior\blogInitBehavior [ RunTime:0.000585s ]
INFO: [ action_begin ] --END-- [ RunTime:0.000626s ]
INFO: [ view_parse ] --START--
INFO: [ template_filter ] --START--
INFO: Run Behavior\ContentReplaceBehavior [ RunTime:0.000034s ]
INFO: [ template_filter ] --END-- [ RunTime:0.000079s ]
NOTIC: [8] Undefined variable: adminLogin /var/www/html/blog/Application/Runtime/Cache/Admin/840e08246e611bc7f19150e4f68f9d16.php 第 87 行.
INFO: Run Behavior\ParseTemplateBehavior [ RunTime:0.003417s ]
INFO: [ view_parse ] --END-- [ RunTime:0.003453s ]
INFO: [ view_filter ] --START--
INFO: Run Behavior\WriteHtmlCacheBehavior [ RunTime:0.000091s ]
INFO: [ view_filter ] --END-- [ RunTime:0.000119s ]
INFO: [ app_end ] --START--
INFO: Run Behavior\ShowPageTraceBehavior [ RunTime:0.000091s ]
INFO: [ app_end ] --END-- [ RunTime:0.000120s ]

[ 2016-06-25T19:26:31+08:00 ] 61.131.96.155 /index.php/Admin
INFO: [ app_init ] --START--
INFO: Run Behavior\BuildLiteBehavior [ RunTime:0.000014s ]
INFO: [ app_init ] --END-- [ RunTime:0.000099s ]
INFO: [ app_begin ] --START--
INFO: Run Behavior\ReadHtmlCacheBehavior [ RunTime:0.000157s ]
INFO: [ app_begin ] --END-- [ RunTime:0.000193s ]
INFO: [ action_begin ] --START--
INFO: Run Home\Behavior\blogInitBehavior [ RunTime:0.000589s ]
INFO: [ action_begin ] --END-- [ RunTime:0.000628s ]

[ 2016-06-25T19:26:31+08:00 ] 61.131.96.155 /index.php/Admin/Index/login.html
INFO: [ app_init ] --START--
INFO: Run Behavior\BuildLiteBehavior [ RunTime:0.000014s ]
INFO: [ app_init ] --END-- [ RunTime:0.000141s ]
INFO: [ app_begin ] --START--
INFO: Run Behavior\ReadHtmlCacheBehavior [ RunTime:0.000080s ]
INFO: [ app_begin ] --END-- [ RunTime:0.000116s ]
INFO: [ action_begin ] --START--
INFO: Run Home\Behavior\blogInitBehavior [ RunTime:0.000562s ]
INFO: [ action_begin ] --END-- [ RunTime:0.000601s ]
NOTIC: [8] Undefined index: UID /var/www/html/blog/Application/Admin/Controller/IndexController.class.php 第 16 行.
NOTIC: [8] Undefined index: password /var/www/html/blog/Application/Admin/Controller/IndexController.class.php 第 23 行.
INFO: [ view_parse ] --START--
INFO: [ template_filter ] --START--
INFO: Run Behavior\ContentReplaceBehavior [ RunTime:0.000036s ]
INFO: [ template_filter ] --END-- [ RunTime:0.000077s ]
INFO: Run Behavior\ParseTemplateBehavior [ RunTime:0.003191s ]
INFO: [ view_parse ] --END-- [ RunTime:0.003226s ]
INFO: [ view_filter ] --START--
INFO: Run Behavior\WriteHtmlCacheBehavior [ RunTime:0.000093s ]
INFO: [ view_filter ] --END-- [ RunTime:0.000121s ]
INFO: [ app_end ] --START--
INFO: Run Behavior\ShowPageTraceBehavior [ RunTime:0.000093s ]
INFO: [ app_end ] --END-- [ RunTime:0.000121s ]

[ 2016-06-25T19:26:32+08:00 ] 61.131.96.155 /index.php/Admin/Index/login
INFO: [ app_init ] --START--
INFO: Run Behavior\BuildLiteBehavior [ RunTime:0.000014s ]
INFO: [ app_init ] --END-- [ RunTime:0.000084s ]
INFO: [ app_begin ] --START--
INFO: Run Behavior\ReadHtmlCacheBehavior [ RunTime:0.000077s ]
INFO: [ app_begin ] --END-- [ RunTime:0.000112s ]
INFO: [ action_begin ] --START--
INFO: Run Home\Behavior\blogInitBehavior [ RunTime:0.000564s ]
INFO: [ action_begin ] --END-- [ RunTime:0.000603s ]
NOTIC: [8] Undefined index: UID /var/www/html/blog/Application/Admin/Controller/IndexController.class.php 第 16 行.
NOTIC: [8] Undefined index: password /var/www/html/blog/Application/Admin/Controller/IndexController.class.php 第 23 行.
INFO: [ view_parse ] --START--
INFO: [ template_filter ] --START--
INFO: Run Behavior\ContentReplaceBehavior [ RunTime:0.000030s ]
INFO: [ template_filter ] --END-- [ RunTime:0.000064s ]
INFO: Run Behavior\ParseTemplateBehavior [ RunTime:0.001741s ]
INFO: [ view_parse ] --END-- [ RunTime:0.001778s ]
INFO: [ view_filter ] --START--
INFO: Run Behavior\WriteHtmlCacheBehavior [ RunTime:0.000080s ]
INFO: [ view_filter ] --END-- [ RunTime:0.000107s ]
INFO: [ app_end ] --START--
INFO: Run Behavior\ShowPageTraceBehavior [ RunTime:0.000079s ]
INFO: [ app_end ] --END-- [ RunTime:0.000109s ]

[ 2016-06-25T19:26:33+08:00 ] 61.131.96.155 /index.php/Admin/Index/index
INFO: [ app_init ] --START--
INFO: Run Behavior\BuildLiteBehavior [ RunTime:0.000013s ]
INFO: [ app_init ] --END-- [ RunTime:0.000084s ]
INFO: [ app_begin ] --START--
INFO: Run Behavior\ReadHtmlCacheBehavior [ RunTime:0.000081s ]
INFO: [ app_begin ] --END-- [ RunTime:0.000117s ]
INFO: [ action_begin ] --START--
INFO: Run Home\Behavior\blogInitBehavior [ RunTime:0.000615s ]
INFO: [ action_begin ] --END-- [ RunTime:0.000664s ]
INFO: [ view_parse ] --START--
INFO: [ template_filter ] --START--
INFO: Run Behavior\ContentReplaceBehavior [ RunTime:0.000045s ]
INFO: [ template_filter ] --END-- [ RunTime:0.000100s ]
NOTIC: [8] Undefined index: date /var/www/html/blog/Application/Runtime/Cache/Admin/b595b808c2ebeeeb0478ffc30bb4e87a.php 第 81 行.
NOTIC: [8] Undefined index: date /var/www/html/blog/Application/Runtime/Cache/Admin/b595b808c2ebeeeb0478ffc30bb4e87a.php 第 81 行.
NOTIC: [8] Undefined index: date /var/www/html/blog/Application/Runtime/Cache/Admin/b595b808c2ebeeeb0478ffc30bb4e87a.php 第 81 行.
NOTIC: [8] Undefined index: date /var/www/html/blog/Application/Runtime/Cache/Admin/b595b808c2ebeeeb0478ffc30bb4e87a.php 第 81 行.
NOTIC: [8] Undefined variable: adminLogin /var/www/html/blog/Application/Runtime/Cache/Admin/b595b808c2ebeeeb0478ffc30bb4e87a.php 第 104 行.
INFO: Run Behavior\ParseTemplateBehavior [ RunTime:0.004418s ]
INFO: [ view_parse ] --END-- [ RunTime:0.004457s ]
INFO: [ view_filter ] --START--
INFO: Run Behavior\WriteHtmlCacheBehavior [ RunTime:0.000102s ]
INFO: [ view_filter ] --END-- [ RunTime:0.000131s ]
INFO: [ app_end ] --START--
INFO: Run Behavior\ShowPageTraceBehavior [ RunTime:0.000081s ]
INFO: [ app_end ] --END-- [ RunTime:0.000110s ]

[ 2016-06-25T19:26:35+08:00 ] 61.131.96.155 /index.php/Admin/Index
INFO: [ app_init ] --START--
INFO: Run Behavior\BuildLiteBehavior [ RunTime:0.000013s ]
INFO: [ app_init ] --END-- [ RunTime:0.000099s ]
INFO: [ app_begin ] --START--
INFO: Run Behavior\ReadHtmlCacheBehavior [ RunTime:0.000091s ]
INFO: [ app_begin ] --END-- [ RunTime:0.000125s ]
INFO: [ action_begin ] --START--
INFO: Run Home\Behavior\blogInitBehavior [ RunTime:0.000567s ]
INFO: [ action_begin ] --END-- [ RunTime:0.000605s ]
INFO: [ view_parse ] --START--
INFO: [ template_filter ] --START--
INFO: Run Behavior\ContentReplaceBehavior [ RunTime:0.000030s ]
INFO: [ template_filter ] --END-- [ RunTime:0.000068s ]
NOTIC: [8] Undefined index: date /var/www/html/blog/Application/Runtime/Cache/Admin/b595b808c2ebeeeb0478ffc30bb4e87a.php 第 81 行.
NOTIC: [8] Undefined index: date /var/www/html/blog/Application/Runtime/Cache/Admin/b595b808c2ebeeeb0478ffc30bb4e87a.php 第 81 行.
NOTIC: [8] Undefined index: date /var/www/html/blog/Application/Runtime/Cache/Admin/b595b808c2ebeeeb0478ffc30bb4e87a.php 第 81 行.
NOTIC: [8] Undefined index: date /var/www/html/blog/Application/Runtime/Cache/Admin/b595b808c2ebeeeb0478ffc30bb4e87a.php 第 81 行.
NOTIC: [8] Undefined variable: adminLogin /var/www/html/blog/Application/Runtime/Cache/Admin/b595b808c2ebeeeb0478ffc30bb4e87a.php 第 104 行.
INFO: Run Behavior\ParseTemplateBehavior [ RunTime:0.004165s ]
INFO: [ view_parse ] --END-- [ RunTime:0.004199s ]
INFO: [ view_filter ] --START--
INFO: Run Behavior\WriteHtmlCacheBehavior [ RunTime:0.000093s ]
INFO: [ view_filter ] --END-- [ RunTime:0.000121s ]
INFO: [ app_end ] --START--
INFO: Run Behavior\ShowPageTraceBehavior [ RunTime:0.000146s ]
INFO: [ app_end ] --END-- [ RunTime:0.000177s ]

[ 2016-06-25T19:26:37+08:00 ] 61.131.96.155 /index.php/Admin/Index/setting
INFO: [ app_init ] --START--
INFO: Run Behavior\BuildLiteBehavior [ RunTime:0.000014s ]
INFO: [ app_init ] --END-- [ RunTime:0.000084s ]
INFO: [ app_begin ] --START--
INFO: Run Behavior\ReadHtmlCacheBehavior [ RunTime:0.000080s ]
INFO: [ app_begin ] --END-- [ RunTime:0.000115s ]
INFO: [ action_begin ] --START--
INFO: Run Home\Behavior\blogInitBehavior [ RunTime:0.000667s ]
INFO: [ action_begin ] --END-- [ RunTime:0.000707s ]
INFO: [ view_parse ] --START--
INFO: [ template_filter ] --START--
INFO: Run Behavior\ContentReplaceBehavior [ RunTime:0.000035s ]
INFO: [ template_filter ] --END-- [ RunTime:0.000073s ]
NOTIC: [8] Undefined variable: adminLogin /var/www/html/blog/Application/Runtime/Cache/Admin/840e08246e611bc7f19150e4f68f9d16.php 第 87 行.
INFO: Run Behavior\ParseTemplateBehavior [ RunTime:0.003413s ]
INFO: [ view_parse ] --END-- [ RunTime:0.003446s ]
INFO: [ view_filter ] --START--
INFO: Run Behavior\WriteHtmlCacheBehavior [ RunTime:0.000080s ]
INFO: [ view_filter ] --END-- [ RunTime:0.000109s ]
INFO: [ app_end ] --START--
INFO: Run Behavior\ShowPageTraceBehavior [ RunTime:0.000133s ]
INFO: [ app_end ] --END-- [ RunTime:0.000163s ]

[ 2016-06-25T19:26:38+08:00 ] 61.131.96.155 /index.php/Admin/Post/edit
INFO: [ app_init ] --START--
INFO: Run Behavior\BuildLiteBehavior [ RunTime:0.000015s ]
INFO: [ app_init ] --END-- [ RunTime:0.000126s ]
INFO: [ app_begin ] --START--
INFO: Run Behavior\ReadHtmlCacheBehavior [ RunTime:0.000093s ]
INFO: [ app_begin ] --END-- [ RunTime:0.000127s ]
INFO: [ action_begin ] --START--
INFO: Run Home\Behavior\blogInitBehavior [ RunTime:0.000586s ]
INFO: [ action_begin ] --END-- [ RunTime:0.000684s ]
INFO: [ view_parse ] --START--
INFO: [ template_filter ] --START--
INFO: Run Behavior\ContentReplaceBehavior [ RunTime:0.000040s ]
INFO: [ template_filter ] --END-- [ RunTime:0.000081s ]
NOTIC: [8] Undefined variable: post /var/www/html/blog/Application/Runtime/Cache/Admin/ad0aa96141d1532f0b2315bf5ded154d.php 第 61 行.
NOTIC: [8] Undefined variable: post /var/www/html/blog/Application/Runtime/Cache/Admin/ad0aa96141d1532f0b2315bf5ded154d.php 第 67 行.
NOTIC: [8] Undefined variable: rank /var/www/html/blog/Application/Runtime/Cache/Admin/ad0aa96141d1532f0b2315bf5ded154d.php 第 68 行.
NOTIC: [8] Undefined variable: post /var/www/html/blog/Application/Runtime/Cache/Admin/ad0aa96141d1532f0b2315bf5ded154d.php 第 70 行.
NOTIC: [8] Undefined variable: post /var/www/html/blog/Application/Runtime/Cache/Admin/ad0aa96141d1532f0b2315bf5ded154d.php 第 73 行.
NOTIC: [8] Undefined variable: post /var/www/html/blog/Application/Runtime/Cache/Admin/ad0aa96141d1532f0b2315bf5ded154d.php 第 78 行.
NOTIC: [8] Undefined variable: post /var/www/html/blog/Application/Runtime/Cache/Admin/ad0aa96141d1532f0b2315bf5ded154d.php 第 90 行.
NOTIC: [8] Undefined variable: post /var/www/html/blog/Application/Runtime/Cache/Admin/ad0aa96141d1532f0b2315bf5ded154d.php 第 90 行.
NOTIC: [8] Undefined variable: post /var/www/html/blog/Application/Runtime/Cache/Admin/ad0aa96141d1532f0b2315bf5ded154d.php 第 94 行.
NOTIC: [8] Undefined variable: post /var/www/html/blog/Application/Runtime/Cache/Admin/ad0aa96141d1532f0b2315bf5ded154d.php 第 105 行.
NOTIC: [8] Undefined variable: adminLogin /var/www/html/blog/Application/Runtime/Cache/Admin/ad0aa96141d1532f0b2315bf5ded154d.php 第 112 行.
INFO: Run Behavior\ParseTemplateBehavior [ RunTime:0.004954s ]
INFO: [ view_parse ] --END-- [ RunTime:0.004988s ]
INFO: [ view_filter ] --START--
INFO: Run Behavior\WriteHtmlCacheBehavior [ RunTime:0.000094s ]
INFO: [ view_filter ] --END-- [ RunTime:0.000122s ]
INFO: [ app_end ] --START--
INFO: Run Behavior\ShowPageTraceBehavior [ RunTime:0.000095s ]
INFO: [ app_end ] --END-- [ RunTime:0.000126s ]

[ 2016-06-25T19:26:39+08:00 ] 61.131.96.155 /index.php/Admin/Post/meta
INFO: [ app_init ] --START--
INFO: Run Behavior\BuildLiteBehavior [ RunTime:0.000013s ]
INFO: [ app_init ] --END-- [ RunTime:0.000084s ]
INFO: [ app_begin ] --START--
INFO: Run Behavior\ReadHtmlCacheBehavior [ RunTime:0.000129s ]
INFO: [ app_begin ] --END-- [ RunTime:0.000185s ]
INFO: [ action_begin ] --START--
INFO: Run Home\Behavior\blogInitBehavior [ RunTime:0.000567s ]
INFO: [ action_begin ] --END-- [ RunTime:0.000609s ]
INFO: [ view_parse ] --START--
INFO: [ template_filter ] --START--
INFO: Run Behavior\ContentReplaceBehavior [ RunTime:0.000031s ]
INFO: [ template_filter ] --END-- [ RunTime:0.000068s ]
NOTIC: [8] Undefined variable: adminLogin /var/www/html/blog/Application/Runtime/Cache/Admin/52542c5b801e8dae76855a648cb8cd57.php 第 83 行.
INFO: Run Behavior\ParseTemplateBehavior [ RunTime:0.004013s ]
INFO: [ view_parse ] --END-- [ RunTime:0.004048s ]
INFO: [ view_filter ] --START--
INFO: Run Behavior\WriteHtmlCacheBehavior [ RunTime:0.000091s ]
INFO: [ view_filter ] --END-- [ RunTime:0.000128s ]
INFO: [ app_end ] --START--
INFO: Run Behavior\ShowPageTraceBehavior [ RunTime:0.000100s ]
INFO: [ app_end ] --END-- [ RunTime:0.000141s ]

[ 2016-06-25T19:26:40+08:00 ] 61.131.96.155 /index.php/Admin/Comment/index
INFO: [ app_init ] --START--
INFO: Run Behavior\BuildLiteBehavior [ RunTime:0.000013s ]
INFO: [ app_init ] --END-- [ RunTime:0.000085s ]
INFO: [ app_begin ] --START--
INFO: Run Behavior\ReadHtmlCacheBehavior [ RunTime:0.000079s ]
INFO: [ app_begin ] --END-- [ RunTime:0.000113s ]
INFO: [ action_begin ] --START--
INFO: Run Home\Behavior\blogInitBehavior [ RunTime:0.000565s ]
INFO: [ action_begin ] --END-- [ RunTime:0.000604s ]
INFO: [ view_parse ] --START--
INFO: [ template_filter ] --START--
INFO: Run Behavior\ContentReplaceBehavior [ RunTime:0.000035s ]
INFO: [ template_filter ] --END-- [ RunTime:0.000072s ]
NOTIC: [8] Undefined variable: adminLogin /var/www/html/blog/Application/Runtime/Cache/Admin/9422665904e471006147a1d12ed26ddc.php 第 108 行.
INFO: Run Behavior\ParseTemplateBehavior [ RunTime:0.004274s ]
INFO: [ view_parse ] --END-- [ RunTime:0.004309s ]
INFO: [ view_filter ] --START--
INFO: Run Behavior\WriteHtmlCacheBehavior [ RunTime:0.000080s ]
INFO: [ view_filter ] --END-- [ RunTime:0.000108s ]
INFO: [ app_end ] --START--
INFO: Run Behavior\ShowPageTraceBehavior [ RunTime:0.000079s ]
INFO: [ app_end ] --END-- [ RunTime:0.000108s ]

[ 2016-06-25T19:26:40+08:00 ] 61.131.96.155 /index.php/Admin/Post/pageIndex
INFO: [ app_init ] --START--
INFO: Run Behavior\BuildLiteBehavior [ RunTime:0.000014s ]
INFO: [ app_init ] --END-- [ RunTime:0.000093s ]
INFO: [ app_begin ] --START--
INFO: Run Behavior\ReadHtmlCacheBehavior [ RunTime:0.000080s ]
INFO: [ app_begin ] --END-- [ RunTime:0.000114s ]
INFO: [ action_begin ] --START--
INFO: Run Home\Behavior\blogInitBehavior [ RunTime:0.000559s ]
INFO: [ action_begin ] --END-- [ RunTime:0.000598s ]
INFO: [ view_parse ] --START--
INFO: [ template_filter ] --START--
INFO: Run Behavior\ContentReplaceBehavior [ RunTime:0.000041s ]
INFO: [ template_filter ] --END-- [ RunTime:0.000098s ]
NOTIC: [8] Undefined variable: adminLogin /var/www/html/blog/Application/Runtime/Cache/Admin/2af9f05e5f1c599ba72b55041c8be7fd.php 第 95 行.
INFO: Run Behavior\ParseTemplateBehavior [ RunTime:0.004237s ]
INFO: [ view_parse ] --END-- [ RunTime:0.004272s ]
INFO: [ view_filter ] --START--
INFO: Run Behavior\WriteHtmlCacheBehavior [ RunTime:0.000091s ]
INFO: [ view_filter ] --END-- [ RunTime:0.000120s ]
INFO: [ app_end ] --START--
INFO: Run Behavior\ShowPageTraceBehavior [ RunTime:0.000086s ]
INFO: [ app_end ] --END-- [ RunTime:0.000116s ]

[ 2016-06-25T19:26:42+08:00 ] 61.131.96.155 /index.php/Admin/Index/changePassword
INFO: [ app_init ] --START--
INFO: Run Behavior\BuildLiteBehavior [ RunTime:0.000015s ]
INFO: [ app_init ] --END-- [ RunTime:0.000099s ]
INFO: [ app_begin ] --START--
INFO: Run Behavior\ReadHtmlCacheBehavior [ RunTime:0.000092s ]
INFO: [ app_begin ] --END-- [ RunTime:0.000126s ]
INFO: [ action_begin ] --START--
INFO: Run Home\Behavior\blogInitBehavior [ RunTime:0.000641s ]
INFO: [ action_begin ] --END-- [ RunTime:0.000680s ]
INFO: [ view_parse ] --START--
INFO: [ template_filter ] --START--
INFO: Run Behavior\ContentReplaceBehavior [ RunTime:0.000037s ]
INFO: [ template_filter ] --END-- [ RunTime:0.000075s ]
NOTIC: [8] Undefined variable: adminLogin /var/www/html/blog/Application/Runtime/Cache/Admin/0d21bad3722b8af54c9cc4d783610120.php 第 70 行.
INFO: Run Behavior\ParseTemplateBehavior [ RunTime:0.003072s ]
INFO: [ view_parse ] --END-- [ RunTime:0.003105s ]
INFO: [ view_filter ] --START--
INFO: Run Behavior\WriteHtmlCacheBehavior [ RunTime:0.000094s ]
INFO: [ view_filter ] --END-- [ RunTime:0.000123s ]
INFO: [ app_end ] --START--
INFO: Run Behavior\ShowPageTraceBehavior [ RunTime:0.000092s ]
INFO: [ app_end ] --END-- [ RunTime:0.000121s ]

[ 2016-06-25T19:26:43+08:00 ] 61.131.96.155 /index.php/Admin/Index/setting
INFO: [ app_init ] --START--
INFO: Run Behavior\BuildLiteBehavior [ RunTime:0.000014s ]
INFO: [ app_init ] --END-- [ RunTime:0.000089s ]
INFO: [ app_begin ] --START--
INFO: Run Behavior\ReadHtmlCacheBehavior [ RunTime:0.000082s ]
INFO: [ app_begin ] --END-- [ RunTime:0.000117s ]
INFO: [ action_begin ] --START--
INFO: Run Home\Behavior\blogInitBehavior [ RunTime:0.000565s ]
INFO: [ action_begin ] --END-- [ RunTime:0.000604s ]
INFO: [ view_parse ] --START--
INFO: [ template_filter ] --START--
INFO: Run Behavior\ContentReplaceBehavior [ RunTime:0.000038s ]
INFO: [ template_filter ] --END-- [ RunTime:0.000085s ]
NOTIC: [8] Undefined variable: adminLogin /var/www/html/blog/Application/Runtime/Cache/Admin/840e08246e611bc7f19150e4f68f9d16.php 第 87 行.
INFO: Run Behavior\ParseTemplateBehavior [ RunTime:0.003748s ]
INFO: [ view_parse ] --END-- [ RunTime:0.003781s ]
INFO: [ view_filter ] --START--
INFO: Run Behavior\WriteHtmlCacheBehavior [ RunTime:0.000083s ]
INFO: [ view_filter ] --END-- [ RunTime:0.000113s ]
INFO: [ app_end ] --START--
INFO: Run Behavior\ShowPageTraceBehavior [ RunTime:0.000083s ]
INFO: [ app_end ] --END-- [ RunTime:0.000112s ]

[ 2016-06-25T19:26:45+08:00 ] 61.131.96.155 /index.php/Admin/Index
INFO: [ app_init ] --START--
INFO: Run Behavior\BuildLiteBehavior [ RunTime:0.000014s ]
INFO: [ app_init ] --END-- [ RunTime:0.000099s ]
INFO: [ app_begin ] --START--
INFO: Run Behavior\ReadHtmlCacheBehavior [ RunTime:0.000092s ]
INFO: [ app_begin ] --END-- [ RunTime:0.000125s ]
INFO: [ action_begin ] --START--
INFO: Run Home\Behavior\blogInitBehavior [ RunTime:0.000595s ]
INFO: [ action_begin ] --END-- [ RunTime:0.000645s ]
INFO: [ view_parse ] --START--
INFO: [ template_filter ] --START--
INFO: Run Behavior\ContentReplaceBehavior [ RunTime:0.000033s ]
INFO: [ template_filter ] --END-- [ RunTime:0.000071s ]
NOTIC: [8] Undefined index: date /var/www/html/blog/Application/Runtime/Cache/Admin/b595b808c2ebeeeb0478ffc30bb4e87a.php 第 81 行.
NOTIC: [8] Undefined index: date /var/www/html/blog/Application/Runtime/Cache/Admin/b595b808c2ebeeeb0478ffc30bb4e87a.php 第 81 行.
NOTIC: [8] Undefined index: date /var/www/html/blog/Application/Runtime/Cache/Admin/b595b808c2ebeeeb0478ffc30bb4e87a.php 第 81 行.
NOTIC: [8] Undefined index: date /var/www/html/blog/Application/Runtime/Cache/Admin/b595b808c2ebeeeb0478ffc30bb4e87a.php 第 81 行.
NOTIC: [8] Undefined variable: adminLogin /var/www/html/blog/Application/Runtime/Cache/Admin/b595b808c2ebeeeb0478ffc30bb4e87a.php 第 104 行.
INFO: Run Behavior\ParseTemplateBehavior [ RunTime:0.005771s ]
INFO: [ view_parse ] --END-- [ RunTime:0.005813s ]
INFO: [ view_filter ] --START--
INFO: Run Behavior\WriteHtmlCacheBehavior [ RunTime:0.000094s ]
INFO: [ view_filter ] --END-- [ RunTime:0.000121s ]
INFO: [ app_end ] --START--
INFO: Run Behavior\ShowPageTraceBehavior [ RunTime:0.000093s ]
INFO: [ app_end ] --END-- [ RunTime:0.000123s ]

