[ 2016-07-09T09:00:41+08:00 ] 125.79.4.215 /index.php/Admin
INFO: [ app_init ] --START--
INFO: Run Behavior\BuildLiteBehavior [ RunTime:0.000020s ]
INFO: [ app_init ] --END-- [ RunTime:0.000155s ]
INFO: [ app_begin ] --START--
INFO: Run Behavior\ReadHtmlCacheBehavior [ RunTime:0.000111s ]
INFO: [ app_begin ] --END-- [ RunTime:0.000152s ]
INFO: [ action_begin ] --START--
INFO: Run Home\Behavior\blogInitBehavior [ RunTime:0.001912s ]
INFO: [ action_begin ] --END-- [ RunTime:0.001953s ]

[ 2016-07-09T09:00:41+08:00 ] 125.79.4.215 /index.php/Admin/Index/login.html
INFO: [ app_init ] --START--
INFO: Run Behavior\BuildLiteBehavior [ RunTime:0.000014s ]
INFO: [ app_init ] --END-- [ RunTime:0.000084s ]
INFO: [ app_begin ] --START--
INFO: Run Behavior\ReadHtmlCacheBehavior [ RunTime:0.000083s ]
INFO: [ app_begin ] --END-- [ RunTime:0.000121s ]
INFO: [ action_begin ] --START--
INFO: Run Home\Behavior\blogInitBehavior [ RunTime:0.000566s ]
INFO: [ action_begin ] --END-- [ RunTime:0.000616s ]
NOTIC: [8] Undefined index: UID /var/www/html/blog/Application/Admin/Controller/IndexController.class.php 第 16 行.
NOTIC: [8] Undefined index: password /var/www/html/blog/Application/Admin/Controller/IndexController.class.php 第 23 行.
INFO: [ view_parse ] --START--
INFO: [ template_filter ] --START--
INFO: Run Behavior\ContentReplaceBehavior [ RunTime:0.000046s ]
INFO: [ template_filter ] --END-- [ RunTime:0.000099s ]
INFO: Run Behavior\ParseTemplateBehavior [ RunTime:0.004374s ]
INFO: [ view_parse ] --END-- [ RunTime:0.004416s ]
INFO: [ view_filter ] --START--
INFO: Run Behavior\WriteHtmlCacheBehavior [ RunTime:0.000099s ]
INFO: [ view_filter ] --END-- [ RunTime:0.000128s ]
INFO: [ app_end ] --START--
INFO: Run Behavior\ShowPageTraceBehavior [ RunTime:0.000107s ]
INFO: [ app_end ] --END-- [ RunTime:0.000139s ]

[ 2016-07-09T11:18:05+08:00 ] 113.117.245.13 /index.php/Admin
INFO: [ app_init ] --START--
INFO: Run Behavior\BuildLiteBehavior [ RunTime:0.000014s ]
INFO: [ app_init ] --END-- [ RunTime:0.000083s ]
INFO: [ app_begin ] --START--
INFO: Run Behavior\ReadHtmlCacheBehavior [ RunTime:0.000084s ]
INFO: [ app_begin ] --END-- [ RunTime:0.000124s ]
INFO: [ action_begin ] --START--
INFO: Run Home\Behavior\blogInitBehavior [ RunTime:0.000560s ]
INFO: [ action_begin ] --END-- [ RunTime:0.000614s ]

[ 2016-07-09T11:18:05+08:00 ] 113.117.245.13 /index.php/Admin/Index/login.html
INFO: [ app_init ] --START--
INFO: Run Behavior\BuildLiteBehavior [ RunTime:0.000014s ]
INFO: [ app_init ] --END-- [ RunTime:0.000085s ]
INFO: [ app_begin ] --START--
INFO: Run Behavior\ReadHtmlCacheBehavior [ RunTime:0.000087s ]
INFO: [ app_begin ] --END-- [ RunTime:0.000124s ]
INFO: [ action_begin ] --START--
INFO: Run Home\Behavior\blogInitBehavior [ RunTime:0.000564s ]
INFO: [ action_begin ] --END-- [ RunTime:0.000604s ]
NOTIC: [8] Undefined index: UID /var/www/html/blog/Application/Admin/Controller/IndexController.class.php 第 16 行.
NOTIC: [8] Undefined index: password /var/www/html/blog/Application/Admin/Controller/IndexController.class.php 第 23 行.
INFO: [ view_parse ] --START--
INFO: [ template_filter ] --START--
INFO: Run Behavior\ContentReplaceBehavior [ RunTime:0.000034s ]
INFO: [ template_filter ] --END-- [ RunTime:0.000073s ]
INFO: Run Behavior\ParseTemplateBehavior [ RunTime:0.002570s ]
INFO: [ view_parse ] --END-- [ RunTime:0.002608s ]
INFO: [ view_filter ] --START--
INFO: Run Behavior\WriteHtmlCacheBehavior [ RunTime:0.000137s ]
INFO: [ view_filter ] --END-- [ RunTime:0.000168s ]
INFO: [ app_end ] --START--
INFO: Run Behavior\ShowPageTraceBehavior [ RunTime:0.000082s ]
INFO: [ app_end ] --END-- [ RunTime:0.000113s ]

[ 2016-07-09T11:18:15+08:00 ] 113.117.245.13 /index.php/Admin/Index/login
INFO: [ app_init ] --START--
INFO: Run Behavior\BuildLiteBehavior [ RunTime:0.000021s ]
INFO: [ app_init ] --END-- [ RunTime:0.000154s ]
INFO: [ app_begin ] --START--
INFO: Run Behavior\ReadHtmlCacheBehavior [ RunTime:0.000119s ]
INFO: [ app_begin ] --END-- [ RunTime:0.000161s ]
INFO: [ action_begin ] --START--
INFO: Run Home\Behavior\blogInitBehavior [ RunTime:0.001931s ]
INFO: [ action_begin ] --END-- [ RunTime:0.001975s ]
NOTIC: [8] Undefined index: UID /var/www/html/blog/Application/Admin/Controller/IndexController.class.php 第 16 行.
NOTIC: [8] Undefined index: password /var/www/html/blog/Application/Admin/Controller/IndexController.class.php 第 23 行.
INFO: [ view_parse ] --START--
INFO: [ template_filter ] --START--
INFO: Run Behavior\ContentReplaceBehavior [ RunTime:0.000041s ]
INFO: [ template_filter ] --END-- [ RunTime:0.000083s ]
INFO: Run Behavior\ParseTemplateBehavior [ RunTime:0.014980s ]
INFO: [ view_parse ] --END-- [ RunTime:0.015024s ]
INFO: [ view_filter ] --START--
INFO: Run Behavior\WriteHtmlCacheBehavior [ RunTime:0.000096s ]
INFO: [ view_filter ] --END-- [ RunTime:0.000125s ]

[ 2016-07-09T11:18:19+08:00 ] 113.117.245.13 /index.php/Admin/Index/login
INFO: [ app_init ] --START--
INFO: Run Behavior\BuildLiteBehavior [ RunTime:0.000015s ]
INFO: [ app_init ] --END-- [ RunTime:0.000103s ]
INFO: [ app_begin ] --START--
INFO: Run Behavior\ReadHtmlCacheBehavior [ RunTime:0.000090s ]
INFO: [ app_begin ] --END-- [ RunTime:0.000125s ]
INFO: [ action_begin ] --START--
INFO: Run Home\Behavior\blogInitBehavior [ RunTime:0.000619s ]
INFO: [ action_begin ] --END-- [ RunTime:0.000658s ]
NOTIC: [8] Undefined index: UID /var/www/html/blog/Application/Admin/Controller/IndexController.class.php 第 16 行.
NOTIC: [8] Undefined index: password /var/www/html/blog/Application/Admin/Controller/IndexController.class.php 第 23 行.
INFO: [ view_parse ] --START--
INFO: [ template_filter ] --START--
INFO: Run Behavior\ContentReplaceBehavior [ RunTime:0.000031s ]
INFO: [ template_filter ] --END-- [ RunTime:0.000067s ]
INFO: Run Behavior\ParseTemplateBehavior [ RunTime:0.001802s ]
INFO: [ view_parse ] --END-- [ RunTime:0.001845s ]
INFO: [ view_filter ] --START--
INFO: Run Behavior\WriteHtmlCacheBehavior [ RunTime:0.000093s ]
INFO: [ view_filter ] --END-- [ RunTime:0.000121s ]

[ 2016-07-09T11:18:47+08:00 ] 113.117.245.13 /index.php/Admin
INFO: [ app_init ] --START--
INFO: Run Behavior\BuildLiteBehavior [ RunTime:0.000015s ]
INFO: [ app_init ] --END-- [ RunTime:0.000085s ]
INFO: [ app_begin ] --START--
INFO: Run Behavior\ReadHtmlCacheBehavior [ RunTime:0.000133s ]
INFO: [ app_begin ] --END-- [ RunTime:0.000172s ]
INFO: [ action_begin ] --START--
INFO: Run Home\Behavior\blogInitBehavior [ RunTime:0.000565s ]
INFO: [ action_begin ] --END-- [ RunTime:0.000606s ]

[ 2016-07-09T11:18:47+08:00 ] 113.117.245.13 /index.php/Admin/Index/login.html
INFO: [ app_init ] --START--
INFO: Run Behavior\BuildLiteBehavior [ RunTime:0.000014s ]
INFO: [ app_init ] --END-- [ RunTime:0.000084s ]
INFO: [ app_begin ] --START--
INFO: Run Behavior\ReadHtmlCacheBehavior [ RunTime:0.000083s ]
INFO: [ app_begin ] --END-- [ RunTime:0.000117s ]
INFO: [ action_begin ] --START--
INFO: Run Home\Behavior\blogInitBehavior [ RunTime:0.000615s ]
INFO: [ action_begin ] --END-- [ RunTime:0.000654s ]
NOTIC: [8] Undefined index: UID /var/www/html/blog/Application/Admin/Controller/IndexController.class.php 第 16 行.
NOTIC: [8] Undefined index: password /var/www/html/blog/Application/Admin/Controller/IndexController.class.php 第 23 行.
INFO: [ view_parse ] --START--
INFO: [ template_filter ] --START--
INFO: Run Behavior\ContentReplaceBehavior [ RunTime:0.000035s ]
INFO: [ template_filter ] --END-- [ RunTime:0.000074s ]
INFO: Run Behavior\ParseTemplateBehavior [ RunTime:0.002639s ]
INFO: [ view_parse ] --END-- [ RunTime:0.002676s ]
INFO: [ view_filter ] --START--
INFO: Run Behavior\WriteHtmlCacheBehavior [ RunTime:0.000083s ]
INFO: [ view_filter ] --END-- [ RunTime:0.000112s ]
INFO: [ app_end ] --START--
INFO: Run Behavior\ShowPageTraceBehavior [ RunTime:0.000082s ]
INFO: [ app_end ] --END-- [ RunTime:0.000113s ]

[ 2016-07-09T11:18:51+08:00 ] 113.117.245.13 /index.php/Admin/Index/login
INFO: [ app_init ] --START--
INFO: Run Behavior\BuildLiteBehavior [ RunTime:0.000014s ]
INFO: [ app_init ] --END-- [ RunTime:0.000099s ]
INFO: [ app_begin ] --START--
INFO: Run Behavior\ReadHtmlCacheBehavior [ RunTime:0.000090s ]
INFO: [ app_begin ] --END-- [ RunTime:0.000125s ]
INFO: [ action_begin ] --START--
INFO: Run Home\Behavior\blogInitBehavior [ RunTime:0.000631s ]
INFO: [ action_begin ] --END-- [ RunTime:0.000671s ]
NOTIC: [8] Undefined index: UID /var/www/html/blog/Application/Admin/Controller/IndexController.class.php 第 16 行.
NOTIC: [8] Undefined index: password /var/www/html/blog/Application/Admin/Controller/IndexController.class.php 第 23 行.
INFO: [ view_parse ] --START--
INFO: [ template_filter ] --START--
INFO: Run Behavior\ContentReplaceBehavior [ RunTime:0.000030s ]
INFO: [ template_filter ] --END-- [ RunTime:0.000065s ]
INFO: Run Behavior\ParseTemplateBehavior [ RunTime:0.001777s ]
INFO: [ view_parse ] --END-- [ RunTime:0.001813s ]
INFO: [ view_filter ] --START--
INFO: Run Behavior\WriteHtmlCacheBehavior [ RunTime:0.000094s ]
INFO: [ view_filter ] --END-- [ RunTime:0.000121s ]
INFO: [ app_end ] --START--
INFO: Run Behavior\ShowPageTraceBehavior [ RunTime:0.000093s ]
INFO: [ app_end ] --END-- [ RunTime:0.000123s ]

[ 2016-07-09T11:18:52+08:00 ] 113.117.245.13 /index.php/Admin/Index/index
INFO: [ app_init ] --START--
INFO: Run Behavior\BuildLiteBehavior [ RunTime:0.000015s ]
INFO: [ app_init ] --END-- [ RunTime:0.000085s ]
INFO: [ app_begin ] --START--
INFO: Run Behavior\ReadHtmlCacheBehavior [ RunTime:0.000107s ]
INFO: [ app_begin ] --END-- [ RunTime:0.000151s ]
INFO: [ action_begin ] --START--
INFO: Run Home\Behavior\blogInitBehavior [ RunTime:0.000569s ]
INFO: [ action_begin ] --END-- [ RunTime:0.000615s ]
INFO: [ view_parse ] --START--
INFO: [ template_filter ] --START--
INFO: Run Behavior\ContentReplaceBehavior [ RunTime:0.000036s ]
INFO: [ template_filter ] --END-- [ RunTime:0.000078s ]
NOTIC: [8] Undefined index: date /var/www/html/blog/Application/Runtime/Cache/Admin/b595b808c2ebeeeb0478ffc30bb4e87a.php 第 125 行.
INFO: Run Behavior\ParseTemplateBehavior [ RunTime:0.004875s ]
INFO: [ view_parse ] --END-- [ RunTime:0.004932s ]
INFO: [ view_filter ] --START--
INFO: Run Behavior\WriteHtmlCacheBehavior [ RunTime:0.000112s ]
INFO: [ view_filter ] --END-- [ RunTime:0.000145s ]
INFO: [ app_end ] --START--
INFO: Run Behavior\ShowPageTraceBehavior [ RunTime:0.000091s ]
INFO: [ app_end ] --END-- [ RunTime:0.000122s ]

[ 2016-07-09T11:18:54+08:00 ] 113.117.245.13 /index.php/Admin/Index/setting
INFO: [ app_init ] --START--
INFO: Run Behavior\BuildLiteBehavior [ RunTime:0.000015s ]
INFO: [ app_init ] --END-- [ RunTime:0.000122s ]
INFO: [ app_begin ] --START--
INFO: Run Behavior\ReadHtmlCacheBehavior [ RunTime:0.000095s ]
INFO: [ app_begin ] --END-- [ RunTime:0.000130s ]
INFO: [ action_begin ] --START--
INFO: Run Home\Behavior\blogInitBehavior [ RunTime:0.000579s ]
INFO: [ action_begin ] --END-- [ RunTime:0.000620s ]
INFO: [ view_parse ] --START--
INFO: [ template_filter ] --START--
INFO: Run Behavior\ContentReplaceBehavior [ RunTime:0.000037s ]
INFO: [ template_filter ] --END-- [ RunTime:0.000076s ]
INFO: Run Behavior\ParseTemplateBehavior [ RunTime:0.003564s ]
INFO: [ view_parse ] --END-- [ RunTime:0.003601s ]
INFO: [ view_filter ] --START--
INFO: Run Behavior\WriteHtmlCacheBehavior [ RunTime:0.000094s ]
INFO: [ view_filter ] --END-- [ RunTime:0.000123s ]
INFO: [ app_end ] --START--
INFO: Run Behavior\ShowPageTraceBehavior [ RunTime:0.000095s ]
INFO: [ app_end ] --END-- [ RunTime:0.000125s ]

[ 2016-07-09T11:18:59+08:00 ] 113.117.245.13 /index.php/Admin/Post/pageIndex
INFO: [ app_init ] --START--
INFO: Run Behavior\BuildLiteBehavior [ RunTime:0.000022s ]
INFO: [ app_init ] --END-- [ RunTime:0.000166s ]
INFO: [ app_begin ] --START--
INFO: Run Behavior\ReadHtmlCacheBehavior [ RunTime:0.000117s ]
INFO: [ app_begin ] --END-- [ RunTime:0.000161s ]
INFO: [ action_begin ] --START--
INFO: Run Home\Behavior\blogInitBehavior [ RunTime:0.001893s ]
INFO: [ action_begin ] --END-- [ RunTime:0.001933s ]
INFO: [ view_parse ] --START--
INFO: [ template_filter ] --START--
INFO: Run Behavior\ContentReplaceBehavior [ RunTime:0.000058s ]
INFO: [ template_filter ] --END-- [ RunTime:0.000118s ]
INFO: Run Behavior\ParseTemplateBehavior [ RunTime:0.005396s ]
INFO: [ view_parse ] --END-- [ RunTime:0.005441s ]
INFO: [ view_filter ] --START--
INFO: Run Behavior\WriteHtmlCacheBehavior [ RunTime:0.000101s ]
INFO: [ view_filter ] --END-- [ RunTime:0.000131s ]
INFO: [ app_end ] --START--
INFO: Run Behavior\ShowPageTraceBehavior [ RunTime:0.000108s ]
INFO: [ app_end ] --END-- [ RunTime:0.000140s ]

[ 2016-07-09T11:19:01+08:00 ] 113.117.245.13 /index.php/Admin/Index/changePassword
INFO: [ app_init ] --START--
INFO: Run Behavior\BuildLiteBehavior [ RunTime:0.000013s ]
INFO: [ app_init ] --END-- [ RunTime:0.000083s ]
INFO: [ app_begin ] --START--
INFO: Run Behavior\ReadHtmlCacheBehavior [ RunTime:0.000082s ]
INFO: [ app_begin ] --END-- [ RunTime:0.000121s ]
INFO: [ action_begin ] --START--
INFO: Run Home\Behavior\blogInitBehavior [ RunTime:0.000646s ]
INFO: [ action_begin ] --END-- [ RunTime:0.000698s ]
INFO: [ view_parse ] --START--
INFO: [ template_filter ] --START--
INFO: Run Behavior\ContentReplaceBehavior [ RunTime:0.000039s ]
INFO: [ template_filter ] --END-- [ RunTime:0.000077s ]
INFO: Run Behavior\ParseTemplateBehavior [ RunTime:0.003373s ]
INFO: [ view_parse ] --END-- [ RunTime:0.003414s ]
INFO: [ view_filter ] --START--
INFO: Run Behavior\WriteHtmlCacheBehavior [ RunTime:0.000081s ]
INFO: [ view_filter ] --END-- [ RunTime:0.000109s ]
INFO: [ app_end ] --START--
INFO: Run Behavior\ShowPageTraceBehavior [ RunTime:0.000080s ]
INFO: [ app_end ] --END-- [ RunTime:0.000110s ]

[ 2016-07-09T11:19:02+08:00 ] 113.117.245.13 /index.php/Admin/Index/exitAdmin
INFO: [ app_init ] --START--
INFO: Run Behavior\BuildLiteBehavior [ RunTime:0.000014s ]
INFO: [ app_init ] --END-- [ RunTime:0.000097s ]
INFO: [ app_begin ] --START--
INFO: Run Behavior\ReadHtmlCacheBehavior [ RunTime:0.000094s ]
INFO: [ app_begin ] --END-- [ RunTime:0.000129s ]
INFO: [ action_begin ] --START--
INFO: Run Home\Behavior\blogInitBehavior [ RunTime:0.000613s ]
INFO: [ action_begin ] --END-- [ RunTime:0.000652s ]
INFO: [ view_parse ] --START--
INFO: [ template_filter ] --START--
INFO: Run Behavior\ContentReplaceBehavior [ RunTime:0.000031s ]
INFO: [ template_filter ] --END-- [ RunTime:0.000064s ]
INFO: Run Behavior\ParseTemplateBehavior [ RunTime:0.001783s ]
INFO: [ view_parse ] --END-- [ RunTime:0.001829s ]
INFO: [ view_filter ] --START--
INFO: Run Behavior\WriteHtmlCacheBehavior [ RunTime:0.000091s ]
INFO: [ view_filter ] --END-- [ RunTime:0.000121s ]
INFO: [ app_end ] --START--
INFO: Run Behavior\ShowPageTraceBehavior [ RunTime:0.000145s ]
INFO: [ app_end ] --END-- [ RunTime:0.000176s ]

[ 2016-07-09T11:19:05+08:00 ] 113.117.245.13 /index.php/Admin
INFO: [ app_init ] --START--
INFO: Run Behavior\BuildLiteBehavior [ RunTime:0.000013s ]
INFO: [ app_init ] --END-- [ RunTime:0.000098s ]
INFO: [ app_begin ] --START--
INFO: Run Behavior\ReadHtmlCacheBehavior [ RunTime:0.000092s ]
INFO: [ app_begin ] --END-- [ RunTime:0.000126s ]
INFO: [ action_begin ] --START--
INFO: Run Home\Behavior\blogInitBehavior [ RunTime:0.000590s ]
INFO: [ action_begin ] --END-- [ RunTime:0.000629s ]
NOTIC: [8] Undefined index: password /var/www/html/blog/Application/Admin/Controller/IndexController.class.php 第 23 行.

[ 2016-07-09T11:19:05+08:00 ] 113.117.245.13 /index.php/Admin/Index/login.html
INFO: [ app_init ] --START--
INFO: Run Behavior\BuildLiteBehavior [ RunTime:0.000015s ]
INFO: [ app_init ] --END-- [ RunTime:0.000083s ]
INFO: [ app_begin ] --START--
INFO: Run Behavior\ReadHtmlCacheBehavior [ RunTime:0.000085s ]
INFO: [ app_begin ] --END-- [ RunTime:0.000120s ]
INFO: [ action_begin ] --START--
INFO: Run Home\Behavior\blogInitBehavior [ RunTime:0.000562s ]
INFO: [ action_begin ] --END-- [ RunTime:0.000602s ]
NOTIC: [8] Undefined index: password /var/www/html/blog/Application/Admin/Controller/IndexController.class.php 第 23 行.
INFO: [ view_parse ] --START--
INFO: [ template_filter ] --START--
INFO: Run Behavior\ContentReplaceBehavior [ RunTime:0.000033s ]
INFO: [ template_filter ] --END-- [ RunTime:0.000073s ]
INFO: Run Behavior\ParseTemplateBehavior [ RunTime:0.002628s ]
INFO: [ view_parse ] --END-- [ RunTime:0.002664s ]
INFO: [ view_filter ] --START--
INFO: Run Behavior\WriteHtmlCacheBehavior [ RunTime:0.000093s ]
INFO: [ view_filter ] --END-- [ RunTime:0.000121s ]
INFO: [ app_end ] --START--
INFO: Run Behavior\ShowPageTraceBehavior [ RunTime:0.000091s ]
INFO: [ app_end ] --END-- [ RunTime:0.000120s ]

[ 2016-07-09T11:19:08+08:00 ] 113.117.245.13 /index.php/Admin/Index/login
INFO: [ app_init ] --START--
INFO: Run Behavior\BuildLiteBehavior [ RunTime:0.000014s ]
INFO: [ app_init ] --END-- [ RunTime:0.000098s ]
INFO: [ app_begin ] --START--
INFO: Run Behavior\ReadHtmlCacheBehavior [ RunTime:0.000090s ]
INFO: [ app_begin ] --END-- [ RunTime:0.000125s ]
INFO: [ action_begin ] --START--
INFO: Run Home\Behavior\blogInitBehavior [ RunTime:0.000576s ]
INFO: [ action_begin ] --END-- [ RunTime:0.000615s ]
NOTIC: [8] Undefined index: password /var/www/html/blog/Application/Admin/Controller/IndexController.class.php 第 23 行.
INFO: [ view_parse ] --START--
INFO: [ template_filter ] --START--
INFO: Run Behavior\ContentReplaceBehavior [ RunTime:0.000029s ]
INFO: [ template_filter ] --END-- [ RunTime:0.000065s ]
INFO: Run Behavior\ParseTemplateBehavior [ RunTime:0.001833s ]
INFO: [ view_parse ] --END-- [ RunTime:0.001870s ]
INFO: [ view_filter ] --START--
INFO: Run Behavior\WriteHtmlCacheBehavior [ RunTime:0.000093s ]
INFO: [ view_filter ] --END-- [ RunTime:0.000120s ]
INFO: [ app_end ] --START--
INFO: Run Behavior\ShowPageTraceBehavior [ RunTime:0.000091s ]
INFO: [ app_end ] --END-- [ RunTime:0.000121s ]

[ 2016-07-09T11:19:09+08:00 ] 113.117.245.13 /index.php/Admin/Index/index
INFO: [ app_init ] --START--
INFO: Run Behavior\BuildLiteBehavior [ RunTime:0.000015s ]
INFO: [ app_init ] --END-- [ RunTime:0.000088s ]
INFO: [ app_begin ] --START--
INFO: Run Behavior\ReadHtmlCacheBehavior [ RunTime:0.000081s ]
INFO: [ app_begin ] --END-- [ RunTime:0.000117s ]
INFO: [ action_begin ] --START--
INFO: Run Home\Behavior\blogInitBehavior [ RunTime:0.000640s ]
INFO: [ action_begin ] --END-- [ RunTime:0.000680s ]
INFO: [ view_parse ] --START--
INFO: [ template_filter ] --START--
INFO: Run Behavior\ContentReplaceBehavior [ RunTime:0.000034s ]
INFO: [ template_filter ] --END-- [ RunTime:0.000073s ]
NOTIC: [8] Undefined index: date /var/www/html/blog/Application/Runtime/Cache/Admin/b595b808c2ebeeeb0478ffc30bb4e87a.php 第 125 行.
INFO: Run Behavior\ParseTemplateBehavior [ RunTime:0.004373s ]
INFO: [ view_parse ] --END-- [ RunTime:0.004410s ]
INFO: [ view_filter ] --START--
INFO: Run Behavior\WriteHtmlCacheBehavior [ RunTime:0.000080s ]
INFO: [ view_filter ] --END-- [ RunTime:0.000110s ]
INFO: [ app_end ] --START--
INFO: Run Behavior\ShowPageTraceBehavior [ RunTime:0.000081s ]
INFO: [ app_end ] --END-- [ RunTime:0.000111s ]

[ 2016-07-09T11:19:13+08:00 ] 113.117.245.13 /index.php/Admin/Post/edit
INFO: [ app_init ] --START--
INFO: Run Behavior\BuildLiteBehavior [ RunTime:0.000017s ]
INFO: [ app_init ] --END-- [ RunTime:0.000111s ]
INFO: [ app_begin ] --START--
INFO: Run Behavior\ReadHtmlCacheBehavior [ RunTime:0.000125s ]
INFO: [ app_begin ] --END-- [ RunTime:0.000176s ]
INFO: [ action_begin ] --START--
INFO: Run Home\Behavior\blogInitBehavior [ RunTime:0.000791s ]
INFO: [ action_begin ] --END-- [ RunTime:0.000849s ]
INFO: [ view_parse ] --START--
INFO: [ template_filter ] --START--
INFO: Run Behavior\ContentReplaceBehavior [ RunTime:0.000036s ]
INFO: [ template_filter ] --END-- [ RunTime:0.000073s ]
NOTIC: [8] Undefined variable: post /var/www/html/blog/Application/Runtime/Cache/Admin/ad0aa96141d1532f0b2315bf5ded154d.php 第 105 行.
NOTIC: [8] Undefined variable: post /var/www/html/blog/Application/Runtime/Cache/Admin/ad0aa96141d1532f0b2315bf5ded154d.php 第 111 行.
NOTIC: [8] Undefined variable: rank /var/www/html/blog/Application/Runtime/Cache/Admin/ad0aa96141d1532f0b2315bf5ded154d.php 第 112 行.
NOTIC: [8] Undefined variable: post /var/www/html/blog/Application/Runtime/Cache/Admin/ad0aa96141d1532f0b2315bf5ded154d.php 第 114 行.
NOTIC: [8] Undefined variable: post /var/www/html/blog/Application/Runtime/Cache/Admin/ad0aa96141d1532f0b2315bf5ded154d.php 第 117 行.
NOTIC: [8] Undefined variable: post /var/www/html/blog/Application/Runtime/Cache/Admin/ad0aa96141d1532f0b2315bf5ded154d.php 第 122 行.
NOTIC: [8] Undefined variable: post /var/www/html/blog/Application/Runtime/Cache/Admin/ad0aa96141d1532f0b2315bf5ded154d.php 第 134 行.
NOTIC: [8] Undefined variable: post /var/www/html/blog/Application/Runtime/Cache/Admin/ad0aa96141d1532f0b2315bf5ded154d.php 第 138 行.
NOTIC: [8] Undefined variable: post /var/www/html/blog/Application/Runtime/Cache/Admin/ad0aa96141d1532f0b2315bf5ded154d.php 第 149 行.
INFO: Run Behavior\ParseTemplateBehavior [ RunTime:0.005042s ]
INFO: [ view_parse ] --END-- [ RunTime:0.005078s ]
INFO: [ view_filter ] --START--
INFO: Run Behavior\WriteHtmlCacheBehavior [ RunTime:0.000084s ]
INFO: [ view_filter ] --END-- [ RunTime:0.000112s ]
INFO: [ app_end ] --START--
INFO: Run Behavior\ShowPageTraceBehavior [ RunTime:0.000081s ]
INFO: [ app_end ] --END-- [ RunTime:0.000110s ]

[ 2016-07-09T11:19:14+08:00 ] 113.117.245.13 /index.php/Admin/Post/meta
INFO: [ app_init ] --START--
INFO: Run Behavior\BuildLiteBehavior [ RunTime:0.000013s ]
INFO: [ app_init ] --END-- [ RunTime:0.000099s ]
INFO: [ app_begin ] --START--
INFO: Run Behavior\ReadHtmlCacheBehavior [ RunTime:0.000113s ]
INFO: [ app_begin ] --END-- [ RunTime:0.000154s ]
INFO: [ action_begin ] --START--
INFO: Run Home\Behavior\blogInitBehavior [ RunTime:0.000584s ]
INFO: [ action_begin ] --END-- [ RunTime:0.000623s ]
INFO: [ view_parse ] --START--
INFO: [ template_filter ] --START--
INFO: Run Behavior\ContentReplaceBehavior [ RunTime:0.000034s ]
INFO: [ template_filter ] --END-- [ RunTime:0.000070s ]
INFO: Run Behavior\ParseTemplateBehavior [ RunTime:0.004079s ]
INFO: [ view_parse ] --END-- [ RunTime:0.004116s ]
INFO: [ view_filter ] --START--
INFO: Run Behavior\WriteHtmlCacheBehavior [ RunTime:0.000092s ]
INFO: [ view_filter ] --END-- [ RunTime:0.000120s ]
INFO: [ app_end ] --START--
INFO: Run Behavior\ShowPageTraceBehavior [ RunTime:0.000094s ]
INFO: [ app_end ] --END-- [ RunTime:0.000124s ]

[ 2016-07-09T11:19:14+08:00 ] 113.117.245.13 /index.php/Admin/Comment/index
INFO: [ app_init ] --START--
INFO: Run Behavior\BuildLiteBehavior [ RunTime:0.000014s ]
INFO: [ app_init ] --END-- [ RunTime:0.000083s ]
INFO: [ app_begin ] --START--
INFO: Run Behavior\ReadHtmlCacheBehavior [ RunTime:0.000080s ]
INFO: [ app_begin ] --END-- [ RunTime:0.000115s ]
INFO: [ action_begin ] --START--
INFO: Run Home\Behavior\blogInitBehavior [ RunTime:0.000568s ]
INFO: [ action_begin ] --END-- [ RunTime:0.000607s ]
INFO: [ view_parse ] --START--
INFO: [ template_filter ] --START--
INFO: Run Behavior\ContentReplaceBehavior [ RunTime:0.000033s ]
INFO: [ template_filter ] --END-- [ RunTime:0.000072s ]
INFO: Run Behavior\ParseTemplateBehavior [ RunTime:0.004426s ]
INFO: [ view_parse ] --END-- [ RunTime:0.004463s ]
INFO: [ view_filter ] --START--
INFO: Run Behavior\WriteHtmlCacheBehavior [ RunTime:0.000081s ]
INFO: [ view_filter ] --END-- [ RunTime:0.000109s ]
INFO: [ app_end ] --START--
INFO: Run Behavior\ShowPageTraceBehavior [ RunTime:0.000081s ]
INFO: [ app_end ] --END-- [ RunTime:0.000111s ]

[ 2016-07-09T11:19:15+08:00 ] 113.117.245.13 /index.php/Admin/Index
INFO: [ app_init ] --START--
INFO: Run Behavior\BuildLiteBehavior [ RunTime:0.000013s ]
INFO: [ app_init ] --END-- [ RunTime:0.000084s ]
INFO: [ app_begin ] --START--
INFO: Run Behavior\ReadHtmlCacheBehavior [ RunTime:0.000080s ]
INFO: [ app_begin ] --END-- [ RunTime:0.000113s ]
INFO: [ action_begin ] --START--
INFO: Run Home\Behavior\blogInitBehavior [ RunTime:0.000559s ]
INFO: [ action_begin ] --END-- [ RunTime:0.000599s ]
INFO: [ view_parse ] --START--
INFO: [ template_filter ] --START--
INFO: Run Behavior\ContentReplaceBehavior [ RunTime:0.000035s ]
INFO: [ template_filter ] --END-- [ RunTime:0.000074s ]
NOTIC: [8] Undefined index: date /var/www/html/blog/Application/Runtime/Cache/Admin/b595b808c2ebeeeb0478ffc30bb4e87a.php 第 125 行.
INFO: Run Behavior\ParseTemplateBehavior [ RunTime:0.004372s ]
INFO: [ view_parse ] --END-- [ RunTime:0.004408s ]
INFO: [ view_filter ] --START--
INFO: Run Behavior\WriteHtmlCacheBehavior [ RunTime:0.000105s ]
INFO: [ view_filter ] --END-- [ RunTime:0.000140s ]
INFO: [ app_end ] --START--
INFO: Run Behavior\ShowPageTraceBehavior [ RunTime:0.000083s ]
INFO: [ app_end ] --END-- [ RunTime:0.000113s ]

[ 2016-07-09T11:19:18+08:00 ] 113.117.245.13 /index.php/Admin/Index
INFO: [ app_init ] --START--
INFO: Run Behavior\BuildLiteBehavior [ RunTime:0.000013s ]
INFO: [ app_init ] --END-- [ RunTime:0.000097s ]
INFO: [ app_begin ] --START--
INFO: Run Behavior\ReadHtmlCacheBehavior [ RunTime:0.000093s ]
INFO: [ app_begin ] --END-- [ RunTime:0.000128s ]
INFO: [ action_begin ] --START--
INFO: Run Home\Behavior\blogInitBehavior [ RunTime:0.000594s ]
INFO: [ action_begin ] --END-- [ RunTime:0.000634s ]
INFO: [ view_parse ] --START--
INFO: [ template_filter ] --START--
INFO: Run Behavior\ContentReplaceBehavior [ RunTime:0.000034s ]
INFO: [ template_filter ] --END-- [ RunTime:0.000072s ]
NOTIC: [8] Undefined index: date /var/www/html/blog/Application/Runtime/Cache/Admin/b595b808c2ebeeeb0478ffc30bb4e87a.php 第 125 行.
INFO: Run Behavior\ParseTemplateBehavior [ RunTime:0.004336s ]
INFO: [ view_parse ] --END-- [ RunTime:0.004371s ]
INFO: [ view_filter ] --START--
INFO: Run Behavior\WriteHtmlCacheBehavior [ RunTime:0.000091s ]
INFO: [ view_filter ] --END-- [ RunTime:0.000120s ]
INFO: [ app_end ] --START--
INFO: Run Behavior\ShowPageTraceBehavior [ RunTime:0.000091s ]
INFO: [ app_end ] --END-- [ RunTime:0.000121s ]

[ 2016-07-09T11:19:20+08:00 ] 113.117.245.13 /index.php/Admin/Comment/index
INFO: [ app_init ] --START--
INFO: Run Behavior\BuildLiteBehavior [ RunTime:0.000014s ]
INFO: [ app_init ] --END-- [ RunTime:0.000087s ]
INFO: [ app_begin ] --START--
INFO: Run Behavior\ReadHtmlCacheBehavior [ RunTime:0.000081s ]
INFO: [ app_begin ] --END-- [ RunTime:0.000117s ]
INFO: [ action_begin ] --START--
INFO: Run Home\Behavior\blogInitBehavior [ RunTime:0.000562s ]
INFO: [ action_begin ] --END-- [ RunTime:0.000603s ]
INFO: [ view_parse ] --START--
INFO: [ template_filter ] --START--
INFO: Run Behavior\ContentReplaceBehavior [ RunTime:0.000035s ]
INFO: [ template_filter ] --END-- [ RunTime:0.000073s ]
INFO: Run Behavior\ParseTemplateBehavior [ RunTime:0.004385s ]
INFO: [ view_parse ] --END-- [ RunTime:0.004423s ]
INFO: [ view_filter ] --START--
INFO: Run Behavior\WriteHtmlCacheBehavior [ RunTime:0.000082s ]
INFO: [ view_filter ] --END-- [ RunTime:0.000110s ]
INFO: [ app_end ] --START--
INFO: Run Behavior\ShowPageTraceBehavior [ RunTime:0.000082s ]
INFO: [ app_end ] --END-- [ RunTime:0.000112s ]

[ 2016-07-09T11:19:23+08:00 ] 113.117.245.13 /index.php/Admin/Post/meta
INFO: [ app_init ] --START--
INFO: Run Behavior\BuildLiteBehavior [ RunTime:0.000014s ]
INFO: [ app_init ] --END-- [ RunTime:0.000100s ]
INFO: [ app_begin ] --START--
INFO: Run Behavior\ReadHtmlCacheBehavior [ RunTime:0.000092s ]
INFO: [ app_begin ] --END-- [ RunTime:0.000126s ]
INFO: [ action_begin ] --START--
INFO: Run Home\Behavior\blogInitBehavior [ RunTime:0.000618s ]
INFO: [ action_begin ] --END-- [ RunTime:0.000658s ]
INFO: [ view_parse ] --START--
INFO: [ template_filter ] --START--
INFO: Run Behavior\ContentReplaceBehavior [ RunTime:0.000032s ]
INFO: [ template_filter ] --END-- [ RunTime:0.000070s ]
INFO: Run Behavior\ParseTemplateBehavior [ RunTime:0.004117s ]
INFO: [ view_parse ] --END-- [ RunTime:0.004153s ]
INFO: [ view_filter ] --START--
INFO: Run Behavior\WriteHtmlCacheBehavior [ RunTime:0.000142s ]
INFO: [ view_filter ] --END-- [ RunTime:0.000173s ]
INFO: [ app_end ] --START--
INFO: Run Behavior\ShowPageTraceBehavior [ RunTime:0.000093s ]
INFO: [ app_end ] --END-- [ RunTime:0.000124s ]

[ 2016-07-09T11:19:23+08:00 ] 113.117.245.13 /index.php/Admin/Post/edit
INFO: [ app_init ] --START--
INFO: Run Behavior\BuildLiteBehavior [ RunTime:0.000014s ]
INFO: [ app_init ] --END-- [ RunTime:0.000083s ]
INFO: [ app_begin ] --START--
INFO: Run Behavior\ReadHtmlCacheBehavior [ RunTime:0.000080s ]
INFO: [ app_begin ] --END-- [ RunTime:0.000114s ]
INFO: [ action_begin ] --START--
INFO: Run Home\Behavior\blogInitBehavior [ RunTime:0.000690s ]
INFO: [ action_begin ] --END-- [ RunTime:0.000729s ]
INFO: [ view_parse ] --START--
INFO: [ template_filter ] --START--
INFO: Run Behavior\ContentReplaceBehavior [ RunTime:0.000036s ]
INFO: [ template_filter ] --END-- [ RunTime:0.000073s ]
NOTIC: [8] Undefined variable: post /var/www/html/blog/Application/Runtime/Cache/Admin/ad0aa96141d1532f0b2315bf5ded154d.php 第 105 行.
NOTIC: [8] Undefined variable: post /var/www/html/blog/Application/Runtime/Cache/Admin/ad0aa96141d1532f0b2315bf5ded154d.php 第 111 行.
NOTIC: [8] Undefined variable: rank /var/www/html/blog/Application/Runtime/Cache/Admin/ad0aa96141d1532f0b2315bf5ded154d.php 第 112 行.
NOTIC: [8] Undefined variable: post /var/www/html/blog/Application/Runtime/Cache/Admin/ad0aa96141d1532f0b2315bf5ded154d.php 第 114 行.
NOTIC: [8] Undefined variable: post /var/www/html/blog/Application/Runtime/Cache/Admin/ad0aa96141d1532f0b2315bf5ded154d.php 第 117 行.
NOTIC: [8] Undefined variable: post /var/www/html/blog/Application/Runtime/Cache/Admin/ad0aa96141d1532f0b2315bf5ded154d.php 第 122 行.
NOTIC: [8] Undefined variable: post /var/www/html/blog/Application/Runtime/Cache/Admin/ad0aa96141d1532f0b2315bf5ded154d.php 第 134 行.
NOTIC: [8] Undefined variable: post /var/www/html/blog/Application/Runtime/Cache/Admin/ad0aa96141d1532f0b2315bf5ded154d.php 第 138 行.
NOTIC: [8] Undefined variable: post /var/www/html/blog/Application/Runtime/Cache/Admin/ad0aa96141d1532f0b2315bf5ded154d.php 第 149 行.
INFO: Run Behavior\ParseTemplateBehavior [ RunTime:0.004999s ]
INFO: [ view_parse ] --END-- [ RunTime:0.005034s ]
INFO: [ view_filter ] --START--
INFO: Run Behavior\WriteHtmlCacheBehavior [ RunTime:0.000080s ]
INFO: [ view_filter ] --END-- [ RunTime:0.000109s ]
INFO: [ app_end ] --START--
INFO: Run Behavior\ShowPageTraceBehavior [ RunTime:0.000080s ]
INFO: [ app_end ] --END-- [ RunTime:0.000112s ]

