[ 2016-07-13T13:51:46+08:00 ] 220.161.67.137 /index.php/Admin
INFO: [ app_init ] --START--
INFO: Run Behavior\BuildLiteBehavior [ RunTime:0.000017s ]
INFO: [ app_init ] --END-- [ RunTime:0.000152s ]
INFO: [ app_begin ] --START--
INFO: Run Behavior\ReadHtmlCacheBehavior [ RunTime:0.000114s ]
INFO: [ app_begin ] --END-- [ RunTime:0.000154s ]
INFO: [ action_begin ] --START--
INFO: Run Home\Behavior\blogInitBehavior [ RunTime:0.001926s ]
INFO: [ action_begin ] --END-- [ RunTime:0.001974s ]

[ 2016-07-13T13:51:46+08:00 ] 220.161.67.137 /index.php/Admin/Index/login.html
INFO: [ app_init ] --START--
INFO: Run Behavior\BuildLiteBehavior [ RunTime:0.000011s ]
INFO: [ app_init ] --END-- [ RunTime:0.000069s ]
INFO: [ app_begin ] --START--
INFO: Run Behavior\ReadHtmlCacheBehavior [ RunTime:0.000081s ]
INFO: [ app_begin ] --END-- [ RunTime:0.000117s ]
INFO: [ action_begin ] --START--
INFO: Run Home\Behavior\blogInitBehavior [ RunTime:0.000499s ]
INFO: [ action_begin ] --END-- [ RunTime:0.000545s ]
NOTIC: [8] Undefined index: UID /var/www/html/blog/Application/Admin/Controller/IndexController.class.php 第 16 行.
NOTIC: [8] Undefined index: password /var/www/html/blog/Application/Admin/Controller/IndexController.class.php 第 23 行.
INFO: [ view_parse ] --START--
INFO: [ template_filter ] --START--
INFO: Run Behavior\ContentReplaceBehavior [ RunTime:0.000041s ]
INFO: [ template_filter ] --END-- [ RunTime:0.000095s ]
INFO: Run Behavior\ParseTemplateBehavior [ RunTime:0.003191s ]
INFO: [ view_parse ] --END-- [ RunTime:0.003232s ]
INFO: [ view_filter ] --START--
INFO: Run Behavior\WriteHtmlCacheBehavior [ RunTime:0.000100s ]
INFO: [ view_filter ] --END-- [ RunTime:0.000129s ]
INFO: [ app_end ] --START--
INFO: Run Behavior\ShowPageTraceBehavior [ RunTime:0.000101s ]
INFO: [ app_end ] --END-- [ RunTime:0.000131s ]

[ 2016-07-13T13:51:57+08:00 ] 220.161.67.137 /index.php/Admin/Index/login
INFO: [ app_init ] --START--
INFO: Run Behavior\BuildLiteBehavior [ RunTime:0.000018s ]
INFO: [ app_init ] --END-- [ RunTime:0.000161s ]
INFO: [ app_begin ] --START--
INFO: Run Behavior\ReadHtmlCacheBehavior [ RunTime:0.000139s ]
INFO: [ app_begin ] --END-- [ RunTime:0.000206s ]
INFO: [ action_begin ] --START--
INFO: Run Home\Behavior\blogInitBehavior [ RunTime:0.002026s ]
INFO: [ action_begin ] --END-- [ RunTime:0.002067s ]
NOTIC: [8] Undefined index: UID /var/www/html/blog/Application/Admin/Controller/IndexController.class.php 第 16 行.
NOTIC: [8] Undefined index: password /var/www/html/blog/Application/Admin/Controller/IndexController.class.php 第 23 行.
INFO: [ view_parse ] --START--
INFO: [ template_filter ] --START--
INFO: Run Behavior\ContentReplaceBehavior [ RunTime:0.000041s ]
INFO: [ template_filter ] --END-- [ RunTime:0.000082s ]
INFO: Run Behavior\ParseTemplateBehavior [ RunTime:0.005192s ]
INFO: [ view_parse ] --END-- [ RunTime:0.005236s ]
INFO: [ view_filter ] --START--
INFO: Run Behavior\WriteHtmlCacheBehavior [ RunTime:0.000101s ]
INFO: [ view_filter ] --END-- [ RunTime:0.000130s ]
INFO: [ app_end ] --START--
INFO: Run Behavior\ShowPageTraceBehavior [ RunTime:0.000107s ]
INFO: [ app_end ] --END-- [ RunTime:0.000137s ]

[ 2016-07-13T13:51:59+08:00 ] 220.161.67.137 /index.php/Admin/Index/index
INFO: [ app_init ] --START--
INFO: Run Behavior\BuildLiteBehavior [ RunTime:0.000014s ]
INFO: [ app_init ] --END-- [ RunTime:0.000085s ]
INFO: [ app_begin ] --START--
INFO: Run Behavior\ReadHtmlCacheBehavior [ RunTime:0.000084s ]
INFO: [ app_begin ] --END-- [ RunTime:0.000119s ]
INFO: [ action_begin ] --START--
INFO: Run Home\Behavior\blogInitBehavior [ RunTime:0.000570s ]
INFO: [ action_begin ] --END-- [ RunTime:0.000609s ]
INFO: [ view_parse ] --START--
INFO: [ template_filter ] --START--
INFO: Run Behavior\ContentReplaceBehavior [ RunTime:0.000041s ]
INFO: [ template_filter ] --END-- [ RunTime:0.000100s ]
NOTIC: [8] Undefined index: date /var/www/html/blog/Application/Runtime/Cache/Admin/b595b808c2ebeeeb0478ffc30bb4e87a.php 第 125 行.
INFO: Run Behavior\ParseTemplateBehavior [ RunTime:0.030144s ]
INFO: [ view_parse ] --END-- [ RunTime:0.030180s ]
INFO: [ view_filter ] --START--
INFO: Run Behavior\WriteHtmlCacheBehavior [ RunTime:0.000084s ]
INFO: [ view_filter ] --END-- [ RunTime:0.000114s ]
INFO: [ app_end ] --START--
INFO: Run Behavior\ShowPageTraceBehavior [ RunTime:0.000085s ]
INFO: [ app_end ] --END-- [ RunTime:0.000115s ]

[ 2016-07-13T13:52:02+08:00 ] 220.161.67.137 /index.php/Admin/Post/edit/2
INFO: [ app_init ] --START--
INFO: Run Behavior\BuildLiteBehavior [ RunTime:0.000014s ]
INFO: [ app_init ] --END-- [ RunTime:0.000101s ]
INFO: [ app_begin ] --START--
INFO: Run Behavior\ReadHtmlCacheBehavior [ RunTime:0.000094s ]
INFO: [ app_begin ] --END-- [ RunTime:0.000129s ]
INFO: [ action_begin ] --START--
INFO: Run Home\Behavior\blogInitBehavior [ RunTime:0.000727s ]
INFO: [ action_begin ] --END-- [ RunTime:0.000816s ]
INFO: [ view_parse ] --START--
INFO: [ template_filter ] --START--
INFO: Run Behavior\ContentReplaceBehavior [ RunTime:0.000042s ]
INFO: [ template_filter ] --END-- [ RunTime:0.000091s ]
NOTIC: [8] Undefined variable: rank /var/www/html/blog/Application/Runtime/Cache/Admin/ad0aa96141d1532f0b2315bf5ded154d.php 第 112 行.
INFO: Run Behavior\ParseTemplateBehavior [ RunTime:0.006239s ]
INFO: [ view_parse ] --END-- [ RunTime:0.006295s ]
INFO: [ view_filter ] --START--
INFO: Run Behavior\WriteHtmlCacheBehavior [ RunTime:0.000096s ]
INFO: [ view_filter ] --END-- [ RunTime:0.000127s ]
INFO: [ app_end ] --START--
INFO: Run Behavior\ShowPageTraceBehavior [ RunTime:0.000098s ]
INFO: [ app_end ] --END-- [ RunTime:0.000129s ]

[ 2016-07-13T13:52:13+08:00 ] 220.161.67.137 /index.php/Admin/Post/edit
INFO: [ app_init ] --START--
INFO: Run Behavior\BuildLiteBehavior [ RunTime:0.000020s ]
INFO: [ app_init ] --END-- [ RunTime:0.000232s ]
INFO: [ app_begin ] --START--
INFO: Run Behavior\ReadHtmlCacheBehavior [ RunTime:0.000118s ]
INFO: [ app_begin ] --END-- [ RunTime:0.000160s ]
INFO: [ action_begin ] --START--
INFO: Run Home\Behavior\blogInitBehavior [ RunTime:0.001915s ]
INFO: [ action_begin ] --END-- [ RunTime:0.001956s ]
INFO: [ view_parse ] --START--
INFO: [ template_filter ] --START--
INFO: Run Behavior\ContentReplaceBehavior [ RunTime:0.000051s ]
INFO: [ template_filter ] --END-- [ RunTime:0.000101s ]
NOTIC: [8] Undefined variable: post /var/www/html/blog/Application/Runtime/Cache/Admin/ad0aa96141d1532f0b2315bf5ded154d.php 第 105 行.
NOTIC: [8] Undefined variable: post /var/www/html/blog/Application/Runtime/Cache/Admin/ad0aa96141d1532f0b2315bf5ded154d.php 第 111 行.
NOTIC: [8] Undefined variable: rank /var/www/html/blog/Application/Runtime/Cache/Admin/ad0aa96141d1532f0b2315bf5ded154d.php 第 112 行.
NOTIC: [8] Undefined variable: post /var/www/html/blog/Application/Runtime/Cache/Admin/ad0aa96141d1532f0b2315bf5ded154d.php 第 114 行.
NOTIC: [8] Undefined variable: post /var/www/html/blog/Application/Runtime/Cache/Admin/ad0aa96141d1532f0b2315bf5ded154d.php 第 117 行.
NOTIC: [8] Undefined variable: post /var/www/html/blog/Application/Runtime/Cache/Admin/ad0aa96141d1532f0b2315bf5ded154d.php 第 122 行.
NOTIC: [8] Undefined variable: post /var/www/html/blog/Application/Runtime/Cache/Admin/ad0aa96141d1532f0b2315bf5ded154d.php 第 134 行.
NOTIC: [8] Undefined variable: post /var/www/html/blog/Application/Runtime/Cache/Admin/ad0aa96141d1532f0b2315bf5ded154d.php 第 138 行.
NOTIC: [8] Undefined variable: post /var/www/html/blog/Application/Runtime/Cache/Admin/ad0aa96141d1532f0b2315bf5ded154d.php 第 149 行.
INFO: Run Behavior\ParseTemplateBehavior [ RunTime:0.005874s ]
INFO: [ view_parse ] --END-- [ RunTime:0.005919s ]
INFO: [ view_filter ] --START--
INFO: Run Behavior\WriteHtmlCacheBehavior [ RunTime:0.000106s ]
INFO: [ view_filter ] --END-- [ RunTime:0.000136s ]
INFO: [ app_end ] --START--
INFO: Run Behavior\ShowPageTraceBehavior [ RunTime:0.000111s ]
INFO: [ app_end ] --END-- [ RunTime:0.000143s ]

[ 2016-07-13T13:58:03+08:00 ] 220.161.67.137 /index.php/Admin/Post/edit
INFO: [ app_init ] --START--
INFO: Run Behavior\BuildLiteBehavior [ RunTime:0.000017s ]
INFO: [ app_init ] --END-- [ RunTime:0.000138s ]
INFO: [ app_begin ] --START--
INFO: Run Behavior\ReadHtmlCacheBehavior [ RunTime:0.000102s ]
INFO: [ app_begin ] --END-- [ RunTime:0.000143s ]
INFO: [ action_begin ] --START--
INFO: Run Home\Behavior\blogInitBehavior [ RunTime:0.001974s ]
INFO: [ action_begin ] --END-- [ RunTime:0.002025s ]

[ 2016-07-13T13:58:03+08:00 ] 220.161.67.137 /index.php/Admin/Index/login.html
INFO: [ app_init ] --START--
INFO: Run Behavior\BuildLiteBehavior [ RunTime:0.000014s ]
INFO: [ app_init ] --END-- [ RunTime:0.000087s ]
INFO: [ app_begin ] --START--
INFO: Run Behavior\ReadHtmlCacheBehavior [ RunTime:0.000083s ]
INFO: [ app_begin ] --END-- [ RunTime:0.000116s ]
INFO: [ action_begin ] --START--
INFO: Run Home\Behavior\blogInitBehavior [ RunTime:0.000575s ]
INFO: [ action_begin ] --END-- [ RunTime:0.000617s ]
NOTIC: [8] Undefined index: UID /var/www/html/blog/Application/Admin/Controller/IndexController.class.php 第 16 行.
NOTIC: [8] Undefined index: password /var/www/html/blog/Application/Admin/Controller/IndexController.class.php 第 23 行.
INFO: [ view_parse ] --START--
INFO: [ template_filter ] --START--
INFO: Run Behavior\ContentReplaceBehavior [ RunTime:0.000040s ]
INFO: [ template_filter ] --END-- [ RunTime:0.000079s ]
INFO: Run Behavior\ParseTemplateBehavior [ RunTime:0.003213s ]
INFO: [ view_parse ] --END-- [ RunTime:0.003258s ]
INFO: [ view_filter ] --START--
INFO: Run Behavior\WriteHtmlCacheBehavior [ RunTime:0.000087s ]
INFO: [ view_filter ] --END-- [ RunTime:0.000115s ]
INFO: [ app_end ] --START--
INFO: Run Behavior\ShowPageTraceBehavior [ RunTime:0.000089s ]
INFO: [ app_end ] --END-- [ RunTime:0.000119s ]

[ 2016-07-13T13:58:41+08:00 ] 220.161.67.137 /index.php/Admin/Index/login
INFO: [ app_init ] --START--
INFO: Run Behavior\BuildLiteBehavior [ RunTime:0.000018s ]
INFO: [ app_init ] --END-- [ RunTime:0.000161s ]
INFO: [ app_begin ] --START--
INFO: Run Behavior\ReadHtmlCacheBehavior [ RunTime:0.000118s ]
INFO: [ app_begin ] --END-- [ RunTime:0.000163s ]
INFO: [ action_begin ] --START--
INFO: Run Home\Behavior\blogInitBehavior [ RunTime:0.001953s ]
INFO: [ action_begin ] --END-- [ RunTime:0.001995s ]
NOTIC: [8] Undefined index: UID /var/www/html/blog/Application/Admin/Controller/IndexController.class.php 第 16 行.
NOTIC: [8] Undefined index: password /var/www/html/blog/Application/Admin/Controller/IndexController.class.php 第 23 行.
INFO: [ view_parse ] --START--
INFO: [ template_filter ] --START--
INFO: Run Behavior\ContentReplaceBehavior [ RunTime:0.000041s ]
INFO: [ template_filter ] --END-- [ RunTime:0.000081s ]
INFO: Run Behavior\ParseTemplateBehavior [ RunTime:0.002395s ]
INFO: [ view_parse ] --END-- [ RunTime:0.002439s ]
INFO: [ view_filter ] --START--
INFO: Run Behavior\WriteHtmlCacheBehavior [ RunTime:0.000099s ]
INFO: [ view_filter ] --END-- [ RunTime:0.000132s ]
INFO: [ app_end ] --START--
INFO: Run Behavior\ShowPageTraceBehavior [ RunTime:0.000107s ]
INFO: [ app_end ] --END-- [ RunTime:0.000138s ]

[ 2016-07-13T13:59:37+08:00 ] 101.226.61.189 /index.php/Admin
INFO: [ app_init ] --START--
INFO: Run Behavior\BuildLiteBehavior [ RunTime:0.000017s ]
INFO: [ app_init ] --END-- [ RunTime:0.000130s ]
INFO: [ app_begin ] --START--
INFO: Run Behavior\ReadHtmlCacheBehavior [ RunTime:0.000103s ]
INFO: [ app_begin ] --END-- [ RunTime:0.000141s ]
INFO: [ action_begin ] --START--
INFO: Run Home\Behavior\blogInitBehavior [ RunTime:0.002024s ]
INFO: [ action_begin ] --END-- [ RunTime:0.002079s ]

[ 2016-07-13T13:59:37+08:00 ] 112.64.235.254 /index.php/Admin
INFO: [ app_init ] --START--
INFO: Run Behavior\BuildLiteBehavior [ RunTime:0.000027s ]
INFO: [ app_init ] --END-- [ RunTime:0.000163s ]
INFO: [ app_begin ] --START--
INFO: Run Behavior\ReadHtmlCacheBehavior [ RunTime:0.000105s ]
INFO: [ app_begin ] --END-- [ RunTime:0.000145s ]
INFO: [ action_begin ] --START--
INFO: Run Home\Behavior\blogInitBehavior [ RunTime:0.001924s ]
INFO: [ action_begin ] --END-- [ RunTime:0.001980s ]

[ 2016-07-13T13:59:37+08:00 ] 112.64.235.254 /index.php/Admin/Index/login.html
INFO: [ app_init ] --START--
INFO: Run Behavior\BuildLiteBehavior [ RunTime:0.000010s ]
INFO: [ app_init ] --END-- [ RunTime:0.000063s ]
INFO: [ app_begin ] --START--
INFO: Run Behavior\ReadHtmlCacheBehavior [ RunTime:0.000080s ]
INFO: [ app_begin ] --END-- [ RunTime:0.000115s ]
INFO: [ action_begin ] --START--
INFO: Run Home\Behavior\blogInitBehavior [ RunTime:0.000450s ]
INFO: [ action_begin ] --END-- [ RunTime:0.000491s ]
NOTIC: [8] Undefined index: UID /var/www/html/blog/Application/Admin/Controller/IndexController.class.php 第 16 行.
NOTIC: [8] Undefined index: password /var/www/html/blog/Application/Admin/Controller/IndexController.class.php 第 23 行.
INFO: [ view_parse ] --START--
INFO: [ template_filter ] --START--
INFO: Run Behavior\ContentReplaceBehavior [ RunTime:0.000041s ]
INFO: [ template_filter ] --END-- [ RunTime:0.000090s ]
INFO: Run Behavior\ParseTemplateBehavior [ RunTime:0.003163s ]
INFO: [ view_parse ] --END-- [ RunTime:0.003204s ]
INFO: [ view_filter ] --START--
INFO: Run Behavior\WriteHtmlCacheBehavior [ RunTime:0.000087s ]
INFO: [ view_filter ] --END-- [ RunTime:0.000115s ]
INFO: [ app_end ] --START--
INFO: Run Behavior\ShowPageTraceBehavior [ RunTime:0.000089s ]
INFO: [ app_end ] --END-- [ RunTime:0.000118s ]

[ 2016-07-13T13:59:37+08:00 ] 101.226.61.189 /index.php/Admin/Index/login.html
INFO: [ app_init ] --START--
INFO: Run Behavior\BuildLiteBehavior [ RunTime:0.000014s ]
INFO: [ app_init ] --END-- [ RunTime:0.000112s ]
INFO: [ app_begin ] --START--
INFO: Run Behavior\ReadHtmlCacheBehavior [ RunTime:0.000100s ]
INFO: [ app_begin ] --END-- [ RunTime:0.000139s ]
INFO: [ action_begin ] --START--
INFO: Run Home\Behavior\blogInitBehavior [ RunTime:0.001793s ]
INFO: [ action_begin ] --END-- [ RunTime:0.001851s ]
NOTIC: [8] Undefined index: UID /var/www/html/blog/Application/Admin/Controller/IndexController.class.php 第 16 行.
NOTIC: [8] Undefined index: password /var/www/html/blog/Application/Admin/Controller/IndexController.class.php 第 23 行.
INFO: [ view_parse ] --START--
INFO: [ template_filter ] --START--
INFO: Run Behavior\ContentReplaceBehavior [ RunTime:0.000040s ]
INFO: [ template_filter ] --END-- [ RunTime:0.000089s ]
INFO: Run Behavior\ParseTemplateBehavior [ RunTime:0.003031s ]
INFO: [ view_parse ] --END-- [ RunTime:0.003071s ]
INFO: [ view_filter ] --START--
INFO: Run Behavior\WriteHtmlCacheBehavior [ RunTime:0.000085s ]
INFO: [ view_filter ] --END-- [ RunTime:0.000113s ]
INFO: [ app_end ] --START--
INFO: Run Behavior\ShowPageTraceBehavior [ RunTime:0.000089s ]
INFO: [ app_end ] --END-- [ RunTime:0.000119s ]

[ 2016-07-13T13:59:38+08:00 ] 180.153.206.19 /index.php/Admin/Index/login.html
INFO: [ app_init ] --START--
INFO: Run Behavior\BuildLiteBehavior [ RunTime:0.000021s ]
INFO: [ app_init ] --END-- [ RunTime:0.000169s ]
INFO: [ app_begin ] --START--
INFO: Run Behavior\ReadHtmlCacheBehavior [ RunTime:0.000138s ]
INFO: [ app_begin ] --END-- [ RunTime:0.000192s ]
INFO: [ action_begin ] --START--
INFO: Run Home\Behavior\blogInitBehavior [ RunTime:0.013482s ]
INFO: [ action_begin ] --END-- [ RunTime:0.013550s ]
NOTIC: [8] Undefined index: UID /var/www/html/blog/Application/Admin/Controller/IndexController.class.php 第 16 行.
NOTIC: [8] Undefined index: password /var/www/html/blog/Application/Admin/Controller/IndexController.class.php 第 23 行.
INFO: [ view_parse ] --START--
INFO: [ template_filter ] --START--
INFO: Run Behavior\ContentReplaceBehavior [ RunTime:0.000051s ]
INFO: [ template_filter ] --END-- [ RunTime:0.000104s ]
INFO: Run Behavior\ParseTemplateBehavior [ RunTime:0.010358s ]
INFO: [ view_parse ] --END-- [ RunTime:0.010415s ]
INFO: [ view_filter ] --START--
INFO: Run Behavior\WriteHtmlCacheBehavior [ RunTime:0.000103s ]
INFO: [ view_filter ] --END-- [ RunTime:0.000133s ]
INFO: [ app_end ] --START--
INFO: Run Behavior\ShowPageTraceBehavior [ RunTime:0.000110s ]
INFO: [ app_end ] --END-- [ RunTime:0.000141s ]

[ 2016-07-13T13:59:38+08:00 ] 180.153.214.198 /index.php/Admin
INFO: [ app_init ] --START--
INFO: Run Behavior\BuildLiteBehavior [ RunTime:0.000021s ]
INFO: [ app_init ] --END-- [ RunTime:0.001063s ]
INFO: [ app_begin ] --START--
INFO: Run Behavior\ReadHtmlCacheBehavior [ RunTime:0.000108s ]
INFO: [ app_begin ] --END-- [ RunTime:0.000149s ]
INFO: [ action_begin ] --START--
INFO: Run Home\Behavior\blogInitBehavior [ RunTime:0.009849s ]
INFO: [ action_begin ] --END-- [ RunTime:0.009914s ]

[ 2016-07-13T13:59:38+08:00 ] 180.153.214.198 /index.php/Admin/Index/login.html
INFO: [ app_init ] --START--
INFO: Run Behavior\BuildLiteBehavior [ RunTime:0.000020s ]
INFO: [ app_init ] --END-- [ RunTime:0.000132s ]
INFO: [ app_begin ] --START--
INFO: Run Behavior\ReadHtmlCacheBehavior [ RunTime:0.000101s ]
INFO: [ app_begin ] --END-- [ RunTime:0.000142s ]
INFO: [ action_begin ] --START--
INFO: Run Home\Behavior\blogInitBehavior [ RunTime:0.002034s ]
INFO: [ action_begin ] --END-- [ RunTime:0.002100s ]
NOTIC: [8] Undefined index: UID /var/www/html/blog/Application/Admin/Controller/IndexController.class.php 第 16 行.
NOTIC: [8] Undefined index: password /var/www/html/blog/Application/Admin/Controller/IndexController.class.php 第 23 行.
INFO: [ view_parse ] --START--
INFO: [ template_filter ] --START--
INFO: Run Behavior\ContentReplaceBehavior [ RunTime:0.000042s ]
INFO: [ template_filter ] --END-- [ RunTime:0.000081s ]
INFO: Run Behavior\ParseTemplateBehavior [ RunTime:0.003129s ]
INFO: [ view_parse ] --END-- [ RunTime:0.003174s ]
INFO: [ view_filter ] --START--
INFO: Run Behavior\WriteHtmlCacheBehavior [ RunTime:0.000086s ]
INFO: [ view_filter ] --END-- [ RunTime:0.000127s ]
INFO: [ app_end ] --START--
INFO: Run Behavior\ShowPageTraceBehavior [ RunTime:0.000139s ]
INFO: [ app_end ] --END-- [ RunTime:0.000172s ]

[ 2016-07-13T13:59:47+08:00 ] 180.153.214.200 /index.php/Admin/Index/login.html
INFO: [ app_init ] --START--
INFO: Run Behavior\BuildLiteBehavior [ RunTime:0.000021s ]
INFO: [ app_init ] --END-- [ RunTime:0.000153s ]
INFO: [ app_begin ] --START--
INFO: Run Behavior\ReadHtmlCacheBehavior [ RunTime:0.000163s ]
INFO: [ app_begin ] --END-- [ RunTime:0.000207s ]
INFO: [ action_begin ] --START--
INFO: Run Home\Behavior\blogInitBehavior [ RunTime:0.001945s ]
INFO: [ action_begin ] --END-- [ RunTime:0.001993s ]
NOTIC: [8] Undefined index: UID /var/www/html/blog/Application/Admin/Controller/IndexController.class.php 第 16 行.
NOTIC: [8] Undefined index: password /var/www/html/blog/Application/Admin/Controller/IndexController.class.php 第 23 行.
INFO: [ view_parse ] --START--
INFO: [ template_filter ] --START--
INFO: Run Behavior\ContentReplaceBehavior [ RunTime:0.000045s ]
INFO: [ template_filter ] --END-- [ RunTime:0.000085s ]
INFO: Run Behavior\ParseTemplateBehavior [ RunTime:0.003522s ]
INFO: [ view_parse ] --END-- [ RunTime:0.003568s ]
INFO: [ view_filter ] --START--
INFO: Run Behavior\WriteHtmlCacheBehavior [ RunTime:0.000100s ]
INFO: [ view_filter ] --END-- [ RunTime:0.000130s ]
INFO: [ app_end ] --START--
INFO: Run Behavior\ShowPageTraceBehavior [ RunTime:0.000108s ]
INFO: [ app_end ] --END-- [ RunTime:0.000138s ]

[ 2016-07-13T13:59:52+08:00 ] 101.226.61.189 /index.php/Admin/Index/login
INFO: [ app_init ] --START--
INFO: Run Behavior\BuildLiteBehavior [ RunTime:0.000017s ]
INFO: [ app_init ] --END-- [ RunTime:0.000147s ]
INFO: [ app_begin ] --START--
INFO: Run Behavior\ReadHtmlCacheBehavior [ RunTime:0.000120s ]
INFO: [ app_begin ] --END-- [ RunTime:0.000161s ]
INFO: [ action_begin ] --START--
INFO: Run Home\Behavior\blogInitBehavior [ RunTime:0.002072s ]
INFO: [ action_begin ] --END-- [ RunTime:0.002120s ]
NOTIC: [8] Undefined index: UID /var/www/html/blog/Application/Admin/Controller/IndexController.class.php 第 16 行.
NOTIC: [8] Undefined index: password /var/www/html/blog/Application/Admin/Controller/IndexController.class.php 第 23 行.
INFO: [ view_parse ] --START--
INFO: [ template_filter ] --START--
INFO: Run Behavior\ContentReplaceBehavior [ RunTime:0.000057s ]
INFO: [ template_filter ] --END-- [ RunTime:0.000132s ]
INFO: Run Behavior\ParseTemplateBehavior [ RunTime:0.002344s ]
INFO: [ view_parse ] --END-- [ RunTime:0.002393s ]
INFO: [ view_filter ] --START--
INFO: Run Behavior\WriteHtmlCacheBehavior [ RunTime:0.000100s ]
INFO: [ view_filter ] --END-- [ RunTime:0.000128s ]
INFO: [ app_end ] --START--
INFO: Run Behavior\ShowPageTraceBehavior [ RunTime:0.000104s ]
INFO: [ app_end ] --END-- [ RunTime:0.000135s ]

[ 2016-07-13T13:59:52+08:00 ] 180.153.214.198 /index.php/Admin/Index/login
INFO: [ app_init ] --START--
INFO: Run Behavior\BuildLiteBehavior [ RunTime:0.000013s ]
INFO: [ app_init ] --END-- [ RunTime:0.000111s ]
INFO: [ app_begin ] --START--
INFO: Run Behavior\ReadHtmlCacheBehavior [ RunTime:0.000097s ]
INFO: [ app_begin ] --END-- [ RunTime:0.000136s ]
INFO: [ action_begin ] --START--
INFO: Run Home\Behavior\blogInitBehavior [ RunTime:0.001710s ]
INFO: [ action_begin ] --END-- [ RunTime:0.001756s ]
NOTIC: [8] Undefined index: UID /var/www/html/blog/Application/Admin/Controller/IndexController.class.php 第 16 行.
NOTIC: [8] Undefined index: password /var/www/html/blog/Application/Admin/Controller/IndexController.class.php 第 23 行.
INFO: [ view_parse ] --START--
INFO: [ template_filter ] --START--
INFO: Run Behavior\ContentReplaceBehavior [ RunTime:0.000036s ]
INFO: [ template_filter ] --END-- [ RunTime:0.000074s ]
INFO: Run Behavior\ParseTemplateBehavior [ RunTime:0.003009s ]
INFO: [ view_parse ] --END-- [ RunTime:0.003053s ]
INFO: [ view_filter ] --START--
INFO: Run Behavior\WriteHtmlCacheBehavior [ RunTime:0.000086s ]
INFO: [ view_filter ] --END-- [ RunTime:0.000114s ]
INFO: [ app_end ] --START--
INFO: Run Behavior\ShowPageTraceBehavior [ RunTime:0.000088s ]
INFO: [ app_end ] --END-- [ RunTime:0.000118s ]

[ 2016-07-13T13:59:54+08:00 ] 101.226.61.189 /index.php/Admin/Index/index
INFO: [ app_init ] --START--
INFO: Run Behavior\BuildLiteBehavior [ RunTime:0.000019s ]
INFO: [ app_init ] --END-- [ RunTime:0.000142s ]
INFO: [ app_begin ] --START--
INFO: Run Behavior\ReadHtmlCacheBehavior [ RunTime:0.000107s ]
INFO: [ app_begin ] --END-- [ RunTime:0.000148s ]
INFO: [ action_begin ] --START--
INFO: Run Home\Behavior\blogInitBehavior [ RunTime:0.001950s ]
INFO: [ action_begin ] --END-- [ RunTime:0.002009s ]
INFO: [ view_parse ] --START--
INFO: [ template_filter ] --START--
INFO: Run Behavior\ContentReplaceBehavior [ RunTime:0.000046s ]
INFO: [ template_filter ] --END-- [ RunTime:0.000104s ]
NOTIC: [8] Undefined index: date /var/www/html/blog/Application/Runtime/Cache/Admin/b595b808c2ebeeeb0478ffc30bb4e87a.php 第 125 行.
INFO: Run Behavior\ParseTemplateBehavior [ RunTime:0.005667s ]
INFO: [ view_parse ] --END-- [ RunTime:0.005724s ]
INFO: [ view_filter ] --START--
INFO: Run Behavior\WriteHtmlCacheBehavior [ RunTime:0.000128s ]
INFO: [ view_filter ] --END-- [ RunTime:0.000176s ]
INFO: [ app_end ] --START--
INFO: Run Behavior\ShowPageTraceBehavior [ RunTime:0.000138s ]
INFO: [ app_end ] --END-- [ RunTime:0.000191s ]

[ 2016-07-13T13:59:54+08:00 ] 180.153.214.188 /index.php/Admin/Index/index
INFO: [ app_init ] --START--
INFO: Run Behavior\BuildLiteBehavior [ RunTime:0.000017s ]
INFO: [ app_init ] --END-- [ RunTime:0.000135s ]
INFO: [ app_begin ] --START--
INFO: Run Behavior\ReadHtmlCacheBehavior [ RunTime:0.000105s ]
INFO: [ app_begin ] --END-- [ RunTime:0.000148s ]
INFO: [ action_begin ] --START--
INFO: Run Home\Behavior\blogInitBehavior [ RunTime:0.002051s ]
INFO: [ action_begin ] --END-- [ RunTime:0.002099s ]

[ 2016-07-13T13:59:54+08:00 ] 180.153.214.188 /index.php/Admin/Index/login.html
INFO: [ app_init ] --START--
INFO: Run Behavior\BuildLiteBehavior [ RunTime:0.000015s ]
INFO: [ app_init ] --END-- [ RunTime:0.000121s ]
INFO: [ app_begin ] --START--
INFO: Run Behavior\ReadHtmlCacheBehavior [ RunTime:0.000101s ]
INFO: [ app_begin ] --END-- [ RunTime:0.000146s ]
INFO: [ action_begin ] --START--
INFO: Run Home\Behavior\blogInitBehavior [ RunTime:0.001836s ]
INFO: [ action_begin ] --END-- [ RunTime:0.001885s ]
NOTIC: [8] Undefined index: UID /var/www/html/blog/Application/Admin/Controller/IndexController.class.php 第 16 行.
NOTIC: [8] Undefined index: password /var/www/html/blog/Application/Admin/Controller/IndexController.class.php 第 23 行.
INFO: [ view_parse ] --START--
INFO: [ template_filter ] --START--
INFO: Run Behavior\ContentReplaceBehavior [ RunTime:0.000042s ]
INFO: [ template_filter ] --END-- [ RunTime:0.000090s ]
INFO: Run Behavior\ParseTemplateBehavior [ RunTime:0.003188s ]
INFO: [ view_parse ] --END-- [ RunTime:0.003227s ]
INFO: [ view_filter ] --START--
INFO: Run Behavior\WriteHtmlCacheBehavior [ RunTime:0.000089s ]
INFO: [ view_filter ] --END-- [ RunTime:0.000117s ]
INFO: [ app_end ] --START--
INFO: Run Behavior\ShowPageTraceBehavior [ RunTime:0.000091s ]
INFO: [ app_end ] --END-- [ RunTime:0.000121s ]

[ 2016-07-13T13:59:55+08:00 ] 101.226.61.189 /index.php/Admin/Post/edit/2
INFO: [ app_init ] --START--
INFO: Run Behavior\BuildLiteBehavior [ RunTime:0.000017s ]
INFO: [ app_init ] --END-- [ RunTime:0.000172s ]
INFO: [ app_begin ] --START--
INFO: Run Behavior\ReadHtmlCacheBehavior [ RunTime:0.000149s ]
INFO: [ app_begin ] --END-- [ RunTime:0.000202s ]
INFO: [ action_begin ] --START--
INFO: Run Home\Behavior\blogInitBehavior [ RunTime:0.002027s ]
INFO: [ action_begin ] --END-- [ RunTime:0.002068s ]
INFO: [ view_parse ] --START--
INFO: [ template_filter ] --START--
INFO: Run Behavior\ContentReplaceBehavior [ RunTime:0.000046s ]
INFO: [ template_filter ] --END-- [ RunTime:0.000090s ]
NOTIC: [8] Undefined variable: rank /var/www/html/blog/Application/Runtime/Cache/Admin/ad0aa96141d1532f0b2315bf5ded154d.php 第 112 行.
INFO: Run Behavior\ParseTemplateBehavior [ RunTime:0.005804s ]
INFO: [ view_parse ] --END-- [ RunTime:0.005844s ]
INFO: [ view_filter ] --START--
INFO: Run Behavior\WriteHtmlCacheBehavior [ RunTime:0.000101s ]
INFO: [ view_filter ] --END-- [ RunTime:0.000132s ]
INFO: [ app_end ] --START--
INFO: Run Behavior\ShowPageTraceBehavior [ RunTime:0.000136s ]
INFO: [ app_end ] --END-- [ RunTime:0.000169s ]

[ 2016-07-13T13:59:55+08:00 ] 112.64.235.248 /index.php/Admin/Post/edit/2
INFO: [ app_init ] --START--
INFO: Run Behavior\BuildLiteBehavior [ RunTime:0.000018s ]
INFO: [ app_init ] --END-- [ RunTime:0.000133s ]
INFO: [ app_begin ] --START--
INFO: Run Behavior\ReadHtmlCacheBehavior [ RunTime:0.000102s ]
INFO: [ app_begin ] --END-- [ RunTime:0.000140s ]
INFO: [ action_begin ] --START--
INFO: Run Home\Behavior\blogInitBehavior [ RunTime:0.002606s ]
INFO: [ action_begin ] --END-- [ RunTime:0.002653s ]

[ 2016-07-13T13:59:55+08:00 ] 101.226.66.191 /index.php/Admin/Post/edit/2
INFO: [ app_init ] --START--
INFO: Run Behavior\BuildLiteBehavior [ RunTime:0.000013s ]
INFO: [ app_init ] --END-- [ RunTime:0.000108s ]
INFO: [ app_begin ] --START--
INFO: Run Behavior\ReadHtmlCacheBehavior [ RunTime:0.000095s ]
INFO: [ app_begin ] --END-- [ RunTime:0.000136s ]
INFO: [ action_begin ] --START--
INFO: Run Home\Behavior\blogInitBehavior [ RunTime:0.001758s ]
INFO: [ action_begin ] --END-- [ RunTime:0.001810s ]

[ 2016-07-13T13:59:55+08:00 ] 112.64.235.248 /index.php/Admin/Index/login.html
INFO: [ app_init ] --START--
INFO: Run Behavior\BuildLiteBehavior [ RunTime:0.000013s ]
INFO: [ app_init ] --END-- [ RunTime:0.000079s ]
INFO: [ app_begin ] --START--
INFO: Run Behavior\ReadHtmlCacheBehavior [ RunTime:0.000083s ]
INFO: [ app_begin ] --END-- [ RunTime:0.000117s ]
INFO: [ action_begin ] --START--
INFO: Run Home\Behavior\blogInitBehavior [ RunTime:0.000548s ]
INFO: [ action_begin ] --END-- [ RunTime:0.000592s ]
NOTIC: [8] Undefined index: UID /var/www/html/blog/Application/Admin/Controller/IndexController.class.php 第 16 行.
NOTIC: [8] Undefined index: password /var/www/html/blog/Application/Admin/Controller/IndexController.class.php 第 23 行.
INFO: [ view_parse ] --START--
INFO: [ template_filter ] --START--
INFO: Run Behavior\ContentReplaceBehavior [ RunTime:0.000041s ]
INFO: [ template_filter ] --END-- [ RunTime:0.000094s ]
INFO: Run Behavior\ParseTemplateBehavior [ RunTime:0.004190s ]
INFO: [ view_parse ] --END-- [ RunTime:0.004230s ]
INFO: [ view_filter ] --START--
INFO: Run Behavior\WriteHtmlCacheBehavior [ RunTime:0.000088s ]
INFO: [ view_filter ] --END-- [ RunTime:0.000115s ]
INFO: [ app_end ] --START--
INFO: Run Behavior\ShowPageTraceBehavior [ RunTime:0.000091s ]
INFO: [ app_end ] --END-- [ RunTime:0.000120s ]

[ 2016-07-13T13:59:56+08:00 ] 101.226.66.191 /index.php/Admin/Index/login.html
INFO: [ app_init ] --START--
INFO: Run Behavior\BuildLiteBehavior [ RunTime:0.000013s ]
INFO: [ app_init ] --END-- [ RunTime:0.000110s ]
INFO: [ app_begin ] --START--
INFO: Run Behavior\ReadHtmlCacheBehavior [ RunTime:0.000099s ]
INFO: [ app_begin ] --END-- [ RunTime:0.000140s ]
INFO: [ action_begin ] --START--
INFO: Run Home\Behavior\blogInitBehavior [ RunTime:0.001768s ]
INFO: [ action_begin ] --END-- [ RunTime:0.001819s ]
NOTIC: [8] Undefined index: UID /var/www/html/blog/Application/Admin/Controller/IndexController.class.php 第 16 行.
NOTIC: [8] Undefined index: password /var/www/html/blog/Application/Admin/Controller/IndexController.class.php 第 23 行.
INFO: [ view_parse ] --START--
INFO: [ template_filter ] --START--
INFO: Run Behavior\ContentReplaceBehavior [ RunTime:0.000037s ]
INFO: [ template_filter ] --END-- [ RunTime:0.000086s ]
INFO: Run Behavior\ParseTemplateBehavior [ RunTime:0.002966s ]
INFO: [ view_parse ] --END-- [ RunTime:0.003005s ]
INFO: [ view_filter ] --START--
INFO: Run Behavior\WriteHtmlCacheBehavior [ RunTime:0.000085s ]
INFO: [ view_filter ] --END-- [ RunTime:0.000114s ]
INFO: [ app_end ] --START--
INFO: Run Behavior\ShowPageTraceBehavior [ RunTime:0.000108s ]
INFO: [ app_end ] --END-- [ RunTime:0.000139s ]

[ 2016-07-13T13:59:59+08:00 ] 101.226.61.189 /index.php/Admin/Post/edit/images/image.png
INFO: [ app_init ] --START--
INFO: Run Behavior\BuildLiteBehavior [ RunTime:0.000018s ]
INFO: [ app_init ] --END-- [ RunTime:0.000203s ]

[ 2016-07-13T13:59:59+08:00 ] 101.226.33.206 /index.php/Admin/Index/login
INFO: [ app_init ] --START--
INFO: Run Behavior\BuildLiteBehavior [ RunTime:0.000017s ]
INFO: [ app_init ] --END-- [ RunTime:0.000135s ]
INFO: [ app_begin ] --START--
INFO: Run Behavior\ReadHtmlCacheBehavior [ RunTime:0.000118s ]
INFO: [ app_begin ] --END-- [ RunTime:0.000160s ]
INFO: [ action_begin ] --START--
INFO: Run Home\Behavior\blogInitBehavior [ RunTime:0.001976s ]
INFO: [ action_begin ] --END-- [ RunTime:0.002025s ]
NOTIC: [8] Undefined index: UID /var/www/html/blog/Application/Admin/Controller/IndexController.class.php 第 16 行.
NOTIC: [8] Undefined index: password /var/www/html/blog/Application/Admin/Controller/IndexController.class.php 第 23 行.
INFO: [ view_parse ] --START--
INFO: [ template_filter ] --START--
INFO: Run Behavior\ContentReplaceBehavior [ RunTime:0.000041s ]
INFO: [ template_filter ] --END-- [ RunTime:0.000079s ]
INFO: Run Behavior\ParseTemplateBehavior [ RunTime:0.003264s ]
INFO: [ view_parse ] --END-- [ RunTime:0.003308s ]
INFO: [ view_filter ] --START--
INFO: Run Behavior\WriteHtmlCacheBehavior [ RunTime:0.000099s ]
INFO: [ view_filter ] --END-- [ RunTime:0.000127s ]
INFO: [ app_end ] --START--
INFO: Run Behavior\ShowPageTraceBehavior [ RunTime:0.000107s ]
INFO: [ app_end ] --END-- [ RunTime:0.000137s ]

[ 2016-07-13T14:00:03+08:00 ] 101.226.33.240 /index.php/Admin/Index/index
INFO: [ app_init ] --START--
INFO: Run Behavior\BuildLiteBehavior [ RunTime:0.000018s ]
INFO: [ app_init ] --END-- [ RunTime:0.000153s ]
INFO: [ app_begin ] --START--
INFO: Run Behavior\ReadHtmlCacheBehavior [ RunTime:0.000113s ]
INFO: [ app_begin ] --END-- [ RunTime:0.000157s ]
INFO: [ action_begin ] --START--
INFO: Run Home\Behavior\blogInitBehavior [ RunTime:0.002017s ]
INFO: [ action_begin ] --END-- [ RunTime:0.002069s ]

[ 2016-07-13T14:00:03+08:00 ] 101.226.33.240 /index.php/Admin/Index/login.html
INFO: [ app_init ] --START--
INFO: Run Behavior\BuildLiteBehavior [ RunTime:0.000014s ]
INFO: [ app_init ] --END-- [ RunTime:0.000087s ]
INFO: [ app_begin ] --START--
INFO: Run Behavior\ReadHtmlCacheBehavior [ RunTime:0.000084s ]
INFO: [ app_begin ] --END-- [ RunTime:0.000119s ]
INFO: [ action_begin ] --START--
INFO: Run Home\Behavior\blogInitBehavior [ RunTime:0.000568s ]
INFO: [ action_begin ] --END-- [ RunTime:0.000611s ]
NOTIC: [8] Undefined index: UID /var/www/html/blog/Application/Admin/Controller/IndexController.class.php 第 16 行.
NOTIC: [8] Undefined index: password /var/www/html/blog/Application/Admin/Controller/IndexController.class.php 第 23 行.
INFO: [ view_parse ] --START--
INFO: [ template_filter ] --START--
INFO: Run Behavior\ContentReplaceBehavior [ RunTime:0.000043s ]
INFO: [ template_filter ] --END-- [ RunTime:0.000115s ]
INFO: Run Behavior\ParseTemplateBehavior [ RunTime:0.003311s ]
INFO: [ view_parse ] --END-- [ RunTime:0.003353s ]
INFO: [ view_filter ] --START--
INFO: Run Behavior\WriteHtmlCacheBehavior [ RunTime:0.000103s ]
INFO: [ view_filter ] --END-- [ RunTime:0.000131s ]
INFO: [ app_end ] --START--
INFO: Run Behavior\ShowPageTraceBehavior [ RunTime:0.000102s ]
INFO: [ app_end ] --END-- [ RunTime:0.000133s ]

[ 2016-07-13T14:00:08+08:00 ] 180.153.163.190 /index.php/Admin
INFO: [ app_init ] --START--
INFO: Run Behavior\BuildLiteBehavior [ RunTime:0.000018s ]
INFO: [ app_init ] --END-- [ RunTime:0.000154s ]
INFO: [ app_begin ] --START--
INFO: Run Behavior\ReadHtmlCacheBehavior [ RunTime:0.000119s ]
INFO: [ app_begin ] --END-- [ RunTime:0.000164s ]
INFO: [ action_begin ] --START--
INFO: Run Home\Behavior\blogInitBehavior [ RunTime:0.002031s ]
INFO: [ action_begin ] --END-- [ RunTime:0.002083s ]

[ 2016-07-13T14:00:08+08:00 ] 180.153.163.190 /index.php/Admin/Index/login.html
INFO: [ app_init ] --START--
INFO: Run Behavior\BuildLiteBehavior [ RunTime:0.000013s ]
INFO: [ app_init ] --END-- [ RunTime:0.000085s ]
INFO: [ app_begin ] --START--
INFO: Run Behavior\ReadHtmlCacheBehavior [ RunTime:0.000081s ]
INFO: [ app_begin ] --END-- [ RunTime:0.000117s ]
INFO: [ action_begin ] --START--
INFO: Run Home\Behavior\blogInitBehavior [ RunTime:0.000710s ]
INFO: [ action_begin ] --END-- [ RunTime:0.000763s ]
NOTIC: [8] Undefined index: UID /var/www/html/blog/Application/Admin/Controller/IndexController.class.php 第 16 行.
NOTIC: [8] Undefined index: password /var/www/html/blog/Application/Admin/Controller/IndexController.class.php 第 23 行.
INFO: [ view_parse ] --START--
INFO: [ template_filter ] --START--
INFO: Run Behavior\ContentReplaceBehavior [ RunTime:0.000043s ]
INFO: [ template_filter ] --END-- [ RunTime:0.000087s ]
INFO: Run Behavior\ParseTemplateBehavior [ RunTime:0.003293s ]
INFO: [ view_parse ] --END-- [ RunTime:0.003339s ]
INFO: [ view_filter ] --START--
INFO: Run Behavior\WriteHtmlCacheBehavior [ RunTime:0.000156s ]
INFO: [ view_filter ] --END-- [ RunTime:0.000190s ]
INFO: [ app_end ] --START--
INFO: Run Behavior\ShowPageTraceBehavior [ RunTime:0.000149s ]
INFO: [ app_end ] --END-- [ RunTime:0.000191s ]

[ 2016-07-13T14:00:48+08:00 ] 220.161.67.137 /index.php/Admin/Index/login
INFO: [ app_init ] --START--
INFO: Run Behavior\BuildLiteBehavior [ RunTime:0.000021s ]
INFO: [ app_init ] --END-- [ RunTime:0.000160s ]
INFO: [ app_begin ] --START--
INFO: Run Behavior\ReadHtmlCacheBehavior [ RunTime:0.000115s ]
INFO: [ app_begin ] --END-- [ RunTime:0.000156s ]
INFO: [ action_begin ] --START--
INFO: Run Home\Behavior\blogInitBehavior [ RunTime:0.002083s ]
INFO: [ action_begin ] --END-- [ RunTime:0.002124s ]
INFO: [ view_parse ] --START--
INFO: [ template_filter ] --START--
INFO: Run Behavior\ContentReplaceBehavior [ RunTime:0.000041s ]
INFO: [ template_filter ] --END-- [ RunTime:0.000080s ]
INFO: Run Behavior\ParseTemplateBehavior [ RunTime:0.003278s ]
INFO: [ view_parse ] --END-- [ RunTime:0.003341s ]
INFO: [ view_filter ] --START--
INFO: Run Behavior\WriteHtmlCacheBehavior [ RunTime:0.000124s ]
INFO: [ view_filter ] --END-- [ RunTime:0.000171s ]
INFO: [ app_end ] --START--
INFO: Run Behavior\ShowPageTraceBehavior [ RunTime:0.000109s ]
INFO: [ app_end ] --END-- [ RunTime:0.000149s ]

[ 2016-07-13T14:01:00+08:00 ] 220.161.67.137 /index.php/Admin/Index/login
INFO: [ app_init ] --START--
INFO: Run Behavior\BuildLiteBehavior [ RunTime:0.000017s ]
INFO: [ app_init ] --END-- [ RunTime:0.000153s ]
INFO: [ app_begin ] --START--
INFO: Run Behavior\ReadHtmlCacheBehavior [ RunTime:0.000118s ]
INFO: [ app_begin ] --END-- [ RunTime:0.000164s ]
INFO: [ action_begin ] --START--
INFO: Run Home\Behavior\blogInitBehavior [ RunTime:0.001959s ]
INFO: [ action_begin ] --END-- [ RunTime:0.001999s ]
INFO: [ view_parse ] --START--
INFO: [ template_filter ] --START--
INFO: Run Behavior\ContentReplaceBehavior [ RunTime:0.000041s ]
INFO: [ template_filter ] --END-- [ RunTime:0.000084s ]
INFO: Run Behavior\ParseTemplateBehavior [ RunTime:0.002330s ]
INFO: [ view_parse ] --END-- [ RunTime:0.002377s ]
INFO: [ view_filter ] --START--
INFO: Run Behavior\WriteHtmlCacheBehavior [ RunTime:0.000099s ]
INFO: [ view_filter ] --END-- [ RunTime:0.000128s ]
INFO: [ app_end ] --START--
INFO: Run Behavior\ShowPageTraceBehavior [ RunTime:0.000108s ]
INFO: [ app_end ] --END-- [ RunTime:0.000141s ]

[ 2016-07-13T14:01:02+08:00 ] 220.161.67.137 /index.php/Admin/Index/index
INFO: [ app_init ] --START--
INFO: Run Behavior\BuildLiteBehavior [ RunTime:0.000013s ]
INFO: [ app_init ] --END-- [ RunTime:0.000084s ]
INFO: [ app_begin ] --START--
INFO: Run Behavior\ReadHtmlCacheBehavior [ RunTime:0.000080s ]
INFO: [ app_begin ] --END-- [ RunTime:0.000114s ]
INFO: [ action_begin ] --START--
INFO: Run Home\Behavior\blogInitBehavior [ RunTime:0.000678s ]
INFO: [ action_begin ] --END-- [ RunTime:0.000749s ]
INFO: [ view_parse ] --START--
INFO: [ template_filter ] --START--
INFO: Run Behavior\ContentReplaceBehavior [ RunTime:0.000035s ]
INFO: [ template_filter ] --END-- [ RunTime:0.000077s ]
NOTIC: [8] Undefined index: date /var/www/html/blog/Application/Runtime/Cache/Admin/b595b808c2ebeeeb0478ffc30bb4e87a.php 第 125 行.
INFO: Run Behavior\ParseTemplateBehavior [ RunTime:0.005152s ]
INFO: [ view_parse ] --END-- [ RunTime:0.005191s ]
INFO: [ view_filter ] --START--
INFO: Run Behavior\WriteHtmlCacheBehavior [ RunTime:0.000082s ]
INFO: [ view_filter ] --END-- [ RunTime:0.000112s ]
INFO: [ app_end ] --START--
INFO: Run Behavior\ShowPageTraceBehavior [ RunTime:0.000187s ]
INFO: [ app_end ] --END-- [ RunTime:0.000221s ]

[ 2016-07-13T14:01:05+08:00 ] 220.161.67.137 /index.php/Admin/Post/edit/2
INFO: [ app_init ] --START--
INFO: Run Behavior\BuildLiteBehavior [ RunTime:0.000014s ]
INFO: [ app_init ] --END-- [ RunTime:0.000098s ]
INFO: [ app_begin ] --START--
INFO: Run Behavior\ReadHtmlCacheBehavior [ RunTime:0.000093s ]
INFO: [ app_begin ] --END-- [ RunTime:0.000128s ]
INFO: [ action_begin ] --START--
INFO: Run Home\Behavior\blogInitBehavior [ RunTime:0.000640s ]
INFO: [ action_begin ] --END-- [ RunTime:0.000680s ]
INFO: [ view_parse ] --START--
INFO: [ template_filter ] --START--
INFO: Run Behavior\ContentReplaceBehavior [ RunTime:0.000037s ]
INFO: [ template_filter ] --END-- [ RunTime:0.000075s ]
NOTIC: [8] Undefined variable: rank /var/www/html/blog/Application/Runtime/Cache/Admin/ad0aa96141d1532f0b2315bf5ded154d.php 第 112 行.
INFO: Run Behavior\ParseTemplateBehavior [ RunTime:0.005215s ]
INFO: [ view_parse ] --END-- [ RunTime:0.005250s ]
INFO: [ view_filter ] --START--
INFO: Run Behavior\WriteHtmlCacheBehavior [ RunTime:0.000095s ]
INFO: [ view_filter ] --END-- [ RunTime:0.000124s ]
INFO: [ app_end ] --START--
INFO: Run Behavior\ShowPageTraceBehavior [ RunTime:0.000184s ]
INFO: [ app_end ] --END-- [ RunTime:0.000217s ]

[ 2016-07-13T14:01:10+08:00 ] 220.161.67.137 /index.php/Admin/Post/edit/images/image.png
INFO: [ app_init ] --START--
INFO: Run Behavior\BuildLiteBehavior [ RunTime:0.000018s ]
INFO: [ app_init ] --END-- [ RunTime:0.000151s ]

[ 2016-07-13T14:02:35+08:00 ] 211.97.129.207 /index.php/Admin/Post/edit/21021后台管理
INFO: [ app_init ] --START--
INFO: Run Behavior\BuildLiteBehavior [ RunTime:0.000021s ]
INFO: [ app_init ] --END-- [ RunTime:0.000168s ]
INFO: [ app_begin ] --START--
INFO: Run Behavior\ReadHtmlCacheBehavior [ RunTime:0.000124s ]
INFO: [ app_begin ] --END-- [ RunTime:0.000176s ]
INFO: [ action_begin ] --START--
INFO: Run Home\Behavior\blogInitBehavior [ RunTime:0.002063s ]
INFO: [ action_begin ] --END-- [ RunTime:0.002106s ]
INFO: [ view_parse ] --START--
INFO: [ template_filter ] --START--
INFO: Run Behavior\ContentReplaceBehavior [ RunTime:0.000053s ]
INFO: [ template_filter ] --END-- [ RunTime:0.000111s ]
NOTIC: [8] Undefined variable: rank /var/www/html/blog/Application/Runtime/Cache/Admin/ad0aa96141d1532f0b2315bf5ded154d.php 第 112 行.
INFO: Run Behavior\ParseTemplateBehavior [ RunTime:0.006296s ]
INFO: [ view_parse ] --END-- [ RunTime:0.006339s ]
INFO: [ view_filter ] --START--
INFO: Run Behavior\WriteHtmlCacheBehavior [ RunTime:0.000107s ]
INFO: [ view_filter ] --END-- [ RunTime:0.000138s ]
INFO: [ app_end ] --START--
INFO: Run Behavior\ShowPageTraceBehavior [ RunTime:0.000162s ]
INFO: [ app_end ] --END-- [ RunTime:0.000198s ]

[ 2016-07-13T21:15:50+08:00 ] 69.58.178.56 /index.php/Admin
INFO: [ app_init ] --START--
INFO: Run Behavior\BuildLiteBehavior [ RunTime:0.000015s ]
INFO: [ app_init ] --END-- [ RunTime:0.000098s ]
INFO: [ app_begin ] --START--
INFO: Run Behavior\ReadHtmlCacheBehavior [ RunTime:0.000098s ]
INFO: [ app_begin ] --END-- [ RunTime:0.000132s ]
INFO: [ action_begin ] --START--
INFO: Run Home\Behavior\blogInitBehavior [ RunTime:0.000588s ]
INFO: [ action_begin ] --END-- [ RunTime:0.000627s ]

[ 2016-07-13T21:15:55+08:00 ] 69.58.178.56 /index.php/Admin/Index/login.html
INFO: [ app_init ] --START--
INFO: Run Behavior\BuildLiteBehavior [ RunTime:0.000014s ]
INFO: [ app_init ] --END-- [ RunTime:0.000099s ]
INFO: [ app_begin ] --START--
INFO: Run Behavior\ReadHtmlCacheBehavior [ RunTime:0.000095s ]
INFO: [ app_begin ] --END-- [ RunTime:0.000130s ]
INFO: [ action_begin ] --START--
INFO: Run Home\Behavior\blogInitBehavior [ RunTime:0.000583s ]
INFO: [ action_begin ] --END-- [ RunTime:0.000623s ]
NOTIC: [8] Undefined index: UID /var/www/html/blog/Application/Admin/Controller/IndexController.class.php 第 16 行.
NOTIC: [8] Undefined index: password /var/www/html/blog/Application/Admin/Controller/IndexController.class.php 第 23 行.
INFO: [ view_parse ] --START--
INFO: [ template_filter ] --START--
INFO: Run Behavior\ContentReplaceBehavior [ RunTime:0.000033s ]
INFO: [ template_filter ] --END-- [ RunTime:0.000071s ]
INFO: Run Behavior\ParseTemplateBehavior [ RunTime:0.002691s ]
INFO: [ view_parse ] --END-- [ RunTime:0.002728s ]
INFO: [ view_filter ] --START--
INFO: Run Behavior\WriteHtmlCacheBehavior [ RunTime:0.000116s ]
INFO: [ view_filter ] --END-- [ RunTime:0.000151s ]
INFO: [ app_end ] --START--
INFO: Run Behavior\ShowPageTraceBehavior [ RunTime:0.000115s ]
INFO: [ app_end ] --END-- [ RunTime:0.000153s ]

[ 2016-07-13T22:56:49+08:00 ] 220.161.67.137 /index.php/Admin
INFO: [ app_init ] --START--
INFO: Run Behavior\BuildLiteBehavior [ RunTime:0.000018s ]
INFO: [ app_init ] --END-- [ RunTime:0.000142s ]
INFO: [ app_begin ] --START--
INFO: Run Behavior\ReadHtmlCacheBehavior [ RunTime:0.000118s ]
INFO: [ app_begin ] --END-- [ RunTime:0.000154s ]
INFO: [ action_begin ] --START--
INFO: Run Home\Behavior\blogInitBehavior [ RunTime:0.001939s ]
INFO: [ action_begin ] --END-- [ RunTime:0.001981s ]

[ 2016-07-13T22:56:49+08:00 ] 220.161.67.137 /index.php/Admin/Index/login.html
INFO: [ app_init ] --START--
INFO: Run Behavior\BuildLiteBehavior [ RunTime:0.000010s ]
INFO: [ app_init ] --END-- [ RunTime:0.000067s ]
INFO: [ app_begin ] --START--
INFO: Run Behavior\ReadHtmlCacheBehavior [ RunTime:0.000081s ]
INFO: [ app_begin ] --END-- [ RunTime:0.000116s ]
INFO: [ action_begin ] --START--
INFO: Run Home\Behavior\blogInitBehavior [ RunTime:0.000483s ]
INFO: [ action_begin ] --END-- [ RunTime:0.000519s ]
NOTIC: [8] Undefined index: UID /var/www/html/blog/Application/Admin/Controller/IndexController.class.php 第 16 行.
NOTIC: [8] Undefined index: password /var/www/html/blog/Application/Admin/Controller/IndexController.class.php 第 23 行.
INFO: [ view_parse ] --START--
INFO: [ template_filter ] --START--
INFO: Run Behavior\ContentReplaceBehavior [ RunTime:0.000041s ]
INFO: [ template_filter ] --END-- [ RunTime:0.000095s ]
INFO: Run Behavior\ParseTemplateBehavior [ RunTime:0.003171s ]
INFO: [ view_parse ] --END-- [ RunTime:0.003208s ]
INFO: [ view_filter ] --START--
INFO: Run Behavior\WriteHtmlCacheBehavior [ RunTime:0.000101s ]
INFO: [ view_filter ] --END-- [ RunTime:0.000130s ]
INFO: [ app_end ] --START--
INFO: Run Behavior\ShowPageTraceBehavior [ RunTime:0.000101s ]
INFO: [ app_end ] --END-- [ RunTime:0.000132s ]

[ 2016-07-13T22:56:55+08:00 ] 220.161.67.137 /index.php/Admin/Index/login
INFO: [ app_init ] --START--
INFO: Run Behavior\BuildLiteBehavior [ RunTime:0.000017s ]
INFO: [ app_init ] --END-- [ RunTime:0.000154s ]
INFO: [ app_begin ] --START--
INFO: Run Behavior\ReadHtmlCacheBehavior [ RunTime:0.000123s ]
INFO: [ app_begin ] --END-- [ RunTime:0.000169s ]
INFO: [ action_begin ] --START--
INFO: Run Home\Behavior\blogInitBehavior [ RunTime:0.001955s ]
INFO: [ action_begin ] --END-- [ RunTime:0.002005s ]
NOTIC: [8] Undefined index: UID /var/www/html/blog/Application/Admin/Controller/IndexController.class.php 第 16 行.
NOTIC: [8] Undefined index: password /var/www/html/blog/Application/Admin/Controller/IndexController.class.php 第 23 行.
INFO: [ view_parse ] --START--
INFO: [ template_filter ] --START--
INFO: Run Behavior\ContentReplaceBehavior [ RunTime:0.000039s ]
INFO: [ template_filter ] --END-- [ RunTime:0.000080s ]
INFO: Run Behavior\ParseTemplateBehavior [ RunTime:0.002338s ]
INFO: [ view_parse ] --END-- [ RunTime:0.002393s ]
INFO: [ view_filter ] --START--
INFO: Run Behavior\WriteHtmlCacheBehavior [ RunTime:0.000099s ]
INFO: [ view_filter ] --END-- [ RunTime:0.000128s ]
INFO: [ app_end ] --START--
INFO: Run Behavior\ShowPageTraceBehavior [ RunTime:0.000104s ]
INFO: [ app_end ] --END-- [ RunTime:0.000134s ]

[ 2016-07-13T22:56:56+08:00 ] 220.161.67.137 /index.php/Admin/Index/index
INFO: [ app_init ] --START--
INFO: Run Behavior\BuildLiteBehavior [ RunTime:0.000014s ]
INFO: [ app_init ] --END-- [ RunTime:0.000084s ]
INFO: [ app_begin ] --START--
INFO: Run Behavior\ReadHtmlCacheBehavior [ RunTime:0.000081s ]
INFO: [ app_begin ] --END-- [ RunTime:0.000116s ]
INFO: [ action_begin ] --START--
INFO: Run Home\Behavior\blogInitBehavior [ RunTime:0.000562s ]
INFO: [ action_begin ] --END-- [ RunTime:0.000600s ]
INFO: [ view_parse ] --START--
INFO: [ template_filter ] --START--
INFO: Run Behavior\ContentReplaceBehavior [ RunTime:0.000032s ]
INFO: [ template_filter ] --END-- [ RunTime:0.000071s ]
NOTIC: [8] Undefined index: date /var/www/html/blog/Application/Runtime/Cache/Admin/b595b808c2ebeeeb0478ffc30bb4e87a.php 第 125 行.
INFO: Run Behavior\ParseTemplateBehavior [ RunTime:0.004502s ]
INFO: [ view_parse ] --END-- [ RunTime:0.004543s ]
INFO: [ view_filter ] --START--
INFO: Run Behavior\WriteHtmlCacheBehavior [ RunTime:0.000082s ]
INFO: [ view_filter ] --END-- [ RunTime:0.000112s ]
INFO: [ app_end ] --START--
INFO: Run Behavior\ShowPageTraceBehavior [ RunTime:0.000082s ]
INFO: [ app_end ] --END-- [ RunTime:0.000113s ]

[ 2016-07-13T22:58:44+08:00 ] 220.161.67.137 /index.php/Admin/Index/index
INFO: [ app_init ] --START--
INFO: Run Behavior\BuildLiteBehavior [ RunTime:0.000018s ]
INFO: [ app_init ] --END-- [ RunTime:0.000157s ]
INFO: [ app_begin ] --START--
INFO: Run Behavior\ReadHtmlCacheBehavior [ RunTime:0.000119s ]
INFO: [ app_begin ] --END-- [ RunTime:0.000164s ]
INFO: [ action_begin ] --START--
INFO: Run Home\Behavior\blogInitBehavior [ RunTime:0.001937s ]
INFO: [ action_begin ] --END-- [ RunTime:0.001986s ]
INFO: [ view_parse ] --START--
INFO: [ template_filter ] --START--
INFO: Run Behavior\ContentReplaceBehavior [ RunTime:0.000036s ]
INFO: [ template_filter ] --END-- [ RunTime:0.000076s ]
NOTIC: [8] Undefined index: date /var/www/html/blog/Application/Runtime/Cache/Admin/b595b808c2ebeeeb0478ffc30bb4e87a.php 第 125 行.
INFO: Run Behavior\ParseTemplateBehavior [ RunTime:0.005037s ]
INFO: [ view_parse ] --END-- [ RunTime:0.005083s ]
INFO: [ view_filter ] --START--
INFO: Run Behavior\WriteHtmlCacheBehavior [ RunTime:0.000100s ]
INFO: [ view_filter ] --END-- [ RunTime:0.000130s ]
INFO: [ app_end ] --START--
INFO: Run Behavior\ShowPageTraceBehavior [ RunTime:0.000104s ]
INFO: [ app_end ] --END-- [ RunTime:0.000136s ]

[ 2016-07-13T22:59:36+08:00 ] 220.161.67.137 /index.php/Admin/Index/index
INFO: [ app_init ] --START--
INFO: Run Behavior\BuildLiteBehavior [ RunTime:0.000018s ]
INFO: [ app_init ] --END-- [ RunTime:0.000152s ]
INFO: [ app_begin ] --START--
INFO: Run Behavior\ReadHtmlCacheBehavior [ RunTime:0.000140s ]
INFO: [ app_begin ] --END-- [ RunTime:0.000190s ]
INFO: [ action_begin ] --START--
INFO: Run Home\Behavior\blogInitBehavior [ RunTime:0.002001s ]
INFO: [ action_begin ] --END-- [ RunTime:0.002050s ]
INFO: [ view_parse ] --START--
INFO: [ template_filter ] --START--
INFO: Run Behavior\ContentReplaceBehavior [ RunTime:0.000037s ]
INFO: [ template_filter ] --END-- [ RunTime:0.000077s ]
NOTIC: [8] Undefined index: date /var/www/html/blog/Application/Runtime/Cache/Admin/b595b808c2ebeeeb0478ffc30bb4e87a.php 第 125 行.
INFO: Run Behavior\ParseTemplateBehavior [ RunTime:0.005275s ]
INFO: [ view_parse ] --END-- [ RunTime:0.005335s ]
INFO: [ view_filter ] --START--
INFO: Run Behavior\WriteHtmlCacheBehavior [ RunTime:0.000143s ]
INFO: [ view_filter ] --END-- [ RunTime:0.000183s ]
INFO: [ app_end ] --START--
INFO: Run Behavior\ShowPageTraceBehavior [ RunTime:0.000107s ]
INFO: [ app_end ] --END-- [ RunTime:0.000141s ]

[ 2016-07-13T22:59:59+08:00 ] 220.161.67.137 /index.php/Admin/Post/edit
INFO: [ app_init ] --START--
INFO: Run Behavior\BuildLiteBehavior [ RunTime:0.000018s ]
INFO: [ app_init ] --END-- [ RunTime:0.000149s ]
INFO: [ app_begin ] --START--
INFO: Run Behavior\ReadHtmlCacheBehavior [ RunTime:0.000131s ]
INFO: [ app_begin ] --END-- [ RunTime:0.000182s ]
INFO: [ action_begin ] --START--
INFO: Run Home\Behavior\blogInitBehavior [ RunTime:0.001974s ]
INFO: [ action_begin ] --END-- [ RunTime:0.002023s ]
INFO: [ view_parse ] --START--
INFO: [ template_filter ] --START--
INFO: Run Behavior\ContentReplaceBehavior [ RunTime:0.000046s ]
INFO: [ template_filter ] --END-- [ RunTime:0.000083s ]
NOTIC: [8] Undefined variable: post /var/www/html/blog/Application/Runtime/Cache/Admin/ad0aa96141d1532f0b2315bf5ded154d.php 第 105 行.
NOTIC: [8] Undefined variable: post /var/www/html/blog/Application/Runtime/Cache/Admin/ad0aa96141d1532f0b2315bf5ded154d.php 第 111 行.
NOTIC: [8] Undefined variable: rank /var/www/html/blog/Application/Runtime/Cache/Admin/ad0aa96141d1532f0b2315bf5ded154d.php 第 112 行.
NOTIC: [8] Undefined variable: post /var/www/html/blog/Application/Runtime/Cache/Admin/ad0aa96141d1532f0b2315bf5ded154d.php 第 114 行.
NOTIC: [8] Undefined variable: post /var/www/html/blog/Application/Runtime/Cache/Admin/ad0aa96141d1532f0b2315bf5ded154d.php 第 117 行.
NOTIC: [8] Undefined variable: post /var/www/html/blog/Application/Runtime/Cache/Admin/ad0aa96141d1532f0b2315bf5ded154d.php 第 122 行.
NOTIC: [8] Undefined variable: post /var/www/html/blog/Application/Runtime/Cache/Admin/ad0aa96141d1532f0b2315bf5ded154d.php 第 134 行.
NOTIC: [8] Undefined variable: post /var/www/html/blog/Application/Runtime/Cache/Admin/ad0aa96141d1532f0b2315bf5ded154d.php 第 138 行.
NOTIC: [8] Undefined variable: post /var/www/html/blog/Application/Runtime/Cache/Admin/ad0aa96141d1532f0b2315bf5ded154d.php 第 149 行.
INFO: Run Behavior\ParseTemplateBehavior [ RunTime:0.006138s ]
INFO: [ view_parse ] --END-- [ RunTime:0.006178s ]
INFO: [ view_filter ] --START--
INFO: Run Behavior\WriteHtmlCacheBehavior [ RunTime:0.000101s ]
INFO: [ view_filter ] --END-- [ RunTime:0.000129s ]
INFO: [ app_end ] --START--
INFO: Run Behavior\ShowPageTraceBehavior [ RunTime:0.000105s ]
INFO: [ app_end ] --END-- [ RunTime:0.000137s ]

