[ 2016-07-19T21:48:05+08:00 ] 27.158.230.3 /index.php/Admin
INFO: [ app_init ] --START--
INFO: Run Behavior\BuildLiteBehavior [ RunTime:0.000020s ]
INFO: [ app_init ] --END-- [ RunTime:0.000157s ]
INFO: [ app_begin ] --START--
INFO: Run Behavior\ReadHtmlCacheBehavior [ RunTime:0.000131s ]
INFO: [ app_begin ] --END-- [ RunTime:0.000183s ]
INFO: [ action_begin ] --START--
INFO: Run Home\Behavior\blogInitBehavior [ RunTime:0.002074s ]
INFO: [ action_begin ] --END-- [ RunTime:0.002159s ]

[ 2016-07-19T21:48:05+08:00 ] 27.158.230.3 /index.php/Admin/Index/login.html
INFO: [ app_init ] --START--
INFO: Run Behavior\BuildLiteBehavior [ RunTime:0.000015s ]
INFO: [ app_init ] --END-- [ RunTime:0.000087s ]
INFO: [ app_begin ] --START--
INFO: Run Behavior\ReadHtmlCacheBehavior [ RunTime:0.000084s ]
INFO: [ app_begin ] --END-- [ RunTime:0.000119s ]
INFO: [ action_begin ] --START--
INFO: Run Home\Behavior\blogInitBehavior [ RunTime:0.000600s ]
INFO: [ action_begin ] --END-- [ RunTime:0.000641s ]
NOTIC: [8] Undefined index: UID /var/www/html/blog/Application/Admin/Controller/IndexController.class.php 第 16 行.
NOTIC: [8] Undefined index: password /var/www/html/blog/Application/Admin/Controller/IndexController.class.php 第 23 行.
INFO: [ view_parse ] --START--
INFO: [ template_filter ] --START--
INFO: Run Behavior\ContentReplaceBehavior [ RunTime:0.000050s ]
INFO: [ template_filter ] --END-- [ RunTime:0.000130s ]
INFO: Run Behavior\ParseTemplateBehavior [ RunTime:0.078636s ]
INFO: [ view_parse ] --END-- [ RunTime:0.078674s ]
INFO: [ view_filter ] --START--
INFO: Run Behavior\WriteHtmlCacheBehavior [ RunTime:0.000099s ]
INFO: [ view_filter ] --END-- [ RunTime:0.000129s ]
INFO: [ app_end ] --START--
INFO: Run Behavior\ShowPageTraceBehavior [ RunTime:0.000117s ]
INFO: [ app_end ] --END-- [ RunTime:0.000152s ]

[ 2016-07-19T21:48:09+08:00 ] 27.158.230.3 /index.php/Admin/Index/login
INFO: [ app_init ] --START--
INFO: Run Behavior\BuildLiteBehavior [ RunTime:0.000023s ]
INFO: [ app_init ] --END-- [ RunTime:0.000169s ]
INFO: [ app_begin ] --START--
INFO: Run Behavior\ReadHtmlCacheBehavior [ RunTime:0.000128s ]
INFO: [ app_begin ] --END-- [ RunTime:0.000165s ]
INFO: [ action_begin ] --START--
INFO: Run Home\Behavior\blogInitBehavior [ RunTime:0.001985s ]
INFO: [ action_begin ] --END-- [ RunTime:0.002026s ]
NOTIC: [8] Undefined index: UID /var/www/html/blog/Application/Admin/Controller/IndexController.class.php 第 16 行.
NOTIC: [8] Undefined index: password /var/www/html/blog/Application/Admin/Controller/IndexController.class.php 第 23 行.
INFO: [ view_parse ] --START--
INFO: [ template_filter ] --START--
INFO: Run Behavior\ContentReplaceBehavior [ RunTime:0.000040s ]
INFO: [ template_filter ] --END-- [ RunTime:0.000077s ]
INFO: Run Behavior\ParseTemplateBehavior [ RunTime:0.002339s ]
INFO: [ view_parse ] --END-- [ RunTime:0.002381s ]
INFO: [ view_filter ] --START--
INFO: Run Behavior\WriteHtmlCacheBehavior [ RunTime:0.000096s ]
INFO: [ view_filter ] --END-- [ RunTime:0.000124s ]
INFO: [ app_end ] --START--
INFO: Run Behavior\ShowPageTraceBehavior [ RunTime:0.000107s ]
INFO: [ app_end ] --END-- [ RunTime:0.000136s ]

[ 2016-07-19T21:48:10+08:00 ] 27.158.230.3 /index.php/Admin/Index/index
INFO: [ app_init ] --START--
INFO: Run Behavior\BuildLiteBehavior [ RunTime:0.000014s ]
INFO: [ app_init ] --END-- [ RunTime:0.000085s ]
INFO: [ app_begin ] --START--
INFO: Run Behavior\ReadHtmlCacheBehavior [ RunTime:0.000083s ]
INFO: [ app_begin ] --END-- [ RunTime:0.000119s ]
INFO: [ action_begin ] --START--
INFO: Run Home\Behavior\blogInitBehavior [ RunTime:0.000581s ]
INFO: [ action_begin ] --END-- [ RunTime:0.000620s ]
NOTIC: [8] Undefined index: MID /var/www/html/blog/Application/Admin/Controller/IndexController.class.php 第 65 行.
NOTIC: [8] Undefined index: MID /var/www/html/blog/Application/Admin/Controller/IndexController.class.php 第 65 行.
NOTIC: [8] Undefined index: MID /var/www/html/blog/Application/Admin/Controller/IndexController.class.php 第 65 行.
INFO: [ view_parse ] --START--
INFO: [ template_filter ] --START--
INFO: Run Behavior\ContentReplaceBehavior [ RunTime:0.000038s ]
INFO: [ template_filter ] --END-- [ RunTime:0.000078s ]
NOTIC: [8] Undefined index: date /var/www/html/blog/Application/Runtime/Cache/Admin/b595b808c2ebeeeb0478ffc30bb4e87a.php 第 127 行.
NOTIC: [8] Undefined index: date /var/www/html/blog/Application/Runtime/Cache/Admin/b595b808c2ebeeeb0478ffc30bb4e87a.php 第 127 行.
NOTIC: [8] Undefined index: date /var/www/html/blog/Application/Runtime/Cache/Admin/b595b808c2ebeeeb0478ffc30bb4e87a.php 第 127 行.
INFO: Run Behavior\ParseTemplateBehavior [ RunTime:0.005323s ]
INFO: [ view_parse ] --END-- [ RunTime:0.005357s ]
INFO: [ view_filter ] --START--
INFO: Run Behavior\WriteHtmlCacheBehavior [ RunTime:0.000082s ]
INFO: [ view_filter ] --END-- [ RunTime:0.000110s ]
INFO: [ app_end ] --START--
INFO: Run Behavior\ShowPageTraceBehavior [ RunTime:0.000085s ]
INFO: [ app_end ] --END-- [ RunTime:0.000119s ]

[ 2016-07-19T21:48:15+08:00 ] 27.158.230.3 /index.php/Admin/Post/Index/5
INFO: [ app_init ] --START--
INFO: Run Behavior\BuildLiteBehavior [ RunTime:0.000014s ]
INFO: [ app_init ] --END-- [ RunTime:0.000100s ]
INFO: [ app_begin ] --START--
INFO: Run Behavior\ReadHtmlCacheBehavior [ RunTime:0.000095s ]
INFO: [ app_begin ] --END-- [ RunTime:0.000132s ]
INFO: [ action_begin ] --START--
INFO: Run Home\Behavior\blogInitBehavior [ RunTime:0.000603s ]
INFO: [ action_begin ] --END-- [ RunTime:0.000647s ]
ERR: 非法操作:Index

[ 2016-07-19T21:50:17+08:00 ] 27.158.230.3 /index.php/Admin/Index/index
INFO: [ app_init ] --START--
INFO: Run Behavior\BuildLiteBehavior [ RunTime:0.000025s ]
INFO: [ app_init ] --END-- [ RunTime:0.000194s ]
INFO: [ app_begin ] --START--
INFO: Run Behavior\ReadHtmlCacheBehavior [ RunTime:0.000134s ]
INFO: [ app_begin ] --END-- [ RunTime:0.000179s ]
INFO: [ action_begin ] --START--
INFO: Run Home\Behavior\blogInitBehavior [ RunTime:0.002058s ]
INFO: [ action_begin ] --END-- [ RunTime:0.002109s ]
NOTIC: [8] Undefined index: MID /var/www/html/blog/Application/Admin/Controller/IndexController.class.php 第 65 行.
NOTIC: [8] Undefined index: MID /var/www/html/blog/Application/Admin/Controller/IndexController.class.php 第 65 行.
NOTIC: [8] Undefined index: MID /var/www/html/blog/Application/Admin/Controller/IndexController.class.php 第 65 行.
INFO: [ view_parse ] --START--
INFO: [ template_filter ] --START--
INFO: Run Behavior\ContentReplaceBehavior [ RunTime:0.000040s ]
INFO: [ template_filter ] --END-- [ RunTime:0.000086s ]
NOTIC: [8] Undefined index: date /var/www/html/blog/Application/Runtime/Cache/Admin/b595b808c2ebeeeb0478ffc30bb4e87a.php 第 127 行.
NOTIC: [8] Undefined index: date /var/www/html/blog/Application/Runtime/Cache/Admin/b595b808c2ebeeeb0478ffc30bb4e87a.php 第 127 行.
NOTIC: [8] Undefined index: date /var/www/html/blog/Application/Runtime/Cache/Admin/b595b808c2ebeeeb0478ffc30bb4e87a.php 第 127 行.
INFO: Run Behavior\ParseTemplateBehavior [ RunTime:0.005876s ]
INFO: [ view_parse ] --END-- [ RunTime:0.005917s ]
INFO: [ view_filter ] --START--
INFO: Run Behavior\WriteHtmlCacheBehavior [ RunTime:0.000099s ]
INFO: [ view_filter ] --END-- [ RunTime:0.000127s ]
INFO: [ app_end ] --START--
INFO: Run Behavior\ShowPageTraceBehavior [ RunTime:0.000109s ]
INFO: [ app_end ] --END-- [ RunTime:0.000140s ]

[ 2016-07-19T21:53:01+08:00 ] 27.158.230.3 /index.php/Admin/Index/index
INFO: [ app_init ] --START--
INFO: Run Behavior\BuildLiteBehavior [ RunTime:0.000020s ]
INFO: [ app_init ] --END-- [ RunTime:0.000162s ]
INFO: [ app_begin ] --START--
INFO: Run Behavior\ReadHtmlCacheBehavior [ RunTime:0.000124s ]
INFO: [ app_begin ] --END-- [ RunTime:0.000171s ]
INFO: [ action_begin ] --START--
INFO: Run Home\Behavior\blogInitBehavior [ RunTime:0.002388s ]
INFO: [ action_begin ] --END-- [ RunTime:0.002466s ]
NOTIC: [8] Undefined index: MID /var/www/html/blog/Application/Admin/Controller/IndexController.class.php 第 65 行.
NOTIC: [8] Undefined index: MID /var/www/html/blog/Application/Admin/Controller/IndexController.class.php 第 65 行.
NOTIC: [8] Undefined index: MID /var/www/html/blog/Application/Admin/Controller/IndexController.class.php 第 65 行.
INFO: [ view_parse ] --START--
INFO: [ template_filter ] --START--
INFO: Run Behavior\ContentReplaceBehavior [ RunTime:0.000038s ]
INFO: [ template_filter ] --END-- [ RunTime:0.000076s ]
NOTIC: [8] Undefined index: date /var/www/html/blog/Application/Runtime/Cache/Admin/b595b808c2ebeeeb0478ffc30bb4e87a.php 第 128 行.
NOTIC: [8] Undefined index: date /var/www/html/blog/Application/Runtime/Cache/Admin/b595b808c2ebeeeb0478ffc30bb4e87a.php 第 128 行.
NOTIC: [8] Undefined index: date /var/www/html/blog/Application/Runtime/Cache/Admin/b595b808c2ebeeeb0478ffc30bb4e87a.php 第 128 行.
INFO: Run Behavior\ParseTemplateBehavior [ RunTime:0.005815s ]
INFO: [ view_parse ] --END-- [ RunTime:0.005858s ]
INFO: [ view_filter ] --START--
INFO: Run Behavior\WriteHtmlCacheBehavior [ RunTime:0.000098s ]
INFO: [ view_filter ] --END-- [ RunTime:0.000127s ]
INFO: [ app_end ] --START--
INFO: Run Behavior\ShowPageTraceBehavior [ RunTime:0.000109s ]
INFO: [ app_end ] --END-- [ RunTime:0.000142s ]

[ 2016-07-19T21:53:03+08:00 ] 27.158.230.3 /index.php/Admin/Post/index
INFO: [ app_init ] --START--
INFO: Run Behavior\BuildLiteBehavior [ RunTime:0.000019s ]
INFO: [ app_init ] --END-- [ RunTime:0.000134s ]
INFO: [ app_begin ] --START--
INFO: Run Behavior\ReadHtmlCacheBehavior [ RunTime:0.000112s ]
INFO: [ app_begin ] --END-- [ RunTime:0.000149s ]
INFO: [ action_begin ] --START--
INFO: Run Home\Behavior\blogInitBehavior [ RunTime:0.001952s ]
INFO: [ action_begin ] --END-- [ RunTime:0.001997s ]
NOTIC: [8] Undefined index: MID /var/www/html/blog/Application/Admin/Controller/PostController.class.php 第 39 行.
NOTIC: [8] Undefined index: MID /var/www/html/blog/Application/Admin/Controller/PostController.class.php 第 39 行.
NOTIC: [8] Undefined index: MID /var/www/html/blog/Application/Admin/Controller/PostController.class.php 第 39 行.
INFO: [ view_parse ] --START--
INFO: [ template_filter ] --START--
INFO: Run Behavior\ContentReplaceBehavior [ RunTime:0.000038s ]
INFO: [ template_filter ] --END-- [ RunTime:0.000081s ]
NOTIC: [8] Undefined index: date /var/www/html/blog/Application/Runtime/Cache/Admin/0ec0784cf2921352a5df5686e3bdf073.php 第 128 行.
NOTIC: [8] Undefined index: date /var/www/html/blog/Application/Runtime/Cache/Admin/0ec0784cf2921352a5df5686e3bdf073.php 第 128 行.
NOTIC: [8] Undefined index: date /var/www/html/blog/Application/Runtime/Cache/Admin/0ec0784cf2921352a5df5686e3bdf073.php 第 128 行.
INFO: Run Behavior\ParseTemplateBehavior [ RunTime:0.005290s ]
INFO: [ view_parse ] --END-- [ RunTime:0.005357s ]
INFO: [ view_filter ] --START--
INFO: Run Behavior\WriteHtmlCacheBehavior [ RunTime:0.000086s ]
INFO: [ view_filter ] --END-- [ RunTime:0.000114s ]
INFO: [ app_end ] --START--
INFO: Run Behavior\ShowPageTraceBehavior [ RunTime:0.000091s ]
INFO: [ app_end ] --END-- [ RunTime:0.000122s ]

[ 2016-07-19T21:54:48+08:00 ] 27.158.230.3 /index.php/Admin/Index
INFO: [ app_init ] --START--
INFO: Run Behavior\BuildLiteBehavior [ RunTime:0.000022s ]
INFO: [ app_init ] --END-- [ RunTime:0.000169s ]
INFO: [ app_begin ] --START--
INFO: Run Behavior\ReadHtmlCacheBehavior [ RunTime:0.000123s ]
INFO: [ app_begin ] --END-- [ RunTime:0.000164s ]
INFO: [ action_begin ] --START--
INFO: Run Home\Behavior\blogInitBehavior [ RunTime:0.002127s ]
INFO: [ action_begin ] --END-- [ RunTime:0.002176s ]
INFO: [ view_parse ] --START--
INFO: [ template_filter ] --START--
INFO: Run Behavior\ContentReplaceBehavior [ RunTime:0.000045s ]
INFO: [ template_filter ] --END-- [ RunTime:0.000088s ]
INFO: Run Behavior\ParseTemplateBehavior [ RunTime:0.003806s ]
INFO: [ view_parse ] --END-- [ RunTime:0.003851s ]
INFO: [ view_filter ] --START--
INFO: Run Behavior\WriteHtmlCacheBehavior [ RunTime:0.000098s ]
INFO: [ view_filter ] --END-- [ RunTime:0.000128s ]
INFO: [ app_end ] --START--
INFO: Run Behavior\ShowPageTraceBehavior [ RunTime:0.000107s ]
INFO: [ app_end ] --END-- [ RunTime:0.000140s ]

[ 2016-07-19T21:55:26+08:00 ] 27.158.230.3 /index.php/Admin/Post/index
INFO: [ app_init ] --START--
INFO: Run Behavior\BuildLiteBehavior [ RunTime:0.000019s ]
INFO: [ app_init ] --END-- [ RunTime:0.000151s ]
INFO: [ app_begin ] --START--
INFO: Run Behavior\ReadHtmlCacheBehavior [ RunTime:0.000118s ]
INFO: [ app_begin ] --END-- [ RunTime:0.000158s ]
INFO: [ action_begin ] --START--
INFO: Run Home\Behavior\blogInitBehavior [ RunTime:0.001926s ]
INFO: [ action_begin ] --END-- [ RunTime:0.001969s ]
NOTIC: [8] Undefined index: MID /var/www/html/blog/Application/Admin/Controller/PostController.class.php 第 39 行.
NOTIC: [8] Undefined index: MID /var/www/html/blog/Application/Admin/Controller/PostController.class.php 第 39 行.
NOTIC: [8] Undefined index: MID /var/www/html/blog/Application/Admin/Controller/PostController.class.php 第 39 行.
INFO: [ view_parse ] --START--
INFO: [ template_filter ] --START--
INFO: Run Behavior\ContentReplaceBehavior [ RunTime:0.000040s ]
INFO: [ template_filter ] --END-- [ RunTime:0.000082s ]
NOTIC: [8] Undefined index: date /var/www/html/blog/Application/Runtime/Cache/Admin/0ec0784cf2921352a5df5686e3bdf073.php 第 128 行.
NOTIC: [8] Undefined index: date /var/www/html/blog/Application/Runtime/Cache/Admin/0ec0784cf2921352a5df5686e3bdf073.php 第 128 行.
NOTIC: [8] Undefined index: date /var/www/html/blog/Application/Runtime/Cache/Admin/0ec0784cf2921352a5df5686e3bdf073.php 第 128 行.
INFO: Run Behavior\ParseTemplateBehavior [ RunTime:0.005674s ]
INFO: [ view_parse ] --END-- [ RunTime:0.005715s ]
INFO: [ view_filter ] --START--
INFO: Run Behavior\WriteHtmlCacheBehavior [ RunTime:0.000099s ]
INFO: [ view_filter ] --END-- [ RunTime:0.000128s ]
INFO: [ app_end ] --START--
INFO: Run Behavior\ShowPageTraceBehavior [ RunTime:0.000105s ]
INFO: [ app_end ] --END-- [ RunTime:0.000138s ]

[ 2016-07-19T21:55:29+08:00 ] 27.158.230.3 /index.php/Admin/Post/Index/1
INFO: [ app_init ] --START--
INFO: Run Behavior\BuildLiteBehavior [ RunTime:0.000014s ]
INFO: [ app_init ] --END-- [ RunTime:0.000101s ]
INFO: [ app_begin ] --START--
INFO: Run Behavior\ReadHtmlCacheBehavior [ RunTime:0.000102s ]
INFO: [ app_begin ] --END-- [ RunTime:0.000146s ]
INFO: [ action_begin ] --START--
INFO: Run Home\Behavior\blogInitBehavior [ RunTime:0.000681s ]
INFO: [ action_begin ] --END-- [ RunTime:0.000720s ]
NOTIC: [8] Undefined index: MID /var/www/html/blog/Application/Admin/Controller/PostController.class.php 第 39 行.
NOTIC: [8] Undefined index: MID /var/www/html/blog/Application/Admin/Controller/PostController.class.php 第 39 行.
NOTIC: [8] Undefined index: MID /var/www/html/blog/Application/Admin/Controller/PostController.class.php 第 39 行.
ERR: 模板不存在:./Application/Admin/View/Post/Index.html

[ 2016-07-19T21:55:42+08:00 ] 27.158.230.3 /index.php/Admin/Post/Index/1
INFO: [ app_init ] --START--
INFO: Run Behavior\BuildLiteBehavior [ RunTime:0.000019s ]
INFO: [ app_init ] --END-- [ RunTime:0.000157s ]
INFO: [ app_begin ] --START--
INFO: Run Behavior\ReadHtmlCacheBehavior [ RunTime:0.000123s ]
INFO: [ app_begin ] --END-- [ RunTime:0.000166s ]
INFO: [ action_begin ] --START--
INFO: Run Home\Behavior\blogInitBehavior [ RunTime:0.001978s ]
INFO: [ action_begin ] --END-- [ RunTime:0.002026s ]
NOTIC: [8] Undefined index: MID /var/www/html/blog/Application/Admin/Controller/PostController.class.php 第 39 行.
NOTIC: [8] Undefined index: MID /var/www/html/blog/Application/Admin/Controller/PostController.class.php 第 39 行.
NOTIC: [8] Undefined index: MID /var/www/html/blog/Application/Admin/Controller/PostController.class.php 第 39 行.
ERR: 模板不存在:./Application/Admin/View/Post/Index.html

[ 2016-07-19T21:55:57+08:00 ] 27.158.230.3 /index.php/Admin/Post/Index/1
INFO: [ app_init ] --START--
INFO: Run Behavior\BuildLiteBehavior [ RunTime:0.000022s ]
INFO: [ app_init ] --END-- [ RunTime:0.000163s ]
INFO: [ app_begin ] --START--
INFO: Run Behavior\ReadHtmlCacheBehavior [ RunTime:0.000124s ]
INFO: [ app_begin ] --END-- [ RunTime:0.000164s ]
INFO: [ action_begin ] --START--
INFO: Run Home\Behavior\blogInitBehavior [ RunTime:0.002087s ]
INFO: [ action_begin ] --END-- [ RunTime:0.002135s ]
NOTIC: [8] Undefined index: MID /var/www/html/blog/Application/Admin/Controller/PostController.class.php 第 39 行.
NOTIC: [8] Undefined index: MID /var/www/html/blog/Application/Admin/Controller/PostController.class.php 第 39 行.
NOTIC: [8] Undefined index: MID /var/www/html/blog/Application/Admin/Controller/PostController.class.php 第 39 行.
ERR: 模板不存在:./Application/Admin/View/Post/Index.html

[ 2016-07-19T21:56:00+08:00 ] 27.158.230.3 /index.php/Admin/Post/Index/1
INFO: [ app_init ] --START--
INFO: Run Behavior\BuildLiteBehavior [ RunTime:0.000014s ]
INFO: [ app_init ] --END-- [ RunTime:0.000101s ]
INFO: [ app_begin ] --START--
INFO: Run Behavior\ReadHtmlCacheBehavior [ RunTime:0.000094s ]
INFO: [ app_begin ] --END-- [ RunTime:0.000133s ]
INFO: [ action_begin ] --START--
INFO: Run Home\Behavior\blogInitBehavior [ RunTime:0.000590s ]
INFO: [ action_begin ] --END-- [ RunTime:0.000629s ]
NOTIC: [8] Undefined index: MID /var/www/html/blog/Application/Admin/Controller/PostController.class.php 第 39 行.
NOTIC: [8] Undefined index: MID /var/www/html/blog/Application/Admin/Controller/PostController.class.php 第 39 行.
NOTIC: [8] Undefined index: MID /var/www/html/blog/Application/Admin/Controller/PostController.class.php 第 39 行.
ERR: 模板不存在:./Application/Admin/View/Post/Index.html

[ 2016-07-19T21:56:10+08:00 ] 27.158.230.3 /index.php/Admin/Post/index
INFO: [ app_init ] --START--
INFO: Run Behavior\BuildLiteBehavior [ RunTime:0.000019s ]
INFO: [ app_init ] --END-- [ RunTime:0.000153s ]
INFO: [ app_begin ] --START--
INFO: Run Behavior\ReadHtmlCacheBehavior [ RunTime:0.000120s ]
INFO: [ app_begin ] --END-- [ RunTime:0.000162s ]
INFO: [ action_begin ] --START--
INFO: Run Home\Behavior\blogInitBehavior [ RunTime:0.001979s ]
INFO: [ action_begin ] --END-- [ RunTime:0.002023s ]
NOTIC: [8] Undefined index: MID /var/www/html/blog/Application/Admin/Controller/PostController.class.php 第 39 行.
NOTIC: [8] Undefined index: MID /var/www/html/blog/Application/Admin/Controller/PostController.class.php 第 39 行.
NOTIC: [8] Undefined index: MID /var/www/html/blog/Application/Admin/Controller/PostController.class.php 第 39 行.
INFO: [ view_parse ] --START--
INFO: [ template_filter ] --START--
INFO: Run Behavior\ContentReplaceBehavior [ RunTime:0.000045s ]
INFO: [ template_filter ] --END-- [ RunTime:0.000093s ]
NOTIC: [8] Undefined index: date /var/www/html/blog/Application/Runtime/Cache/Admin/0ec0784cf2921352a5df5686e3bdf073.php 第 128 行.
NOTIC: [8] Undefined index: date /var/www/html/blog/Application/Runtime/Cache/Admin/0ec0784cf2921352a5df5686e3bdf073.php 第 128 行.
NOTIC: [8] Undefined index: date /var/www/html/blog/Application/Runtime/Cache/Admin/0ec0784cf2921352a5df5686e3bdf073.php 第 128 行.
INFO: Run Behavior\ParseTemplateBehavior [ RunTime:0.006003s ]
INFO: [ view_parse ] --END-- [ RunTime:0.006071s ]
INFO: [ view_filter ] --START--
INFO: Run Behavior\WriteHtmlCacheBehavior [ RunTime:0.000101s ]
INFO: [ view_filter ] --END-- [ RunTime:0.000129s ]
INFO: [ app_end ] --START--
INFO: Run Behavior\ShowPageTraceBehavior [ RunTime:0.000106s ]
INFO: [ app_end ] --END-- [ RunTime:0.000139s ]

[ 2016-07-19T21:56:43+08:00 ] 27.158.230.3 /index.php/Admin/Post/Index/1
INFO: [ app_init ] --START--
INFO: Run Behavior\BuildLiteBehavior [ RunTime:0.000019s ]
INFO: [ app_init ] --END-- [ RunTime:0.000152s ]
INFO: [ app_begin ] --START--
INFO: Run Behavior\ReadHtmlCacheBehavior [ RunTime:0.000120s ]
INFO: [ app_begin ] --END-- [ RunTime:0.000160s ]
INFO: [ action_begin ] --START--
INFO: Run Home\Behavior\blogInitBehavior [ RunTime:0.001975s ]
INFO: [ action_begin ] --END-- [ RunTime:0.002020s ]
NOTIC: [8] Undefined index: MID /var/www/html/blog/Application/Admin/Controller/PostController.class.php 第 39 行.
NOTIC: [8] Undefined index: MID /var/www/html/blog/Application/Admin/Controller/PostController.class.php 第 39 行.
NOTIC: [8] Undefined index: MID /var/www/html/blog/Application/Admin/Controller/PostController.class.php 第 39 行.
ERR: 模板不存在:./Application/Admin/View/Post/Index.html

[ 2016-07-19T21:56:43+08:00 ] 27.158.230.3 /index.php/Admin/Post/Index/1
INFO: [ app_init ] --START--
INFO: Run Behavior\BuildLiteBehavior [ RunTime:0.000013s ]
INFO: [ app_init ] --END-- [ RunTime:0.000085s ]
INFO: [ app_begin ] --START--
INFO: Run Behavior\ReadHtmlCacheBehavior [ RunTime:0.000083s ]
INFO: [ app_begin ] --END-- [ RunTime:0.000117s ]
INFO: [ action_begin ] --START--
INFO: Run Home\Behavior\blogInitBehavior [ RunTime:0.000583s ]
INFO: [ action_begin ] --END-- [ RunTime:0.000620s ]
NOTIC: [8] Undefined index: MID /var/www/html/blog/Application/Admin/Controller/PostController.class.php 第 39 行.
NOTIC: [8] Undefined index: MID /var/www/html/blog/Application/Admin/Controller/PostController.class.php 第 39 行.
NOTIC: [8] Undefined index: MID /var/www/html/blog/Application/Admin/Controller/PostController.class.php 第 39 行.
ERR: 模板不存在:./Application/Admin/View/Post/Index.html

[ 2016-07-19T21:57:02+08:00 ] 27.158.230.3 /index.php/Admin/Post/Index/1
INFO: [ app_init ] --START--
INFO: Run Behavior\BuildLiteBehavior [ RunTime:0.000019s ]
INFO: [ app_init ] --END-- [ RunTime:0.000163s ]
INFO: [ app_begin ] --START--
INFO: Run Behavior\ReadHtmlCacheBehavior [ RunTime:0.000132s ]
INFO: [ app_begin ] --END-- [ RunTime:0.000180s ]
INFO: [ action_begin ] --START--
INFO: Run Home\Behavior\blogInitBehavior [ RunTime:0.002083s ]
INFO: [ action_begin ] --END-- [ RunTime:0.002135s ]
NOTIC: [8] Undefined index: MID /var/www/html/blog/Application/Admin/Controller/PostController.class.php 第 39 行.
NOTIC: [8] Undefined index: MID /var/www/html/blog/Application/Admin/Controller/PostController.class.php 第 39 行.
NOTIC: [8] Undefined index: MID /var/www/html/blog/Application/Admin/Controller/PostController.class.php 第 39 行.
ERR: 模板不存在:./Application/Admin/View/Post/Index.html

[ 2016-07-19T21:58:01+08:00 ] 27.158.230.3 /index.php/Admin/Post/index
INFO: [ app_init ] --START--
INFO: Run Behavior\BuildLiteBehavior [ RunTime:0.000021s ]
INFO: [ app_init ] --END-- [ RunTime:0.000169s ]
INFO: [ app_begin ] --START--
INFO: Run Behavior\ReadHtmlCacheBehavior [ RunTime:0.000127s ]
INFO: [ app_begin ] --END-- [ RunTime:0.000172s ]
INFO: [ action_begin ] --START--
INFO: Run Home\Behavior\blogInitBehavior [ RunTime:0.001991s ]
INFO: [ action_begin ] --END-- [ RunTime:0.002038s ]
NOTIC: [8] Undefined index: MID /var/www/html/blog/Application/Admin/Controller/PostController.class.php 第 39 行.
NOTIC: [8] Undefined index: MID /var/www/html/blog/Application/Admin/Controller/PostController.class.php 第 39 行.
NOTIC: [8] Undefined index: MID /var/www/html/blog/Application/Admin/Controller/PostController.class.php 第 39 行.
INFO: [ view_parse ] --START--
INFO: [ template_filter ] --START--
INFO: Run Behavior\ContentReplaceBehavior [ RunTime:0.000041s ]
INFO: [ template_filter ] --END-- [ RunTime:0.000091s ]
NOTIC: [8] Undefined index: date /var/www/html/blog/Application/Runtime/Cache/Admin/0ec0784cf2921352a5df5686e3bdf073.php 第 128 行.
NOTIC: [8] Undefined index: date /var/www/html/blog/Application/Runtime/Cache/Admin/0ec0784cf2921352a5df5686e3bdf073.php 第 128 行.
NOTIC: [8] Undefined index: date /var/www/html/blog/Application/Runtime/Cache/Admin/0ec0784cf2921352a5df5686e3bdf073.php 第 128 行.
INFO: Run Behavior\ParseTemplateBehavior [ RunTime:0.005788s ]
INFO: [ view_parse ] --END-- [ RunTime:0.005827s ]
INFO: [ view_filter ] --START--
INFO: Run Behavior\WriteHtmlCacheBehavior [ RunTime:0.000104s ]
INFO: [ view_filter ] --END-- [ RunTime:0.000133s ]
INFO: [ app_end ] --START--
INFO: Run Behavior\ShowPageTraceBehavior [ RunTime:0.000180s ]
INFO: [ app_end ] --END-- [ RunTime:0.000249s ]

[ 2016-07-19T21:58:04+08:00 ] 27.158.230.3 /index.php/Admin/Post/index/1
INFO: [ app_init ] --START--
INFO: Run Behavior\BuildLiteBehavior [ RunTime:0.000013s ]
INFO: [ app_init ] --END-- [ RunTime:0.000099s ]
INFO: [ app_begin ] --START--
INFO: Run Behavior\ReadHtmlCacheBehavior [ RunTime:0.000094s ]
INFO: [ app_begin ] --END-- [ RunTime:0.000128s ]
INFO: [ action_begin ] --START--
INFO: Run Home\Behavior\blogInitBehavior [ RunTime:0.000583s ]
INFO: [ action_begin ] --END-- [ RunTime:0.000622s ]
NOTIC: [8] Undefined index: MID /var/www/html/blog/Application/Admin/Controller/PostController.class.php 第 39 行.
NOTIC: [8] Undefined index: MID /var/www/html/blog/Application/Admin/Controller/PostController.class.php 第 39 行.
NOTIC: [8] Undefined index: MID /var/www/html/blog/Application/Admin/Controller/PostController.class.php 第 39 行.
INFO: [ view_parse ] --START--
INFO: [ template_filter ] --START--
INFO: Run Behavior\ContentReplaceBehavior [ RunTime:0.000033s ]
INFO: [ template_filter ] --END-- [ RunTime:0.000071s ]
NOTIC: [8] Undefined index: date /var/www/html/blog/Application/Runtime/Cache/Admin/0ec0784cf2921352a5df5686e3bdf073.php 第 128 行.
NOTIC: [8] Undefined index: date /var/www/html/blog/Application/Runtime/Cache/Admin/0ec0784cf2921352a5df5686e3bdf073.php 第 128 行.
NOTIC: [8] Undefined index: date /var/www/html/blog/Application/Runtime/Cache/Admin/0ec0784cf2921352a5df5686e3bdf073.php 第 128 行.
INFO: Run Behavior\ParseTemplateBehavior [ RunTime:0.004926s ]
INFO: [ view_parse ] --END-- [ RunTime:0.004959s ]
INFO: [ view_filter ] --START--
INFO: Run Behavior\WriteHtmlCacheBehavior [ RunTime:0.000095s ]
INFO: [ view_filter ] --END-- [ RunTime:0.000123s ]
INFO: [ app_end ] --START--
INFO: Run Behavior\ShowPageTraceBehavior [ RunTime:0.000094s ]
INFO: [ app_end ] --END-- [ RunTime:0.000125s ]

[ 2016-07-19T22:08:37+08:00 ] 27.158.230.3 /index.php/Admin/Post/index/1
INFO: [ app_init ] --START--
INFO: Run Behavior\BuildLiteBehavior [ RunTime:0.000019s ]
INFO: [ app_init ] --END-- [ RunTime:0.000152s ]
INFO: [ app_begin ] --START--
INFO: Run Behavior\ReadHtmlCacheBehavior [ RunTime:0.000119s ]
INFO: [ app_begin ] --END-- [ RunTime:0.000160s ]
INFO: [ action_begin ] --START--
INFO: Run Home\Behavior\blogInitBehavior [ RunTime:0.002001s ]
INFO: [ action_begin ] --END-- [ RunTime:0.002045s ]
NOTIC: [8] Undefined variable: MID /var/www/html/blog/Application/Admin/Controller/PostController.class.php 第 32 行.

[ 2016-07-19T22:08:37+08:00 ] 27.158.230.3 /index.php/Admin/Post/index.html
INFO: [ app_init ] --START--
INFO: Run Behavior\BuildLiteBehavior [ RunTime:0.000018s ]
INFO: [ app_init ] --END-- [ RunTime:0.000134s ]
INFO: [ app_begin ] --START--
INFO: Run Behavior\ReadHtmlCacheBehavior [ RunTime:0.000159s ]
INFO: [ app_begin ] --END-- [ RunTime:0.000201s ]
INFO: [ action_begin ] --START--
INFO: Run Home\Behavior\blogInitBehavior [ RunTime:0.001900s ]
INFO: [ action_begin ] --END-- [ RunTime:0.001943s ]
NOTIC: [8] Undefined index: MID /var/www/html/blog/Application/Admin/Controller/PostController.class.php 第 51 行.
NOTIC: [8] Undefined index: MID /var/www/html/blog/Application/Admin/Controller/PostController.class.php 第 51 行.
NOTIC: [8] Undefined index: MID /var/www/html/blog/Application/Admin/Controller/PostController.class.php 第 51 行.
INFO: [ view_parse ] --START--
INFO: [ template_filter ] --START--
INFO: Run Behavior\ContentReplaceBehavior [ RunTime:0.000049s ]
INFO: [ template_filter ] --END-- [ RunTime:0.000110s ]
NOTIC: [8] Undefined index: date /var/www/html/blog/Application/Runtime/Cache/Admin/0ec0784cf2921352a5df5686e3bdf073.php 第 128 行.
NOTIC: [8] Undefined index: date /var/www/html/blog/Application/Runtime/Cache/Admin/0ec0784cf2921352a5df5686e3bdf073.php 第 128 行.
NOTIC: [8] Undefined index: date /var/www/html/blog/Application/Runtime/Cache/Admin/0ec0784cf2921352a5df5686e3bdf073.php 第 128 行.
INFO: Run Behavior\ParseTemplateBehavior [ RunTime:0.006433s ]
INFO: [ view_parse ] --END-- [ RunTime:0.006471s ]
INFO: [ view_filter ] --START--
INFO: Run Behavior\WriteHtmlCacheBehavior [ RunTime:0.000158s ]
INFO: [ view_filter ] --END-- [ RunTime:0.000202s ]
INFO: [ app_end ] --START--
INFO: Run Behavior\ShowPageTraceBehavior [ RunTime:0.000113s ]
INFO: [ app_end ] --END-- [ RunTime:0.000153s ]

[ 2016-07-19T22:08:44+08:00 ] 27.158.230.3 /index.php/Admin/Post/index/1
INFO: [ app_init ] --START--
INFO: Run Behavior\BuildLiteBehavior [ RunTime:0.000019s ]
INFO: [ app_init ] --END-- [ RunTime:0.000153s ]
INFO: [ app_begin ] --START--
INFO: Run Behavior\ReadHtmlCacheBehavior [ RunTime:0.000120s ]
INFO: [ app_begin ] --END-- [ RunTime:0.000161s ]
INFO: [ action_begin ] --START--
INFO: Run Home\Behavior\blogInitBehavior [ RunTime:0.001956s ]
INFO: [ action_begin ] --END-- [ RunTime:0.002002s ]
NOTIC: [8] Undefined variable: MID /var/www/html/blog/Application/Admin/Controller/PostController.class.php 第 32 行.

[ 2016-07-19T22:08:44+08:00 ] 27.158.230.3 /index.php/Admin/Post/index.html
INFO: [ app_init ] --START--
INFO: Run Behavior\BuildLiteBehavior [ RunTime:0.000009s ]
INFO: [ app_init ] --END-- [ RunTime:0.000062s ]
INFO: [ app_begin ] --START--
INFO: Run Behavior\ReadHtmlCacheBehavior [ RunTime:0.000079s ]
INFO: [ app_begin ] --END-- [ RunTime:0.000112s ]
INFO: [ action_begin ] --START--
INFO: Run Home\Behavior\blogInitBehavior [ RunTime:0.000445s ]
INFO: [ action_begin ] --END-- [ RunTime:0.000483s ]
NOTIC: [8] Undefined index: MID /var/www/html/blog/Application/Admin/Controller/PostController.class.php 第 51 行.
NOTIC: [8] Undefined index: MID /var/www/html/blog/Application/Admin/Controller/PostController.class.php 第 51 行.
NOTIC: [8] Undefined index: MID /var/www/html/blog/Application/Admin/Controller/PostController.class.php 第 51 行.
INFO: [ view_parse ] --START--
INFO: [ template_filter ] --START--
INFO: Run Behavior\ContentReplaceBehavior [ RunTime:0.000034s ]
INFO: [ template_filter ] --END-- [ RunTime:0.000072s ]
NOTIC: [8] Undefined index: date /var/www/html/blog/Application/Runtime/Cache/Admin/0ec0784cf2921352a5df5686e3bdf073.php 第 128 行.
NOTIC: [8] Undefined index: date /var/www/html/blog/Application/Runtime/Cache/Admin/0ec0784cf2921352a5df5686e3bdf073.php 第 128 行.
NOTIC: [8] Undefined index: date /var/www/html/blog/Application/Runtime/Cache/Admin/0ec0784cf2921352a5df5686e3bdf073.php 第 128 行.
INFO: Run Behavior\ParseTemplateBehavior [ RunTime:0.005539s ]
INFO: [ view_parse ] --END-- [ RunTime:0.005578s ]
INFO: [ view_filter ] --START--
INFO: Run Behavior\WriteHtmlCacheBehavior [ RunTime:0.000138s ]
INFO: [ view_filter ] --END-- [ RunTime:0.000195s ]
INFO: [ app_end ] --START--
INFO: Run Behavior\ShowPageTraceBehavior [ RunTime:0.000105s ]
INFO: [ app_end ] --END-- [ RunTime:0.000137s ]

[ 2016-07-19T22:10:03+08:00 ] 27.158.230.3 /index.php/Admin/Post/index.html
INFO: [ app_init ] --START--
INFO: Run Behavior\BuildLiteBehavior [ RunTime:0.000018s ]
INFO: [ app_init ] --END-- [ RunTime:0.000158s ]
INFO: [ app_begin ] --START--
INFO: Run Behavior\ReadHtmlCacheBehavior [ RunTime:0.000123s ]
INFO: [ app_begin ] --END-- [ RunTime:0.000167s ]
INFO: [ action_begin ] --START--
INFO: Run Home\Behavior\blogInitBehavior [ RunTime:0.002083s ]
INFO: [ action_begin ] --END-- [ RunTime:0.002154s ]
NOTIC: [8] Undefined index: MID /var/www/html/blog/Application/Admin/Controller/PostController.class.php 第 52 行.
NOTIC: [8] Undefined index: MID /var/www/html/blog/Application/Admin/Controller/PostController.class.php 第 52 行.
NOTIC: [8] Undefined index: MID /var/www/html/blog/Application/Admin/Controller/PostController.class.php 第 52 行.
INFO: [ view_parse ] --START--
INFO: [ template_filter ] --START--
INFO: Run Behavior\ContentReplaceBehavior [ RunTime:0.000039s ]
INFO: [ template_filter ] --END-- [ RunTime:0.000080s ]
NOTIC: [8] Undefined index: date /var/www/html/blog/Application/Runtime/Cache/Admin/0ec0784cf2921352a5df5686e3bdf073.php 第 128 行.
NOTIC: [8] Undefined index: date /var/www/html/blog/Application/Runtime/Cache/Admin/0ec0784cf2921352a5df5686e3bdf073.php 第 128 行.
NOTIC: [8] Undefined index: date /var/www/html/blog/Application/Runtime/Cache/Admin/0ec0784cf2921352a5df5686e3bdf073.php 第 128 行.
INFO: Run Behavior\ParseTemplateBehavior [ RunTime:0.005546s ]
INFO: [ view_parse ] --END-- [ RunTime:0.005582s ]
INFO: [ view_filter ] --START--
INFO: Run Behavior\WriteHtmlCacheBehavior [ RunTime:0.000100s ]
INFO: [ view_filter ] --END-- [ RunTime:0.000129s ]
INFO: [ app_end ] --START--
INFO: Run Behavior\ShowPageTraceBehavior [ RunTime:0.000105s ]
INFO: [ app_end ] --END-- [ RunTime:0.000137s ]

[ 2016-07-19T22:10:04+08:00 ] 27.158.230.3 /index.php/Admin/Post/index/1
INFO: [ app_init ] --START--
INFO: Run Behavior\BuildLiteBehavior [ RunTime:0.000018s ]
INFO: [ app_init ] --END-- [ RunTime:0.000151s ]
INFO: [ app_begin ] --START--
INFO: Run Behavior\ReadHtmlCacheBehavior [ RunTime:0.000253s ]
INFO: [ app_begin ] --END-- [ RunTime:0.000338s ]
INFO: [ action_begin ] --START--
INFO: Run Home\Behavior\blogInitBehavior [ RunTime:0.002688s ]
INFO: [ action_begin ] --END-- [ RunTime:0.002741s ]
NOTIC: [8] Undefined variable: MID /var/www/html/blog/Application/Admin/Controller/PostController.class.php 第 32 行.
NOTIC: [8] Undefined variable: MID /var/www/html/blog/Application/Admin/Controller/PostController.class.php 第 35 行.
INFO: [ app_end ] --START--
INFO: Run Behavior\ShowPageTraceBehavior [ RunTime:0.000117s ]
INFO: [ app_end ] --END-- [ RunTime:0.000151s ]

[ 2016-07-19T22:10:37+08:00 ] 27.158.230.3 /index.php/Admin/Post/index/1
INFO: [ app_init ] --START--
INFO: Run Behavior\BuildLiteBehavior [ RunTime:0.000024s ]
INFO: [ app_init ] --END-- [ RunTime:0.000197s ]
INFO: [ app_begin ] --START--
INFO: Run Behavior\ReadHtmlCacheBehavior [ RunTime:0.000136s ]
INFO: [ app_begin ] --END-- [ RunTime:0.000181s ]
INFO: [ action_begin ] --START--
INFO: Run Home\Behavior\blogInitBehavior [ RunTime:0.001908s ]
INFO: [ action_begin ] --END-- [ RunTime:0.001956s ]

[ 2016-07-19T22:11:04+08:00 ] 27.158.230.3 /index.php/Admin/Post/index/1
INFO: [ app_init ] --START--
INFO: Run Behavior\BuildLiteBehavior [ RunTime:0.000019s ]
INFO: [ app_init ] --END-- [ RunTime:0.000158s ]
INFO: [ app_begin ] --START--
INFO: Run Behavior\ReadHtmlCacheBehavior [ RunTime:0.000126s ]
INFO: [ app_begin ] --END-- [ RunTime:0.000171s ]
INFO: [ action_begin ] --START--
INFO: Run Home\Behavior\blogInitBehavior [ RunTime:0.001922s ]
INFO: [ action_begin ] --END-- [ RunTime:0.001967s ]
INFO: [ app_end ] --START--
INFO: Run Behavior\ShowPageTraceBehavior [ RunTime:0.000114s ]
INFO: [ app_end ] --END-- [ RunTime:0.000156s ]

[ 2016-07-19T22:11:31+08:00 ] 27.158.230.3 /index.php/Admin/Post/index/1
INFO: [ app_init ] --START--
INFO: Run Behavior\BuildLiteBehavior [ RunTime:0.000019s ]
INFO: [ app_init ] --END-- [ RunTime:0.000158s ]
INFO: [ app_begin ] --START--
INFO: Run Behavior\ReadHtmlCacheBehavior [ RunTime:0.000125s ]
INFO: [ app_begin ] --END-- [ RunTime:0.000169s ]
INFO: [ action_begin ] --START--
INFO: Run Home\Behavior\blogInitBehavior [ RunTime:0.002044s ]
INFO: [ action_begin ] --END-- [ RunTime:0.002111s ]

[ 2016-07-19T22:12:06+08:00 ] 27.158.230.3 /index.php/Admin/Post/index/1
INFO: [ app_init ] --START--
INFO: Run Behavior\BuildLiteBehavior [ RunTime:0.000019s ]
INFO: [ app_init ] --END-- [ RunTime:0.000157s ]
INFO: [ app_begin ] --START--
INFO: Run Behavior\ReadHtmlCacheBehavior [ RunTime:0.000123s ]
INFO: [ app_begin ] --END-- [ RunTime:0.000168s ]
INFO: [ action_begin ] --START--
INFO: Run Home\Behavior\blogInitBehavior [ RunTime:0.001926s ]
INFO: [ action_begin ] --END-- [ RunTime:0.001971s ]
INFO: [ app_end ] --START--
INFO: Run Behavior\ShowPageTraceBehavior [ RunTime:0.000114s ]
INFO: [ app_end ] --END-- [ RunTime:0.000152s ]

[ 2016-07-19T22:13:14+08:00 ] 27.158.230.3 /index.php/Admin/Post/index/1
INFO: [ app_init ] --START--
INFO: Run Behavior\BuildLiteBehavior [ RunTime:0.000019s ]
INFO: [ app_init ] --END-- [ RunTime:0.000185s ]
INFO: [ app_begin ] --START--
INFO: Run Behavior\ReadHtmlCacheBehavior [ RunTime:0.000187s ]
INFO: [ app_begin ] --END-- [ RunTime:0.000254s ]
INFO: [ action_begin ] --START--
INFO: Run Home\Behavior\blogInitBehavior [ RunTime:0.001958s ]
INFO: [ action_begin ] --END-- [ RunTime:0.002002s ]
INFO: [ app_end ] --START--
INFO: Run Behavior\ShowPageTraceBehavior [ RunTime:0.000115s ]
INFO: [ app_end ] --END-- [ RunTime:0.000152s ]

[ 2016-07-19T22:13:43+08:00 ] 27.158.230.3 /index.php/Admin/Post/index/1
INFO: [ app_init ] --START--
INFO: Run Behavior\BuildLiteBehavior [ RunTime:0.000019s ]
INFO: [ app_init ] --END-- [ RunTime:0.000158s ]
INFO: [ app_begin ] --START--
INFO: Run Behavior\ReadHtmlCacheBehavior [ RunTime:0.000125s ]
INFO: [ app_begin ] --END-- [ RunTime:0.000168s ]
INFO: [ action_begin ] --START--
INFO: Run Home\Behavior\blogInitBehavior [ RunTime:0.001908s ]
INFO: [ action_begin ] --END-- [ RunTime:0.001952s ]

[ 2016-07-19T22:14:40+08:00 ] 27.158.230.3 /index.php/Admin/Post/index/1
INFO: [ app_init ] --START--
INFO: Run Behavior\BuildLiteBehavior [ RunTime:0.000025s ]
INFO: [ app_init ] --END-- [ RunTime:0.000215s ]
INFO: [ app_begin ] --START--
INFO: Run Behavior\ReadHtmlCacheBehavior [ RunTime:0.000129s ]
INFO: [ app_begin ] --END-- [ RunTime:0.000174s ]
INFO: [ action_begin ] --START--
INFO: Run Home\Behavior\blogInitBehavior [ RunTime:0.002133s ]
INFO: [ action_begin ] --END-- [ RunTime:0.002177s ]
INFO: [ app_end ] --START--
INFO: Run Behavior\ShowPageTraceBehavior [ RunTime:0.000116s ]
INFO: [ app_end ] --END-- [ RunTime:0.000155s ]

[ 2016-07-19T22:18:15+08:00 ] 27.158.230.3 /index.php/Admin/Post/index/1
INFO: [ app_init ] --START--
INFO: Run Behavior\BuildLiteBehavior [ RunTime:0.000022s ]
INFO: [ app_init ] --END-- [ RunTime:0.000171s ]
INFO: [ app_begin ] --START--
INFO: Run Behavior\ReadHtmlCacheBehavior [ RunTime:0.000128s ]
INFO: [ app_begin ] --END-- [ RunTime:0.000173s ]
INFO: [ action_begin ] --START--
INFO: Run Home\Behavior\blogInitBehavior [ RunTime:0.002062s ]
INFO: [ action_begin ] --END-- [ RunTime:0.002133s ]
INFO: [ app_end ] --START--
INFO: Run Behavior\ShowPageTraceBehavior [ RunTime:0.000121s ]
INFO: [ app_end ] --END-- [ RunTime:0.000161s ]

[ 2016-07-19T22:18:23+08:00 ] 27.158.230.3 /index.php/Admin/Post/index/1
INFO: [ app_init ] --START--
INFO: Run Behavior\BuildLiteBehavior [ RunTime:0.000019s ]
INFO: [ app_init ] --END-- [ RunTime:0.000157s ]
INFO: [ app_begin ] --START--
INFO: Run Behavior\ReadHtmlCacheBehavior [ RunTime:0.000123s ]
INFO: [ app_begin ] --END-- [ RunTime:0.000169s ]
INFO: [ action_begin ] --START--
INFO: Run Home\Behavior\blogInitBehavior [ RunTime:0.001953s ]
INFO: [ action_begin ] --END-- [ RunTime:0.001997s ]
NOTIC: [8] Undefined index: MID /var/www/html/blog/Application/Admin/Controller/PostController.class.php 第 52 行.
INFO: [ view_parse ] --START--
INFO: [ template_filter ] --START--
INFO: Run Behavior\ContentReplaceBehavior [ RunTime:0.000039s ]
INFO: [ template_filter ] --END-- [ RunTime:0.000078s ]
NOTIC: [8] Undefined index: date /var/www/html/blog/Application/Runtime/Cache/Admin/0ec0784cf2921352a5df5686e3bdf073.php 第 128 行.
INFO: Run Behavior\ParseTemplateBehavior [ RunTime:0.005335s ]
INFO: [ view_parse ] --END-- [ RunTime:0.005370s ]
INFO: [ view_filter ] --START--
INFO: Run Behavior\WriteHtmlCacheBehavior [ RunTime:0.000099s ]
INFO: [ view_filter ] --END-- [ RunTime:0.000127s ]
INFO: [ app_end ] --START--
INFO: Run Behavior\ShowPageTraceBehavior [ RunTime:0.000105s ]
INFO: [ app_end ] --END-- [ RunTime:0.000138s ]

[ 2016-07-19T22:21:20+08:00 ] 27.158.230.3 /index.php/Admin/Post/index/1
INFO: [ app_init ] --START--
INFO: Run Behavior\BuildLiteBehavior [ RunTime:0.000025s ]
INFO: [ app_init ] --END-- [ RunTime:0.000220s ]
INFO: [ app_begin ] --START--
INFO: Run Behavior\ReadHtmlCacheBehavior [ RunTime:0.000136s ]
INFO: [ app_begin ] --END-- [ RunTime:0.000184s ]
INFO: [ action_begin ] --START--
INFO: Run Home\Behavior\blogInitBehavior [ RunTime:0.001948s ]
INFO: [ action_begin ] --END-- [ RunTime:0.001990s ]
NOTIC: [8] Undefined index: MID /var/www/html/blog/Application/Admin/Controller/PostController.class.php 第 52 行.
INFO: [ view_parse ] --START--
INFO: [ template_filter ] --START--
INFO: Run Behavior\ContentReplaceBehavior [ RunTime:0.000037s ]
INFO: [ template_filter ] --END-- [ RunTime:0.000074s ]
NOTIC: [8] Undefined index: date /var/www/html/blog/Application/Runtime/Cache/Admin/0ec0784cf2921352a5df5686e3bdf073.php 第 131 行.
INFO: Run Behavior\ParseTemplateBehavior [ RunTime:0.005868s ]
INFO: [ view_parse ] --END-- [ RunTime:0.005906s ]
INFO: [ view_filter ] --START--
INFO: Run Behavior\WriteHtmlCacheBehavior [ RunTime:0.000099s ]
INFO: [ view_filter ] --END-- [ RunTime:0.000128s ]
INFO: [ app_end ] --START--
INFO: Run Behavior\ShowPageTraceBehavior [ RunTime:0.000105s ]
INFO: [ app_end ] --END-- [ RunTime:0.000137s ]

[ 2016-07-19T22:21:23+08:00 ] 27.158.230.3 /index.php/Admin/Post/index
INFO: [ app_init ] --START--
INFO: Run Behavior\BuildLiteBehavior [ RunTime:0.000018s ]
INFO: [ app_init ] --END-- [ RunTime:0.000148s ]
INFO: [ app_begin ] --START--
INFO: Run Behavior\ReadHtmlCacheBehavior [ RunTime:0.000126s ]
INFO: [ app_begin ] --END-- [ RunTime:0.000163s ]
INFO: [ action_begin ] --START--
INFO: Run Home\Behavior\blogInitBehavior [ RunTime:0.002009s ]
INFO: [ action_begin ] --END-- [ RunTime:0.002050s ]
NOTIC: [8] Undefined index: MID /var/www/html/blog/Application/Admin/Controller/PostController.class.php 第 52 行.
NOTIC: [8] Undefined index: MID /var/www/html/blog/Application/Admin/Controller/PostController.class.php 第 52 行.
NOTIC: [8] Undefined index: MID /var/www/html/blog/Application/Admin/Controller/PostController.class.php 第 52 行.
INFO: [ view_parse ] --START--
INFO: [ template_filter ] --START--
INFO: Run Behavior\ContentReplaceBehavior [ RunTime:0.000036s ]
INFO: [ template_filter ] --END-- [ RunTime:0.000075s ]
NOTIC: [8] Undefined variable: meta /var/www/html/blog/Application/Runtime/Cache/Admin/0ec0784cf2921352a5df5686e3bdf073.php 第 106 行.
NOTIC: [8] Undefined index: date /var/www/html/blog/Application/Runtime/Cache/Admin/0ec0784cf2921352a5df5686e3bdf073.php 第 131 行.
NOTIC: [8] Undefined index: date /var/www/html/blog/Application/Runtime/Cache/Admin/0ec0784cf2921352a5df5686e3bdf073.php 第 131 行.
NOTIC: [8] Undefined index: date /var/www/html/blog/Application/Runtime/Cache/Admin/0ec0784cf2921352a5df5686e3bdf073.php 第 131 行.
INFO: Run Behavior\ParseTemplateBehavior [ RunTime:0.006393s ]
INFO: [ view_parse ] --END-- [ RunTime:0.006432s ]
INFO: [ view_filter ] --START--
INFO: Run Behavior\WriteHtmlCacheBehavior [ RunTime:0.000101s ]
INFO: [ view_filter ] --END-- [ RunTime:0.000130s ]
INFO: [ app_end ] --START--
INFO: Run Behavior\ShowPageTraceBehavior [ RunTime:0.000107s ]
INFO: [ app_end ] --END-- [ RunTime:0.000139s ]

[ 2016-07-19T22:21:25+08:00 ] 27.158.230.3 /index.php/Admin/Post/index/5
INFO: [ app_init ] --START--
INFO: Run Behavior\BuildLiteBehavior [ RunTime:0.000014s ]
INFO: [ app_init ] --END-- [ RunTime:0.000087s ]
INFO: [ app_begin ] --START--
INFO: Run Behavior\ReadHtmlCacheBehavior [ RunTime:0.000081s ]
INFO: [ app_begin ] --END-- [ RunTime:0.000115s ]
INFO: [ action_begin ] --START--
INFO: Run Home\Behavior\blogInitBehavior [ RunTime:0.000572s ]
INFO: [ action_begin ] --END-- [ RunTime:0.000610s ]
NOTIC: [8] Undefined index: MID /var/www/html/blog/Application/Admin/Controller/PostController.class.php 第 52 行.
NOTIC: [8] Undefined index: MID /var/www/html/blog/Application/Admin/Controller/PostController.class.php 第 52 行.
INFO: [ view_parse ] --START--
INFO: [ template_filter ] --START--
INFO: Run Behavior\ContentReplaceBehavior [ RunTime:0.000034s ]
INFO: [ template_filter ] --END-- [ RunTime:0.000072s ]
NOTIC: [8] Undefined index: date /var/www/html/blog/Application/Runtime/Cache/Admin/0ec0784cf2921352a5df5686e3bdf073.php 第 131 行.
NOTIC: [8] Undefined index: date /var/www/html/blog/Application/Runtime/Cache/Admin/0ec0784cf2921352a5df5686e3bdf073.php 第 131 行.
INFO: Run Behavior\ParseTemplateBehavior [ RunTime:0.005336s ]
INFO: [ view_parse ] --END-- [ RunTime:0.005383s ]
INFO: [ view_filter ] --START--
INFO: Run Behavior\WriteHtmlCacheBehavior [ RunTime:0.000127s ]
INFO: [ view_filter ] --END-- [ RunTime:0.000158s ]
INFO: [ app_end ] --START--
INFO: Run Behavior\ShowPageTraceBehavior [ RunTime:0.000089s ]
INFO: [ app_end ] --END-- [ RunTime:0.000121s ]

[ 2016-07-19T22:21:30+08:00 ] 27.158.230.3 /index.php/Admin/Post/edit/3
INFO: [ app_init ] --START--
INFO: Run Behavior\BuildLiteBehavior [ RunTime:0.000019s ]
INFO: [ app_init ] --END-- [ RunTime:0.000154s ]
INFO: [ app_begin ] --START--
INFO: Run Behavior\ReadHtmlCacheBehavior [ RunTime:0.000127s ]
INFO: [ app_begin ] --END-- [ RunTime:0.000171s ]
INFO: [ action_begin ] --START--
INFO: Run Home\Behavior\blogInitBehavior [ RunTime:0.002058s ]
INFO: [ action_begin ] --END-- [ RunTime:0.002135s ]
INFO: [ view_parse ] --START--
INFO: [ template_filter ] --START--
INFO: Run Behavior\ContentReplaceBehavior [ RunTime:0.000063s ]
INFO: [ template_filter ] --END-- [ RunTime:0.000111s ]
NOTIC: [8] Undefined variable: rank /var/www/html/blog/Application/Runtime/Cache/Admin/ad0aa96141d1532f0b2315bf5ded154d.php 第 118 行.
INFO: Run Behavior\ParseTemplateBehavior [ RunTime:0.006221s ]
INFO: [ view_parse ] --END-- [ RunTime:0.006260s ]
INFO: [ view_filter ] --START--
INFO: Run Behavior\WriteHtmlCacheBehavior [ RunTime:0.000105s ]
INFO: [ view_filter ] --END-- [ RunTime:0.000134s ]
INFO: [ app_end ] --START--
INFO: Run Behavior\ShowPageTraceBehavior [ RunTime:0.000105s ]
INFO: [ app_end ] --END-- [ RunTime:0.000138s ]

[ 2016-07-19T22:21:36+08:00 ] 27.158.230.3 /index.php/Admin/Index
INFO: [ app_init ] --START--
INFO: Run Behavior\BuildLiteBehavior [ RunTime:0.000022s ]
INFO: [ app_init ] --END-- [ RunTime:0.000171s ]
INFO: [ app_begin ] --START--
INFO: Run Behavior\ReadHtmlCacheBehavior [ RunTime:0.000160s ]
INFO: [ app_begin ] --END-- [ RunTime:0.000203s ]
INFO: [ action_begin ] --START--
INFO: Run Home\Behavior\blogInitBehavior [ RunTime:0.002099s ]
INFO: [ action_begin ] --END-- [ RunTime:0.002174s ]
INFO: [ view_parse ] --START--
INFO: [ template_filter ] --START--
INFO: Run Behavior\ContentReplaceBehavior [ RunTime:0.000049s ]
INFO: [ template_filter ] --END-- [ RunTime:0.000170s ]
INFO: Run Behavior\ParseTemplateBehavior [ RunTime:0.004247s ]
INFO: [ view_parse ] --END-- [ RunTime:0.004296s ]
INFO: [ view_filter ] --START--
INFO: Run Behavior\WriteHtmlCacheBehavior [ RunTime:0.000100s ]
INFO: [ view_filter ] --END-- [ RunTime:0.000128s ]
INFO: [ app_end ] --START--
INFO: Run Behavior\ShowPageTraceBehavior [ RunTime:0.000111s ]
INFO: [ app_end ] --END-- [ RunTime:0.000154s ]

[ 2016-07-19T22:21:38+08:00 ] 27.158.230.3 /index.php/Admin/Post/index
INFO: [ app_init ] --START--
INFO: Run Behavior\BuildLiteBehavior [ RunTime:0.000013s ]
INFO: [ app_init ] --END-- [ RunTime:0.000084s ]
INFO: [ app_begin ] --START--
INFO: Run Behavior\ReadHtmlCacheBehavior [ RunTime:0.000082s ]
INFO: [ app_begin ] --END-- [ RunTime:0.000116s ]
INFO: [ action_begin ] --START--
INFO: Run Home\Behavior\blogInitBehavior [ RunTime:0.000628s ]
INFO: [ action_begin ] --END-- [ RunTime:0.000666s ]
NOTIC: [8] Undefined index: MID /var/www/html/blog/Application/Admin/Controller/PostController.class.php 第 52 行.
NOTIC: [8] Undefined index: MID /var/www/html/blog/Application/Admin/Controller/PostController.class.php 第 52 行.
NOTIC: [8] Undefined index: MID /var/www/html/blog/Application/Admin/Controller/PostController.class.php 第 52 行.
INFO: [ view_parse ] --START--
INFO: [ template_filter ] --START--
INFO: Run Behavior\ContentReplaceBehavior [ RunTime:0.000033s ]
INFO: [ template_filter ] --END-- [ RunTime:0.000072s ]
NOTIC: [8] Undefined variable: meta /var/www/html/blog/Application/Runtime/Cache/Admin/0ec0784cf2921352a5df5686e3bdf073.php 第 106 行.
NOTIC: [8] Undefined index: date /var/www/html/blog/Application/Runtime/Cache/Admin/0ec0784cf2921352a5df5686e3bdf073.php 第 131 行.
NOTIC: [8] Undefined index: date /var/www/html/blog/Application/Runtime/Cache/Admin/0ec0784cf2921352a5df5686e3bdf073.php 第 131 行.
NOTIC: [8] Undefined index: date /var/www/html/blog/Application/Runtime/Cache/Admin/0ec0784cf2921352a5df5686e3bdf073.php 第 131 行.
INFO: Run Behavior\ParseTemplateBehavior [ RunTime:0.005581s ]
INFO: [ view_parse ] --END-- [ RunTime:0.005615s ]
INFO: [ view_filter ] --START--
INFO: Run Behavior\WriteHtmlCacheBehavior [ RunTime:0.000083s ]
INFO: [ view_filter ] --END-- [ RunTime:0.000111s ]
INFO: [ app_end ] --START--
INFO: Run Behavior\ShowPageTraceBehavior [ RunTime:0.000081s ]
INFO: [ app_end ] --END-- [ RunTime:0.000111s ]

[ 2016-07-19T22:22:25+08:00 ] 27.158.230.3 /index.php/Admin/Post/index/6
INFO: [ app_init ] --START--
INFO: Run Behavior\BuildLiteBehavior [ RunTime:0.000025s ]
INFO: [ app_init ] --END-- [ RunTime:0.000189s ]
INFO: [ app_begin ] --START--
INFO: Run Behavior\ReadHtmlCacheBehavior [ RunTime:0.000124s ]
INFO: [ app_begin ] --END-- [ RunTime:0.000165s ]
INFO: [ action_begin ] --START--
INFO: Run Home\Behavior\blogInitBehavior [ RunTime:0.002047s ]
INFO: [ action_begin ] --END-- [ RunTime:0.002094s ]
NOTIC: [8] Undefined index: MID /var/www/html/blog/Application/Admin/Controller/PostController.class.php 第 52 行.
INFO: [ view_parse ] --START--
INFO: [ template_filter ] --START--
INFO: Run Behavior\ContentReplaceBehavior [ RunTime:0.000036s ]
INFO: [ template_filter ] --END-- [ RunTime:0.000074s ]
NOTIC: [8] Undefined index: date /var/www/html/blog/Application/Runtime/Cache/Admin/0ec0784cf2921352a5df5686e3bdf073.php 第 131 行.
INFO: Run Behavior\ParseTemplateBehavior [ RunTime:0.005868s ]
INFO: [ view_parse ] --END-- [ RunTime:0.005908s ]
INFO: [ view_filter ] --START--
INFO: Run Behavior\WriteHtmlCacheBehavior [ RunTime:0.000100s ]
INFO: [ view_filter ] --END-- [ RunTime:0.000129s ]
INFO: [ app_end ] --START--
INFO: Run Behavior\ShowPageTraceBehavior [ RunTime:0.000105s ]
INFO: [ app_end ] --END-- [ RunTime:0.000141s ]

[ 2016-07-19T22:22:26+08:00 ] 27.158.230.3 /index.php/Admin/Post/index/5
INFO: [ app_init ] --START--
INFO: Run Behavior\BuildLiteBehavior [ RunTime:0.000014s ]
INFO: [ app_init ] --END-- [ RunTime:0.000087s ]
INFO: [ app_begin ] --START--
INFO: Run Behavior\ReadHtmlCacheBehavior [ RunTime:0.000082s ]
INFO: [ app_begin ] --END-- [ RunTime:0.000117s ]
INFO: [ action_begin ] --START--
INFO: Run Home\Behavior\blogInitBehavior [ RunTime:0.000591s ]
INFO: [ action_begin ] --END-- [ RunTime:0.000630s ]
NOTIC: [8] Undefined index: MID /var/www/html/blog/Application/Admin/Controller/PostController.class.php 第 52 行.
NOTIC: [8] Undefined index: MID /var/www/html/blog/Application/Admin/Controller/PostController.class.php 第 52 行.
INFO: [ view_parse ] --START--
INFO: [ template_filter ] --START--
INFO: Run Behavior\ContentReplaceBehavior [ RunTime:0.000090s ]
INFO: [ template_filter ] --END-- [ RunTime:0.000132s ]
NOTIC: [8] Undefined index: date /var/www/html/blog/Application/Runtime/Cache/Admin/0ec0784cf2921352a5df5686e3bdf073.php 第 131 行.
NOTIC: [8] Undefined index: date /var/www/html/blog/Application/Runtime/Cache/Admin/0ec0784cf2921352a5df5686e3bdf073.php 第 131 行.
INFO: Run Behavior\ParseTemplateBehavior [ RunTime:0.005430s ]
INFO: [ view_parse ] --END-- [ RunTime:0.005464s ]
INFO: [ view_filter ] --START--
INFO: Run Behavior\WriteHtmlCacheBehavior [ RunTime:0.000084s ]
INFO: [ view_filter ] --END-- [ RunTime:0.000114s ]
INFO: [ app_end ] --START--
INFO: Run Behavior\ShowPageTraceBehavior [ RunTime:0.000083s ]
INFO: [ app_end ] --END-- [ RunTime:0.000113s ]

[ 2016-07-19T22:22:28+08:00 ] 27.158.230.3 /index.php/Admin/Post/index/5
INFO: [ app_init ] --START--
INFO: Run Behavior\BuildLiteBehavior [ RunTime:0.000013s ]
INFO: [ app_init ] --END-- [ RunTime:0.000099s ]
INFO: [ app_begin ] --START--
INFO: Run Behavior\ReadHtmlCacheBehavior [ RunTime:0.000121s ]
INFO: [ app_begin ] --END-- [ RunTime:0.000169s ]
INFO: [ action_begin ] --START--
INFO: Run Home\Behavior\blogInitBehavior [ RunTime:0.000589s ]
INFO: [ action_begin ] --END-- [ RunTime:0.000628s ]
NOTIC: [8] Undefined index: MID /var/www/html/blog/Application/Admin/Controller/PostController.class.php 第 52 行.
NOTIC: [8] Undefined index: MID /var/www/html/blog/Application/Admin/Controller/PostController.class.php 第 52 行.
INFO: [ view_parse ] --START--
INFO: [ template_filter ] --START--
INFO: Run Behavior\ContentReplaceBehavior [ RunTime:0.000036s ]
INFO: [ template_filter ] --END-- [ RunTime:0.000075s ]
NOTIC: [8] Undefined index: date /var/www/html/blog/Application/Runtime/Cache/Admin/0ec0784cf2921352a5df5686e3bdf073.php 第 131 行.
NOTIC: [8] Undefined index: date /var/www/html/blog/Application/Runtime/Cache/Admin/0ec0784cf2921352a5df5686e3bdf073.php 第 131 行.
INFO: Run Behavior\ParseTemplateBehavior [ RunTime:0.005136s ]
INFO: [ view_parse ] --END-- [ RunTime:0.005173s ]
INFO: [ view_filter ] --START--
INFO: Run Behavior\WriteHtmlCacheBehavior [ RunTime:0.000099s ]
INFO: [ view_filter ] --END-- [ RunTime:0.000132s ]
INFO: [ app_end ] --START--
INFO: Run Behavior\ShowPageTraceBehavior [ RunTime:0.000094s ]
INFO: [ app_end ] --END-- [ RunTime:0.000124s ]

[ 2016-07-19T22:22:30+08:00 ] 27.158.230.3 /index.php/Admin/Post/index
INFO: [ app_init ] --START--
INFO: Run Behavior\BuildLiteBehavior [ RunTime:0.000014s ]
INFO: [ app_init ] --END-- [ RunTime:0.000088s ]
INFO: [ app_begin ] --START--
INFO: Run Behavior\ReadHtmlCacheBehavior [ RunTime:0.000095s ]
INFO: [ app_begin ] --END-- [ RunTime:0.000131s ]
INFO: [ action_begin ] --START--
INFO: Run Home\Behavior\blogInitBehavior [ RunTime:0.000592s ]
INFO: [ action_begin ] --END-- [ RunTime:0.000631s ]
NOTIC: [8] Undefined index: MID /var/www/html/blog/Application/Admin/Controller/PostController.class.php 第 52 行.
NOTIC: [8] Undefined index: MID /var/www/html/blog/Application/Admin/Controller/PostController.class.php 第 52 行.
NOTIC: [8] Undefined index: MID /var/www/html/blog/Application/Admin/Controller/PostController.class.php 第 52 行.
INFO: [ view_parse ] --START--
INFO: [ template_filter ] --START--
INFO: Run Behavior\ContentReplaceBehavior [ RunTime:0.000033s ]
INFO: [ template_filter ] --END-- [ RunTime:0.000070s ]
NOTIC: [8] Undefined variable: meta /var/www/html/blog/Application/Runtime/Cache/Admin/0ec0784cf2921352a5df5686e3bdf073.php 第 106 行.
NOTIC: [8] Undefined index: date /var/www/html/blog/Application/Runtime/Cache/Admin/0ec0784cf2921352a5df5686e3bdf073.php 第 131 行.
NOTIC: [8] Undefined index: date /var/www/html/blog/Application/Runtime/Cache/Admin/0ec0784cf2921352a5df5686e3bdf073.php 第 131 行.
NOTIC: [8] Undefined index: date /var/www/html/blog/Application/Runtime/Cache/Admin/0ec0784cf2921352a5df5686e3bdf073.php 第 131 行.
INFO: Run Behavior\ParseTemplateBehavior [ RunTime:0.005168s ]
INFO: [ view_parse ] --END-- [ RunTime:0.005202s ]
INFO: [ view_filter ] --START--
INFO: Run Behavior\WriteHtmlCacheBehavior [ RunTime:0.000083s ]
INFO: [ view_filter ] --END-- [ RunTime:0.000111s ]
INFO: [ app_end ] --START--
INFO: Run Behavior\ShowPageTraceBehavior [ RunTime:0.000083s ]
INFO: [ app_end ] --END-- [ RunTime:0.000113s ]

[ 2016-07-19T22:23:56+08:00 ] 27.158.230.3 /index.php/Admin/Post/edit/2
INFO: [ app_init ] --START--
INFO: Run Behavior\BuildLiteBehavior [ RunTime:0.000022s ]
INFO: [ app_init ] --END-- [ RunTime:0.000236s ]
INFO: [ app_begin ] --START--
INFO: Run Behavior\ReadHtmlCacheBehavior [ RunTime:0.000120s ]
INFO: [ app_begin ] --END-- [ RunTime:0.000161s ]
INFO: [ action_begin ] --START--
INFO: Run Home\Behavior\blogInitBehavior [ RunTime:0.002104s ]
INFO: [ action_begin ] --END-- [ RunTime:0.002152s ]
INFO: [ view_parse ] --START--
INFO: [ template_filter ] --START--
INFO: Run Behavior\ContentReplaceBehavior [ RunTime:0.000052s ]
INFO: [ template_filter ] --END-- [ RunTime:0.000102s ]
NOTIC: [8] Undefined variable: rank /var/www/html/blog/Application/Runtime/Cache/Admin/ad0aa96141d1532f0b2315bf5ded154d.php 第 118 行.
INFO: Run Behavior\ParseTemplateBehavior [ RunTime:0.006459s ]
INFO: [ view_parse ] --END-- [ RunTime:0.006509s ]
INFO: [ view_filter ] --START--
INFO: Run Behavior\WriteHtmlCacheBehavior [ RunTime:0.000120s ]
INFO: [ view_filter ] --END-- [ RunTime:0.000152s ]
INFO: [ app_end ] --START--
INFO: Run Behavior\ShowPageTraceBehavior [ RunTime:0.000109s ]
INFO: [ app_end ] --END-- [ RunTime:0.000142s ]

[ 2016-07-19T22:26:31+08:00 ] 27.158.230.3 /index.php/Admin/Post/edit/2
INFO: [ app_init ] --START--
INFO: Run Behavior\BuildLiteBehavior [ RunTime:0.000026s ]
INFO: [ app_init ] --END-- [ RunTime:0.000204s ]
INFO: [ app_begin ] --START--
INFO: Run Behavior\ReadHtmlCacheBehavior [ RunTime:0.000126s ]
INFO: [ app_begin ] --END-- [ RunTime:0.000176s ]
INFO: [ action_begin ] --START--
INFO: Run Home\Behavior\blogInitBehavior [ RunTime:0.001988s ]
INFO: [ action_begin ] --END-- [ RunTime:0.002028s ]
INFO: [ view_parse ] --START--
INFO: [ template_filter ] --START--
INFO: Run Behavior\ContentReplaceBehavior [ RunTime:0.000054s ]
INFO: [ template_filter ] --END-- [ RunTime:0.000114s ]
NOTIC: [8] Undefined variable: rank /var/www/html/blog/Application/Runtime/Cache/Admin/ad0aa96141d1532f0b2315bf5ded154d.php 第 118 行.
INFO: Run Behavior\ParseTemplateBehavior [ RunTime:0.006398s ]
INFO: [ view_parse ] --END-- [ RunTime:0.006438s ]
INFO: [ view_filter ] --START--
INFO: Run Behavior\WriteHtmlCacheBehavior [ RunTime:0.000103s ]
INFO: [ view_filter ] --END-- [ RunTime:0.000133s ]
INFO: [ app_end ] --START--
INFO: Run Behavior\ShowPageTraceBehavior [ RunTime:0.000110s ]
INFO: [ app_end ] --END-- [ RunTime:0.000194s ]

